生成启动时间为 2015/4/2 12:43:32。
     1>项目“E:\学习\USC\Books\MyBooks\520 Computer Animation and Simulation_Homework\HW2\XiaotingBi_HW2\fltk-1.3.2\ide\VisualC2010\fltkimages.vcxproj”在节点 4 上(build 个目标)。
     1>InitializeBuildStatus:
         正在创建“.\fltkimages_debug\fltkimages.unsuccessfulbuild”，因为已指定“AlwaysCreate”。
       ClCompile:
         D:\Program Files (x86)\Microsoft Visual Studio 10.0\VC\bin\CL.exe /c /I. /I..\..\zlib /I..\..\png /I..\..\jpeg /I../.. /Zi /nologo /W1 /WX- /Od /Oy- /D _CRT_SECURE_NO_DEPRECATE /D FL_LIBRARY /D WIN32 /D _DEBUG /D _WINDOWS /D WIN32_LEAN_AND_MEAN /D VC_EXTRA_LEAN /D WIN32_EXTRA_LEAN /D _VC80_UPGRADE=0x0710 /Gm- /EHsc /MDd /GS /fp:precise /Zc:wchar_t /Zc:forScope /Fo".\fltkimages_debug\\" /Fd".\fltkimages_debug\vc100.pdb" /FR".\fltkimages_debug\\" /Gd /TP /analyze- /errorReport:prompt ..\..\src\Fl_BMP_Image.cxx ..\..\src\Fl_File_Icon2.cxx ..\..\src\Fl_GIF_Image.cxx ..\..\src\Fl_Help_Dialog.cxx ..\..\src\fl_images_core.cxx ..\..\src\Fl_JPEG_Image.cxx ..\..\src\Fl_PNG_Image.cxx ..\..\src\Fl_PNM_Image.cxx
         Fl_BMP_Image.cxx
         Fl_File_Icon2.cxx
         Fl_GIF_Image.cxx
         Fl_Help_Dialog.cxx
         fl_images_core.cxx
         Fl_JPEG_Image.cxx
         Fl_PNG_Image.cxx
         Fl_PNM_Image.cxx
         正在生成代码...
       Lib:
         D:\Program Files (x86)\Microsoft Visual Studio 10.0\VC\bin\Lib.exe /OUT:"..\..\lib\fltkimagesd.lib" /NOLOGO .\fltkimages_debug\Fl_BMP_Image.obj
         .\fltkimages_debug\Fl_File_Icon2.obj
         .\fltkimages_debug\Fl_GIF_Image.obj
         .\fltkimages_debug\Fl_Help_Dialog.obj
         .\fltkimages_debug\fl_images_core.obj
         .\fltkimages_debug\Fl_JPEG_Image.obj
         .\fltkimages_debug\Fl_PNG_Image.obj
         .\fltkimages_debug\Fl_PNM_Image.obj
         fltkimages.vcxproj -> E:\学习\USC\Books\MyBooks\520 Computer Animation and Simulation_Homework\HW2\XiaotingBi_HW2\fltk-1.3.2\ide\VisualC2010\..\..\lib\fltkimagesd.lib
       BscMake:
         D:\Program Files (x86)\Microsoft Visual Studio 10.0\VC\bin\bscmake.exe /nologo /o"..\..\lib\fltkimagesd.bsc" .\fltkimages_debug\Fl_BMP_Image.sbr .\fltkimages_debug\Fl_File_Icon2.sbr .\fltkimages_debug\Fl_GIF_Image.sbr .\fltkimages_debug\Fl_Help_Dialog.sbr .\fltkimages_debug\fl_images_core.sbr .\fltkimages_debug\Fl_JPEG_Image.sbr .\fltkimages_debug\Fl_PNG_Image.sbr .\fltkimages_debug\Fl_PNM_Image.sbr
       FinalizeBuildStatus:
         正在删除文件“.\fltkimages_debug\fltkimages.unsuccessfulbuild”。
         正在对“.\fltkimages_debug\fltkimages.lastbuildstate”执行 Touch 任务。
     1>已完成生成项目“E:\学习\USC\Books\MyBooks\520 Computer Animation and Simulation_Homework\HW2\XiaotingBi_HW2\fltk-1.3.2\ide\VisualC2010\fltkimages.vcxproj”(build 个目标)的操作。

生成成功。

已用时间 00:00:31.81
