..\..\lib\fltkimagesd.bsc
E:\学习\USC\BOOKS\MYBOOKS\520 COMPUTER ANIMATION AND SIMULATION_HOMEWORK\HW2\CSCI520-ASSIGNMENT2-STARTERCODE\FLTK-1.3.2\IDE\VISUALC2010\FLTKIMAGES_DEBUG\FL_BMP_IMAGE.OBJ
E:\学习\USC\BOOKS\MYBOOKS\520 COMPUTER ANIMATION AND SIMULATION_HOMEWORK\HW2\CSCI520-ASSIGNMENT2-STARTERCODE\FLTK-1.3.2\IDE\VISUALC2010\FLTKIMAGES_DEBUG\FL_BMP_IMAGE.SBR
E:\学习\USC\BOOKS\MYBOOKS\520 COMPUTER ANIMATION AND SIMULATION_HOMEWORK\HW2\CSCI520-ASSIGNMENT2-STARTERCODE\FLTK-1.3.2\IDE\VISUALC2010\FLTKIMAGES_DEBUG\FL_FILE_ICON2.OBJ
E:\学习\USC\BOOKS\MYBOOKS\520 COMPUTER ANIMATION AND SIMULATION_HOMEWORK\HW2\CSCI520-ASSIGNMENT2-STARTERCODE\FLTK-1.3.2\IDE\VISUALC2010\FLTKIMAGES_DEBUG\FL_FILE_ICON2.SBR
E:\学习\USC\BOOKS\MYBOOKS\520 COMPUTER ANIMATION AND SIMULATION_HOMEWORK\HW2\CSCI520-ASSIGNMENT2-STARTERCODE\FLTK-1.3.2\IDE\VISUALC2010\FLTKIMAGES_DEBUG\FL_GIF_IMAGE.OBJ
E:\学习\USC\BOOKS\MYBOOKS\520 COMPUTER ANIMATION AND SIMULATION_HOMEWORK\HW2\CSCI520-ASSIGNMENT2-STARTERCODE\FLTK-1.3.2\IDE\VISUALC2010\FLTKIMAGES_DEBUG\FL_GIF_IMAGE.SBR
E:\学习\USC\BOOKS\MYBOOKS\520 COMPUTER ANIMATION AND SIMULATION_HOMEWORK\HW2\CSCI520-ASSIGNMENT2-STARTERCODE\FLTK-1.3.2\IDE\VISUALC2010\FLTKIMAGES_DEBUG\FL_HELP_DIALOG.OBJ
E:\学习\USC\BOOKS\MYBOOKS\520 COMPUTER ANIMATION AND SIMULATION_HOMEWORK\HW2\CSCI520-ASSIGNMENT2-STARTERCODE\FLTK-1.3.2\IDE\VISUALC2010\FLTKIMAGES_DEBUG\FL_HELP_DIALOG.SBR
E:\学习\USC\BOOKS\MYBOOKS\520 COMPUTER ANIMATION AND SIMULATION_HOMEWORK\HW2\CSCI520-ASSIGNMENT2-STARTERCODE\FLTK-1.3.2\IDE\VISUALC2010\FLTKIMAGES_DEBUG\FL_IMAGES_CORE.OBJ
E:\学习\USC\BOOKS\MYBOOKS\520 COMPUTER ANIMATION AND SIMULATION_HOMEWORK\HW2\CSCI520-ASSIGNMENT2-STARTERCODE\FLTK-1.3.2\IDE\VISUALC2010\FLTKIMAGES_DEBUG\FL_IMAGES_CORE.SBR
E:\学习\USC\BOOKS\MYBOOKS\520 COMPUTER ANIMATION AND SIMULATION_HOMEWORK\HW2\CSCI520-ASSIGNMENT2-STARTERCODE\FLTK-1.3.2\IDE\VISUALC2010\FLTKIMAGES_DEBUG\FL_JPEG_IMAGE.OBJ
E:\学习\USC\BOOKS\MYBOOKS\520 COMPUTER ANIMATION AND SIMULATION_HOMEWORK\HW2\CSCI520-ASSIGNMENT2-STARTERCODE\FLTK-1.3.2\IDE\VISUALC2010\FLTKIMAGES_DEBUG\FL_JPEG_IMAGE.SBR
E:\学习\USC\BOOKS\MYBOOKS\520 COMPUTER ANIMATION AND SIMULATION_HOMEWORK\HW2\CSCI520-ASSIGNMENT2-STARTERCODE\FLTK-1.3.2\IDE\VISUALC2010\FLTKIMAGES_DEBUG\FL_PNG_IMAGE.OBJ
E:\学习\USC\BOOKS\MYBOOKS\520 COMPUTER ANIMATION AND SIMULATION_HOMEWORK\HW2\CSCI520-ASSIGNMENT2-STARTERCODE\FLTK-1.3.2\IDE\VISUALC2010\FLTKIMAGES_DEBUG\FL_PNG_IMAGE.SBR
E:\学习\USC\BOOKS\MYBOOKS\520 COMPUTER ANIMATION AND SIMULATION_HOMEWORK\HW2\CSCI520-ASSIGNMENT2-STARTERCODE\FLTK-1.3.2\IDE\VISUALC2010\FLTKIMAGES_DEBUG\FL_PNM_IMAGE.OBJ
E:\学习\USC\BOOKS\MYBOOKS\520 COMPUTER ANIMATION AND SIMULATION_HOMEWORK\HW2\CSCI520-ASSIGNMENT2-STARTERCODE\FLTK-1.3.2\IDE\VISUALC2010\FLTKIMAGES_DEBUG\FL_PNM_IMAGE.SBR
E:\学习\USC\BOOKS\MYBOOKS\520 COMPUTER ANIMATION AND SIMULATION_HOMEWORK\HW2\CSCI520-ASSIGNMENT2-STARTERCODE\FLTK-1.3.2\IDE\VISUALC2010\FLTKIMAGES_DEBUG\VC100.PDB
E:\学习\USC\BOOKS\MYBOOKS\520 COMPUTER ANIMATION AND SIMULATION_HOMEWORK\HW2\CSCI520-ASSIGNMENT2-STARTERCODE\FLTK-1.3.2\LIB\FLTKIMAGESD.BSC
E:\学习\USC\BOOKS\MYBOOKS\520 COMPUTER ANIMATION AND SIMULATION_HOMEWORK\HW2\CSCI520-ASSIGNMENT2-STARTERCODE\FLTK-1.3.2\LIB\FLTKIMAGESD.LIB
E:\学习\USC\Books\MyBooks\520 Computer Animation and Simulation_Homework\HW2\XiaotingBi_HW2\fltk-1.3.2\ide\VisualC2010\..\..\lib\fltkimagesd.lib
E:\学习\USC\Books\MyBooks\520 Computer Animation and Simulation_Homework\HW2\XiaotingBi_HW2\fltk-1.3.2\ide\VisualC2010\fltkimages_debug\BscMake.command.1.tlog
E:\学习\USC\Books\MyBooks\520 Computer Animation and Simulation_Homework\HW2\XiaotingBi_HW2\fltk-1.3.2\ide\VisualC2010\fltkimages_debug\bscmake.read.1.tlog
E:\学习\USC\Books\MyBooks\520 Computer Animation and Simulation_Homework\HW2\XiaotingBi_HW2\fltk-1.3.2\ide\VisualC2010\fltkimages_debug\bscmake.write.1.tlog
E:\学习\USC\Books\MyBooks\520 Computer Animation and Simulation_Homework\HW2\XiaotingBi_HW2\fltk-1.3.2\ide\VisualC2010\fltkimages_debug\cl.command.1.tlog
E:\学习\USC\Books\MyBooks\520 Computer Animation and Simulation_Homework\HW2\XiaotingBi_HW2\fltk-1.3.2\ide\VisualC2010\fltkimages_debug\CL.read.1.tlog
E:\学习\USC\Books\MyBooks\520 Computer Animation and Simulation_Homework\HW2\XiaotingBi_HW2\fltk-1.3.2\ide\VisualC2010\fltkimages_debug\CL.write.1.tlog
E:\学习\USC\Books\MyBooks\520 Computer Animation and Simulation_Homework\HW2\XiaotingBi_HW2\fltk-1.3.2\ide\VisualC2010\fltkimages_debug\fltkimages.vcxprojResolveAssemblyReference.cache
E:\学习\USC\Books\MyBooks\520 Computer Animation and Simulation_Homework\HW2\XiaotingBi_HW2\fltk-1.3.2\ide\VisualC2010\fltkimages_debug\fltkimages.write.1.tlog
E:\学习\USC\Books\MyBooks\520 Computer Animation and Simulation_Homework\HW2\XiaotingBi_HW2\fltk-1.3.2\ide\VisualC2010\fltkimages_debug\lib.command.1.tlog
E:\学习\USC\Books\MyBooks\520 Computer Animation and Simulation_Homework\HW2\XiaotingBi_HW2\fltk-1.3.2\ide\VisualC2010\fltkimages_debug\Lib-link.read.1.tlog
E:\学习\USC\Books\MyBooks\520 Computer Animation and Simulation_Homework\HW2\XiaotingBi_HW2\fltk-1.3.2\ide\VisualC2010\fltkimages_debug\Lib-link.write.1.tlog
