E:\学习\USC\BOOKS\MYBOOKS\520 COMPUTER ANIMATION AND SIMULATION_HOMEWORK\HW2\XIAOTINGBI_HW2\IDE-STARTER\VS2010\DEBUG\MOCAPPLAYER.EXE
E:\学习\USC\BOOKS\MYBOOKS\520 COMPUTER ANIMATION AND SIMULATION_HOMEWORK\HW2\XIAOTINGBI_HW2\IDE-STARTER\VS2010\DEBUG\MOCAPPLAYER.ILK
E:\学习\USC\BOOKS\MYBOOKS\520 COMPUTER ANIMATION AND SIMULATION_HOMEWORK\HW2\XIAOTINGBI_HW2\IDE-STARTER\VS2010\DEBUG\MOCAPPLAYER.PDB
E:\学习\USC\Books\MyBooks\520 Computer Animation and Simulation_Homework\HW2\XiaotingBi_HW2\IDE-starter\VS2010\mocapPlayer\Debug\cl.command.1.tlog
E:\学习\USC\Books\MyBooks\520 Computer Animation and Simulation_Homework\HW2\XiaotingBi_HW2\IDE-starter\VS2010\mocapPlayer\Debug\CL.read.1.tlog
E:\学习\USC\Books\MyBooks\520 Computer Animation and Simulation_Homework\HW2\XiaotingBi_HW2\IDE-starter\VS2010\mocapPlayer\Debug\CL.write.1.tlog
E:\学习\USC\BOOKS\MYBOOKS\520 COMPUTER ANIMATION AND SIMULATION_HOMEWORK\HW2\XIAOTINGBI_HW2\IDE-STARTER\VS2010\MOCAPPLAYER\DEBUG\DISPLAYSKELETON.OBJ
E:\学习\USC\BOOKS\MYBOOKS\520 COMPUTER ANIMATION AND SIMULATION_HOMEWORK\HW2\XIAOTINGBI_HW2\IDE-STARTER\VS2010\MOCAPPLAYER\DEBUG\INTERFACE.OBJ
E:\学习\USC\Books\MyBooks\520 Computer Animation and Simulation_Homework\HW2\XiaotingBi_HW2\IDE-starter\VS2010\mocapPlayer\Debug\link.8252.read.1.tlog
E:\学习\USC\Books\MyBooks\520 Computer Animation and Simulation_Homework\HW2\XiaotingBi_HW2\IDE-starter\VS2010\mocapPlayer\Debug\link.8252.write.1.tlog
E:\学习\USC\Books\MyBooks\520 Computer Animation and Simulation_Homework\HW2\XiaotingBi_HW2\IDE-starter\VS2010\mocapPlayer\Debug\link.8252-cvtres.read.1.tlog
E:\学习\USC\Books\MyBooks\520 Computer Animation and Simulation_Homework\HW2\XiaotingBi_HW2\IDE-starter\VS2010\mocapPlayer\Debug\link.8252-cvtres.write.1.tlog
E:\学习\USC\Books\MyBooks\520 Computer Animation and Simulation_Homework\HW2\XiaotingBi_HW2\IDE-starter\VS2010\mocapPlayer\Debug\link.9064.read.1.tlog
E:\学习\USC\Books\MyBooks\520 Computer Animation and Simulation_Homework\HW2\XiaotingBi_HW2\IDE-starter\VS2010\mocapPlayer\Debug\link.9064.read.2.tlog
E:\学习\USC\Books\MyBooks\520 Computer Animation and Simulation_Homework\HW2\XiaotingBi_HW2\IDE-starter\VS2010\mocapPlayer\Debug\link.9064.write.1.tlog
E:\学习\USC\Books\MyBooks\520 Computer Animation and Simulation_Homework\HW2\XiaotingBi_HW2\IDE-starter\VS2010\mocapPlayer\Debug\link.9064-cvtres.read.1.tlog
E:\学习\USC\Books\MyBooks\520 Computer Animation and Simulation_Homework\HW2\XiaotingBi_HW2\IDE-starter\VS2010\mocapPlayer\Debug\link.9064-cvtres.write.1.tlog
E:\学习\USC\Books\MyBooks\520 Computer Animation and Simulation_Homework\HW2\XiaotingBi_HW2\IDE-starter\VS2010\mocapPlayer\Debug\link.command.1.tlog
E:\学习\USC\Books\MyBooks\520 Computer Animation and Simulation_Homework\HW2\XiaotingBi_HW2\IDE-starter\VS2010\mocapPlayer\Debug\link.read.1.tlog
E:\学习\USC\Books\MyBooks\520 Computer Animation and Simulation_Homework\HW2\XiaotingBi_HW2\IDE-starter\VS2010\mocapPlayer\Debug\link.read.2.tlog
E:\学习\USC\Books\MyBooks\520 Computer Animation and Simulation_Homework\HW2\XiaotingBi_HW2\IDE-starter\VS2010\mocapPlayer\Debug\link.write.1.tlog
E:\学习\USC\Books\MyBooks\520 Computer Animation and Simulation_Homework\HW2\XiaotingBi_HW2\IDE-starter\VS2010\mocapPlayer\Debug\link-cvtres.read.1.tlog
E:\学习\USC\Books\MyBooks\520 Computer Animation and Simulation_Homework\HW2\XiaotingBi_HW2\IDE-starter\VS2010\mocapPlayer\Debug\link-cvtres.write.1.tlog
E:\学习\USC\BOOKS\MYBOOKS\520 COMPUTER ANIMATION AND SIMULATION_HOMEWORK\HW2\XIAOTINGBI_HW2\IDE-STARTER\VS2010\MOCAPPLAYER\DEBUG\MOCAPPLAYER.EXE.EMBED.MANIFEST
E:\学习\USC\BOOKS\MYBOOKS\520 COMPUTER ANIMATION AND SIMULATION_HOMEWORK\HW2\XIAOTINGBI_HW2\IDE-STARTER\VS2010\MOCAPPLAYER\DEBUG\MOCAPPLAYER.EXE.EMBED.MANIFEST.RES
E:\学习\USC\BOOKS\MYBOOKS\520 COMPUTER ANIMATION AND SIMULATION_HOMEWORK\HW2\XIAOTINGBI_HW2\IDE-STARTER\VS2010\MOCAPPLAYER\DEBUG\MOCAPPLAYER.EXE.INTERMEDIATE.MANIFEST
E:\学习\USC\BOOKS\MYBOOKS\520 COMPUTER ANIMATION AND SIMULATION_HOMEWORK\HW2\XIAOTINGBI_HW2\IDE-STARTER\VS2010\MOCAPPLAYER\DEBUG\MOCAPPLAYER.OBJ
E:\学习\USC\Books\MyBooks\520 Computer Animation and Simulation_Homework\HW2\XiaotingBi_HW2\IDE-starter\VS2010\mocapPlayer\Debug\mocapPlayer.vcxprojResolveAssemblyReference.cache
E:\学习\USC\Books\MyBooks\520 Computer Animation and Simulation_Homework\HW2\XiaotingBi_HW2\IDE-starter\VS2010\mocapPlayer\Debug\mocapPlayer.write.1.tlog
E:\学习\USC\Books\MyBooks\520 Computer Animation and Simulation_Homework\HW2\XiaotingBi_HW2\IDE-starter\VS2010\mocapPlayer\Debug\mocapPlayer_manifest.rc
E:\学习\USC\BOOKS\MYBOOKS\520 COMPUTER ANIMATION AND SIMULATION_HOMEWORK\HW2\XIAOTINGBI_HW2\IDE-STARTER\VS2010\MOCAPPLAYER\DEBUG\MOTION.OBJ
E:\学习\USC\Books\MyBooks\520 Computer Animation and Simulation_Homework\HW2\XiaotingBi_HW2\IDE-starter\VS2010\mocapPlayer\Debug\mt.command.1.tlog
E:\学习\USC\Books\MyBooks\520 Computer Animation and Simulation_Homework\HW2\XiaotingBi_HW2\IDE-starter\VS2010\mocapPlayer\Debug\mt.read.1.tlog
E:\学习\USC\Books\MyBooks\520 Computer Animation and Simulation_Homework\HW2\XiaotingBi_HW2\IDE-starter\VS2010\mocapPlayer\Debug\mt.write.1.tlog
E:\学习\USC\BOOKS\MYBOOKS\520 COMPUTER ANIMATION AND SIMULATION_HOMEWORK\HW2\XIAOTINGBI_HW2\IDE-STARTER\VS2010\MOCAPPLAYER\DEBUG\PERFORMANCECOUNTER.OBJ
E:\学习\USC\BOOKS\MYBOOKS\520 COMPUTER ANIMATION AND SIMULATION_HOMEWORK\HW2\XIAOTINGBI_HW2\IDE-STARTER\VS2010\MOCAPPLAYER\DEBUG\PIC.OBJ
E:\学习\USC\BOOKS\MYBOOKS\520 COMPUTER ANIMATION AND SIMULATION_HOMEWORK\HW2\XIAOTINGBI_HW2\IDE-STARTER\VS2010\MOCAPPLAYER\DEBUG\POSTURE.OBJ
E:\学习\USC\BOOKS\MYBOOKS\520 COMPUTER ANIMATION AND SIMULATION_HOMEWORK\HW2\XIAOTINGBI_HW2\IDE-STARTER\VS2010\MOCAPPLAYER\DEBUG\PPM.OBJ
E:\学习\USC\BOOKS\MYBOOKS\520 COMPUTER ANIMATION AND SIMULATION_HOMEWORK\HW2\XIAOTINGBI_HW2\IDE-STARTER\VS2010\MOCAPPLAYER\DEBUG\QUATERNION.OBJ
E:\学习\USC\Books\MyBooks\520 Computer Animation and Simulation_Homework\HW2\XiaotingBi_HW2\IDE-starter\VS2010\mocapPlayer\Debug\rc.command.1.tlog
E:\学习\USC\Books\MyBooks\520 Computer Animation and Simulation_Homework\HW2\XiaotingBi_HW2\IDE-starter\VS2010\mocapPlayer\Debug\rc.read.1.tlog
E:\学习\USC\Books\MyBooks\520 Computer Animation and Simulation_Homework\HW2\XiaotingBi_HW2\IDE-starter\VS2010\mocapPlayer\Debug\rc.write.1.tlog
E:\学习\USC\BOOKS\MYBOOKS\520 COMPUTER ANIMATION AND SIMULATION_HOMEWORK\HW2\XIAOTINGBI_HW2\IDE-STARTER\VS2010\MOCAPPLAYER\DEBUG\SKELETON.OBJ
E:\学习\USC\BOOKS\MYBOOKS\520 COMPUTER ANIMATION AND SIMULATION_HOMEWORK\HW2\XIAOTINGBI_HW2\IDE-STARTER\VS2010\MOCAPPLAYER\DEBUG\TRANSFORM.OBJ
E:\学习\USC\Books\MyBooks\520 Computer Animation and Simulation_Homework\HW2\XiaotingBi_HW2\IDE-starter\VS2010\mocapPlayer\Debug\vc100.idb
E:\学习\USC\BOOKS\MYBOOKS\520 COMPUTER ANIMATION AND SIMULATION_HOMEWORK\HW2\XIAOTINGBI_HW2\IDE-STARTER\VS2010\MOCAPPLAYER\DEBUG\VC100.PDB
E:\学习\USC\BOOKS\MYBOOKS\520 COMPUTER ANIMATION AND SIMULATION_HOMEWORK\HW2\XIAOTINGBI_HW2\IDE-STARTER\VS2010\MOCAPPLAYER\DEBUG\VECTOR.OBJ
