生成启动时间为 2015/4/2 12:51:47。
     1>项目“E:\学习\USC\Books\MyBooks\520 Computer Animation and Simulation_Homework\HW2\XiaotingBi_HW2\IDE-starter\VS2010\mocapPlayer\mocapPlayer.vcxproj”在节点 3 上(build 个目标)。
     1>InitializeBuildStatus:
         正在创建“Debug\mocapPlayer.unsuccessfulbuild”，因为已指定“AlwaysCreate”。
       ClCompile:
         D:\Program Files (x86)\Microsoft Visual Studio 10.0\VC\bin\CL.exe /c /ZI /nologo /W3 /WX- /Od /Oy- /D WIN32 /D _DEBUG /D _CONSOLE /D _UNICODE /D UNICODE /Gm /EHsc /RTC1 /MDd /GS /fp:precise /Zc:wchar_t /Zc:forScope /Fo"Debug\\" /Fd"Debug\vc100.pdb" /Gd /TP /analyze- /errorReport:prompt "..\..\..\mocapPlayer-starter\displaySkeleton.cpp" "..\..\..\mocapPlayer-starter\interface.cpp" "..\..\..\mocapPlayer-starter\mocapPlayer.cpp" "..\..\..\mocapPlayer-starter\motion.cpp" "..\..\..\mocapPlayer-starter\performanceCounter.cpp" "..\..\..\mocapPlayer-starter\pic.cpp" "..\..\..\mocapPlayer-starter\posture.cpp" "..\..\..\mocapPlayer-starter\ppm.cpp" "..\..\..\mocapPlayer-starter\quaternion.cpp" "..\..\..\mocapPlayer-starter\skeleton.cpp" "..\..\..\mocapPlayer-starter\transform.cpp" "..\..\..\mocapPlayer-starter\vector.cpp"
         vector.cpp
         transform.cpp
         skeleton.cpp
         quaternion.cpp
         ppm.cpp
         posture.cpp
         pic.cpp
         performanceCounter.cpp
         motion.cpp
         mocapPlayer.cpp
         interface.cpp
         displaySkeleton.cpp
         正在生成代码...
       ManifestResourceCompile:
         C:\Program Files (x86)\Microsoft SDKs\Windows\v7.0A\bin\rc.exe /nologo /fo"Debug\mocapPlayer.exe.embed.manifest.res" Debug\mocapPlayer_manifest.rc 
       Link:
         D:\Program Files (x86)\Microsoft Visual Studio 10.0\VC\bin\link.exe /ERRORREPORT:PROMPT /OUT:"E:\学习\USC\Books\MyBooks\520 Computer Animation and Simulation_Homework\HW2\XiaotingBi_HW2\IDE-starter\VS2010\Debug\mocapPlayer.exe" /INCREMENTAL /NOLOGO glu32.lib opengl32.lib comctl32.lib wsock32.lib fltkd.lib fltkgld.lib kernel32.lib user32.lib gdi32.lib winspool.lib comdlg32.lib advapi32.lib shell32.lib ole32.lib oleaut32.lib uuid.lib odbc32.lib odbccp32.lib /MANIFEST /ManifestFile:"Debug\mocapPlayer.exe.intermediate.manifest" /MANIFESTUAC:"level='asInvoker' uiAccess='false'" /DEBUG /PDB:"E:\学习\USC\Books\MyBooks\520 Computer Animation and Simulation_Homework\HW2\XiaotingBi_HW2\IDE-starter\VS2010\Debug\mocapPlayer.pdb" /SUBSYSTEM:CONSOLE /TLBID:1 /DYNAMICBASE /NXCOMPAT /IMPLIB:"E:\学习\USC\Books\MyBooks\520 Computer Animation and Simulation_Homework\HW2\XiaotingBi_HW2\IDE-starter\VS2010\Debug\mocapPlayer.lib" /MACHINE:X86 Debug\mocapPlayer.exe.embed.manifest.res
         Debug\displaySkeleton.obj
         Debug\interface.obj
         Debug\mocapPlayer.obj
         Debug\motion.obj
         Debug\performanceCounter.obj
         Debug\pic.obj
         Debug\posture.obj
         Debug\ppm.obj
         Debug\quaternion.obj
         Debug\skeleton.obj
         Debug\transform.obj
         Debug\vector.obj
       Manifest:
         C:\Program Files (x86)\Microsoft SDKs\Windows\v7.0A\bin\mt.exe /nologo /verbose /out:"Debug\mocapPlayer.exe.embed.manifest" /manifest Debug\mocapPlayer.exe.intermediate.manifest
         C:\Program Files (x86)\Microsoft SDKs\Windows\v7.0A\bin\rc.exe /nologo /fo"Debug\mocapPlayer.exe.embed.manifest.res" Debug\mocapPlayer_manifest.rc 
       LinkEmbedManifest:
         D:\Program Files (x86)\Microsoft Visual Studio 10.0\VC\bin\link.exe /ERRORREPORT:PROMPT /OUT:"E:\学习\USC\Books\MyBooks\520 Computer Animation and Simulation_Homework\HW2\XiaotingBi_HW2\IDE-starter\VS2010\Debug\mocapPlayer.exe" /INCREMENTAL /NOLOGO glu32.lib opengl32.lib comctl32.lib wsock32.lib fltkd.lib fltkgld.lib kernel32.lib user32.lib gdi32.lib winspool.lib comdlg32.lib advapi32.lib shell32.lib ole32.lib oleaut32.lib uuid.lib odbc32.lib odbccp32.lib /MANIFEST /ManifestFile:"Debug\mocapPlayer.exe.intermediate.manifest" /MANIFESTUAC:"level='asInvoker' uiAccess='false'" /DEBUG /PDB:"E:\学习\USC\Books\MyBooks\520 Computer Animation and Simulation_Homework\HW2\XiaotingBi_HW2\IDE-starter\VS2010\Debug\mocapPlayer.pdb" /SUBSYSTEM:CONSOLE /TLBID:1 /DYNAMICBASE /NXCOMPAT /IMPLIB:"E:\学习\USC\Books\MyBooks\520 Computer Animation and Simulation_Homework\HW2\XiaotingBi_HW2\IDE-starter\VS2010\Debug\mocapPlayer.lib" /MACHINE:X86 Debug\mocapPlayer.exe.embed.manifest.res
         Debug\displaySkeleton.obj
         Debug\interface.obj
         Debug\mocapPlayer.obj
         Debug\motion.obj
         Debug\performanceCounter.obj
         Debug\pic.obj
         Debug\posture.obj
         Debug\ppm.obj
         Debug\quaternion.obj
         Debug\skeleton.obj
         Debug\transform.obj
         Debug\vector.obj
         mocapPlayer.vcxproj -> E:\学习\USC\Books\MyBooks\520 Computer Animation and Simulation_Homework\HW2\XiaotingBi_HW2\IDE-starter\VS2010\Debug\mocapPlayer.exe
       FinalizeBuildStatus:
         正在删除文件“Debug\mocapPlayer.unsuccessfulbuild”。
         正在对“Debug\mocapPlayer.lastbuildstate”执行 Touch 任务。
     1>已完成生成项目“E:\学习\USC\Books\MyBooks\520 Computer Animation and Simulation_Homework\HW2\XiaotingBi_HW2\IDE-starter\VS2010\mocapPlayer\mocapPlayer.vcxproj”(build 个目标)的操作。

生成成功。

已用时间 00:00:14.03
