生成启动时间为 2015/4/2 12:46:19。
     1>项目“E:\学习\USC\Books\MyBooks\520 Computer Animation and Simulation_Homework\HW2\XiaotingBi_HW2\fltk-1.3.2\ide\VisualC2010\color_chooser.vcxproj”在节点 2 上(build 个目标)。
     1>InitializeBuildStatus:
         正在创建“.\color_chooser_debug\color_chooser.unsuccessfulbuild”，因为已指定“AlwaysCreate”。
       ClCompile:
         D:\Program Files (x86)\Microsoft Visual Studio 10.0\VC\bin\CL.exe /c /I. /I..\..\zlib /I..\..\png /I..\..\jpeg /I../.. /Zi /nologo /W1 /WX- /Od /Oy- /D _CRT_SECURE_NO_DEPRECATE /D WIN32 /D _DEBUG /D _WINDOWS /D WIN32_LEAN_AND_MEAN /D VC_EXTRA_LEAN /D WIN32_EXTRA_LEAN /D _VC80_UPGRADE=0x0710 /Gm- /EHsc /MDd /GS /fp:precise /Zc:wchar_t /Zc:forScope /Fo".\color_chooser_debug\\" /Fd".\color_chooser_debug\vc100.pdb" /Gd /TP /analyze- /errorReport:prompt ..\..\test\color_chooser.cxx
         color_chooser.cxx
       Link:
         D:\Program Files (x86)\Microsoft Visual Studio 10.0\VC\bin\link.exe /ERRORREPORT:PROMPT /OUT:"../../test/color_chooserd.exe" /INCREMENTAL:NO /NOLOGO /LIBPATH:..\..\lib fltkd.lib comctl32.lib kernel32.lib user32.lib gdi32.lib winspool.lib comdlg32.lib advapi32.lib shell32.lib ole32.lib oleaut32.lib uuid.lib odbc32.lib odbccp32.lib /NODEFAULTLIB:libcd /MANIFEST /ManifestFile:".\color_chooser_debug\color_chooserd.exe.intermediate.manifest" /MANIFESTUAC:"level='asInvoker' uiAccess='false'" /DEBUG /PDB:".\color_chooser_debug\color_chooserd.pdb" /TLBID:1 /DYNAMICBASE:NO /IMPLIB:"..\..\test\color_chooserd.lib" /MACHINE:X86 .\color_chooser_debug\color_chooser.obj
         "E:\学习\USC\Books\MyBooks\520 Computer Animation and Simulation_Homework\HW2\XiaotingBi_HW2\fltk-1.3.2\lib\fltkd.lib"
         color_chooser.vcxproj -> E:\学习\USC\Books\MyBooks\520 Computer Animation and Simulation_Homework\HW2\XiaotingBi_HW2\fltk-1.3.2\ide\VisualC2010\..\..\test\color_chooserd.exe
       Manifest:
         C:\Program Files (x86)\Microsoft SDKs\Windows\v7.0A\bin\mt.exe /nologo /verbose /outputresource:"../../test/color_chooserd.exe;#1" /manifest .\color_chooser_debug\color_chooserd.exe.intermediate.manifest
       CopyFilesToOutputDirectory:
         正在将文件从“.\color_chooser_debug\color_chooserd.pdb”复制到“..\..\test\color_chooserd.pdb”。
       FinalizeBuildStatus:
         正在删除文件“.\color_chooser_debug\color_chooser.unsuccessfulbuild”。
         正在对“.\color_chooser_debug\color_chooser.lastbuildstate”执行 Touch 任务。
     1>已完成生成项目“E:\学习\USC\Books\MyBooks\520 Computer Animation and Simulation_Homework\HW2\XiaotingBi_HW2\fltk-1.3.2\ide\VisualC2010\color_chooser.vcxproj”(build 个目标)的操作。

生成成功。

已用时间 00:00:02.06
