生成启动时间为 2015/4/2 12:51:47。
     1>项目“E:\学习\USC\Books\MyBooks\520 Computer Animation and Simulation_Homework\HW2\XiaotingBi_HW2\IDE-starter\VS2010\interpolate\interpolate.vcxproj”在节点 2 上(build 个目标)。
     1>InitializeBuildStatus:
         正在创建“Debug\interpolate.unsuccessfulbuild”，因为已指定“AlwaysCreate”。
       ClCompile:
         D:\Program Files (x86)\Microsoft Visual Studio 10.0\VC\bin\CL.exe /c /ZI /nologo /W3 /WX- /Od /Oy- /D WIN32 /D _DEBUG /D _CONSOLE /D _UNICODE /D UNICODE /Gm /EHsc /RTC1 /MDd /GS /fp:precise /Zc:wchar_t /Zc:forScope /Fo"Debug\\" /Fd"Debug\vc100.pdb" /Gd /TP /analyze- /errorReport:prompt "..\..\..\mocapPlayer-starter\interpolate.cpp" "..\..\..\mocapPlayer-starter\interpolator.cpp" "..\..\..\mocapPlayer-starter\motion.cpp" "..\..\..\mocapPlayer-starter\performanceCounter.cpp" "..\..\..\mocapPlayer-starter\posture.cpp" "..\..\..\mocapPlayer-starter\quaternion.cpp" "..\..\..\mocapPlayer-starter\skeleton.cpp" "..\..\..\mocapPlayer-starter\transform.cpp" "..\..\..\mocapPlayer-starter\vector.cpp"
         vector.cpp
         transform.cpp
         skeleton.cpp
         quaternion.cpp
         posture.cpp
         performanceCounter.cpp
         motion.cpp
         interpolator.cpp
         interpolate.cpp
         正在生成代码...
       ManifestResourceCompile:
         C:\Program Files (x86)\Microsoft SDKs\Windows\v7.0A\bin\rc.exe /nologo /fo"Debug\interpolate.exe.embed.manifest.res" Debug\interpolate_manifest.rc 
       Link:
         D:\Program Files (x86)\Microsoft Visual Studio 10.0\VC\bin\link.exe /ERRORREPORT:PROMPT /OUT:"E:\学习\USC\Books\MyBooks\520 Computer Animation and Simulation_Homework\HW2\XiaotingBi_HW2\IDE-starter\VS2010\Debug\interpolate.exe" /INCREMENTAL /NOLOGO kernel32.lib user32.lib gdi32.lib winspool.lib comdlg32.lib advapi32.lib shell32.lib ole32.lib oleaut32.lib uuid.lib odbc32.lib odbccp32.lib /MANIFEST /ManifestFile:"Debug\interpolate.exe.intermediate.manifest" /MANIFESTUAC:"level='asInvoker' uiAccess='false'" /DEBUG /PDB:"E:\学习\USC\Books\MyBooks\520 Computer Animation and Simulation_Homework\HW2\XiaotingBi_HW2\IDE-starter\VS2010\Debug\interpolate.pdb" /SUBSYSTEM:CONSOLE /TLBID:1 /DYNAMICBASE /NXCOMPAT /IMPLIB:"E:\学习\USC\Books\MyBooks\520 Computer Animation and Simulation_Homework\HW2\XiaotingBi_HW2\IDE-starter\VS2010\Debug\interpolate.lib" /MACHINE:X86 Debug\interpolate.exe.embed.manifest.res
         Debug\interpolate.obj
         Debug\interpolator.obj
         Debug\motion.obj
         Debug\performanceCounter.obj
         Debug\posture.obj
         Debug\quaternion.obj
         Debug\skeleton.obj
         Debug\transform.obj
         Debug\vector.obj
       Manifest:
         C:\Program Files (x86)\Microsoft SDKs\Windows\v7.0A\bin\mt.exe /nologo /verbose /out:"Debug\interpolate.exe.embed.manifest" /manifest Debug\interpolate.exe.intermediate.manifest
         C:\Program Files (x86)\Microsoft SDKs\Windows\v7.0A\bin\rc.exe /nologo /fo"Debug\interpolate.exe.embed.manifest.res" Debug\interpolate_manifest.rc 
       LinkEmbedManifest:
         D:\Program Files (x86)\Microsoft Visual Studio 10.0\VC\bin\link.exe /ERRORREPORT:PROMPT /OUT:"E:\学习\USC\Books\MyBooks\520 Computer Animation and Simulation_Homework\HW2\XiaotingBi_HW2\IDE-starter\VS2010\Debug\interpolate.exe" /INCREMENTAL /NOLOGO kernel32.lib user32.lib gdi32.lib winspool.lib comdlg32.lib advapi32.lib shell32.lib ole32.lib oleaut32.lib uuid.lib odbc32.lib odbccp32.lib /MANIFEST /ManifestFile:"Debug\interpolate.exe.intermediate.manifest" /MANIFESTUAC:"level='asInvoker' uiAccess='false'" /DEBUG /PDB:"E:\学习\USC\Books\MyBooks\520 Computer Animation and Simulation_Homework\HW2\XiaotingBi_HW2\IDE-starter\VS2010\Debug\interpolate.pdb" /SUBSYSTEM:CONSOLE /TLBID:1 /DYNAMICBASE /NXCOMPAT /IMPLIB:"E:\学习\USC\Books\MyBooks\520 Computer Animation and Simulation_Homework\HW2\XiaotingBi_HW2\IDE-starter\VS2010\Debug\interpolate.lib" /MACHINE:X86 Debug\interpolate.exe.embed.manifest.res
         Debug\interpolate.obj
         Debug\interpolator.obj
         Debug\motion.obj
         Debug\performanceCounter.obj
         Debug\posture.obj
         Debug\quaternion.obj
         Debug\skeleton.obj
         Debug\transform.obj
         Debug\vector.obj
         interpolate.vcxproj -> E:\学习\USC\Books\MyBooks\520 Computer Animation and Simulation_Homework\HW2\XiaotingBi_HW2\IDE-starter\VS2010\Debug\interpolate.exe
       FinalizeBuildStatus:
         正在删除文件“Debug\interpolate.unsuccessfulbuild”。
         正在对“Debug\interpolate.lastbuildstate”执行 Touch 任务。
     1>已完成生成项目“E:\学习\USC\Books\MyBooks\520 Computer Animation and Simulation_Homework\HW2\XiaotingBi_HW2\IDE-starter\VS2010\interpolate\interpolate.vcxproj”(build 个目标)的操作。

生成成功。

已用时间 00:00:13.83
