E:\学习\USC\BOOKS\MYBOOKS\520 COMPUTER ANIMATION AND SIMULATION_HOMEWORK\HW2\XIAOTINGBI_HW2\IDE-STARTER\VS2010\DEBUG\INTERPOLATE.EXE
E:\学习\USC\BOOKS\MYBOOKS\520 COMPUTER ANIMATION AND SIMULATION_HOMEWORK\HW2\XIAOTINGBI_HW2\IDE-STARTER\VS2010\DEBUG\INTERPOLATE.ILK
E:\学习\USC\BOOKS\MYBOOKS\520 COMPUTER ANIMATION AND SIMULATION_HOMEWORK\HW2\XIAOTINGBI_HW2\IDE-STARTER\VS2010\DEBUG\INTERPOLATE.PDB
E:\学习\USC\Books\MyBooks\520 Computer Animation and Simulation_Homework\HW2\XiaotingBi_HW2\IDE-starter\VS2010\interpolate\Debug\cl.command.1.tlog
E:\学习\USC\Books\MyBooks\520 Computer Animation and Simulation_Homework\HW2\XiaotingBi_HW2\IDE-starter\VS2010\interpolate\Debug\CL.read.1.tlog
E:\学习\USC\Books\MyBooks\520 Computer Animation and Simulation_Homework\HW2\XiaotingBi_HW2\IDE-starter\VS2010\interpolate\Debug\CL.write.1.tlog
E:\学习\USC\BOOKS\MYBOOKS\520 COMPUTER ANIMATION AND SIMULATION_HOMEWORK\HW2\XIAOTINGBI_HW2\IDE-STARTER\VS2010\INTERPOLATE\DEBUG\INTERPOLATE.EXE.EMBED.MANIFEST
E:\学习\USC\BOOKS\MYBOOKS\520 COMPUTER ANIMATION AND SIMULATION_HOMEWORK\HW2\XIAOTINGBI_HW2\IDE-STARTER\VS2010\INTERPOLATE\DEBUG\INTERPOLATE.EXE.EMBED.MANIFEST.RES
E:\学习\USC\BOOKS\MYBOOKS\520 COMPUTER ANIMATION AND SIMULATION_HOMEWORK\HW2\XIAOTINGBI_HW2\IDE-STARTER\VS2010\INTERPOLATE\DEBUG\INTERPOLATE.EXE.INTERMEDIATE.MANIFEST
E:\学习\USC\BOOKS\MYBOOKS\520 COMPUTER ANIMATION AND SIMULATION_HOMEWORK\HW2\XIAOTINGBI_HW2\IDE-STARTER\VS2010\INTERPOLATE\DEBUG\INTERPOLATE.OBJ
E:\学习\USC\Books\MyBooks\520 Computer Animation and Simulation_Homework\HW2\XiaotingBi_HW2\IDE-starter\VS2010\interpolate\Debug\interpolate.write.1.tlog
E:\学习\USC\Books\MyBooks\520 Computer Animation and Simulation_Homework\HW2\XiaotingBi_HW2\IDE-starter\VS2010\interpolate\Debug\interpolate_manifest.rc
E:\学习\USC\BOOKS\MYBOOKS\520 COMPUTER ANIMATION AND SIMULATION_HOMEWORK\HW2\XIAOTINGBI_HW2\IDE-STARTER\VS2010\INTERPOLATE\DEBUG\INTERPOLATOR.OBJ
E:\学习\USC\Books\MyBooks\520 Computer Animation and Simulation_Homework\HW2\XiaotingBi_HW2\IDE-starter\VS2010\interpolate\Debug\link.8128.read.1.tlog
E:\学习\USC\Books\MyBooks\520 Computer Animation and Simulation_Homework\HW2\XiaotingBi_HW2\IDE-starter\VS2010\interpolate\Debug\link.8128.write.1.tlog
E:\学习\USC\Books\MyBooks\520 Computer Animation and Simulation_Homework\HW2\XiaotingBi_HW2\IDE-starter\VS2010\interpolate\Debug\link.8128-cvtres.read.1.tlog
E:\学习\USC\Books\MyBooks\520 Computer Animation and Simulation_Homework\HW2\XiaotingBi_HW2\IDE-starter\VS2010\interpolate\Debug\link.8128-cvtres.write.1.tlog
E:\学习\USC\Books\MyBooks\520 Computer Animation and Simulation_Homework\HW2\XiaotingBi_HW2\IDE-starter\VS2010\interpolate\Debug\link.command.1.tlog
E:\学习\USC\Books\MyBooks\520 Computer Animation and Simulation_Homework\HW2\XiaotingBi_HW2\IDE-starter\VS2010\interpolate\Debug\link.read.1.tlog
E:\学习\USC\Books\MyBooks\520 Computer Animation and Simulation_Homework\HW2\XiaotingBi_HW2\IDE-starter\VS2010\interpolate\Debug\link.write.1.tlog
E:\学习\USC\Books\MyBooks\520 Computer Animation and Simulation_Homework\HW2\XiaotingBi_HW2\IDE-starter\VS2010\interpolate\Debug\link-cvtres.read.1.tlog
E:\学习\USC\Books\MyBooks\520 Computer Animation and Simulation_Homework\HW2\XiaotingBi_HW2\IDE-starter\VS2010\interpolate\Debug\link-cvtres.write.1.tlog
E:\学习\USC\BOOKS\MYBOOKS\520 COMPUTER ANIMATION AND SIMULATION_HOMEWORK\HW2\XIAOTINGBI_HW2\IDE-STARTER\VS2010\INTERPOLATE\DEBUG\MOTION.OBJ
E:\学习\USC\Books\MyBooks\520 Computer Animation and Simulation_Homework\HW2\XiaotingBi_HW2\IDE-starter\VS2010\interpolate\Debug\mt.command.1.tlog
E:\学习\USC\Books\MyBooks\520 Computer Animation and Simulation_Homework\HW2\XiaotingBi_HW2\IDE-starter\VS2010\interpolate\Debug\mt.read.1.tlog
E:\学习\USC\Books\MyBooks\520 Computer Animation and Simulation_Homework\HW2\XiaotingBi_HW2\IDE-starter\VS2010\interpolate\Debug\mt.write.1.tlog
E:\学习\USC\BOOKS\MYBOOKS\520 COMPUTER ANIMATION AND SIMULATION_HOMEWORK\HW2\XIAOTINGBI_HW2\IDE-STARTER\VS2010\INTERPOLATE\DEBUG\PERFORMANCECOUNTER.OBJ
E:\学习\USC\BOOKS\MYBOOKS\520 COMPUTER ANIMATION AND SIMULATION_HOMEWORK\HW2\XIAOTINGBI_HW2\IDE-STARTER\VS2010\INTERPOLATE\DEBUG\POSTURE.OBJ
E:\学习\USC\BOOKS\MYBOOKS\520 COMPUTER ANIMATION AND SIMULATION_HOMEWORK\HW2\XIAOTINGBI_HW2\IDE-STARTER\VS2010\INTERPOLATE\DEBUG\QUATERNION.OBJ
E:\学习\USC\Books\MyBooks\520 Computer Animation and Simulation_Homework\HW2\XiaotingBi_HW2\IDE-starter\VS2010\interpolate\Debug\rc.command.1.tlog
E:\学习\USC\Books\MyBooks\520 Computer Animation and Simulation_Homework\HW2\XiaotingBi_HW2\IDE-starter\VS2010\interpolate\Debug\rc.read.1.tlog
E:\学习\USC\Books\MyBooks\520 Computer Animation and Simulation_Homework\HW2\XiaotingBi_HW2\IDE-starter\VS2010\interpolate\Debug\rc.write.1.tlog
E:\学习\USC\BOOKS\MYBOOKS\520 COMPUTER ANIMATION AND SIMULATION_HOMEWORK\HW2\XIAOTINGBI_HW2\IDE-STARTER\VS2010\INTERPOLATE\DEBUG\SKELETON.OBJ
E:\学习\USC\BOOKS\MYBOOKS\520 COMPUTER ANIMATION AND SIMULATION_HOMEWORK\HW2\XIAOTINGBI_HW2\IDE-STARTER\VS2010\INTERPOLATE\DEBUG\TRANSFORM.OBJ
E:\学习\USC\Books\MyBooks\520 Computer Animation and Simulation_Homework\HW2\XiaotingBi_HW2\IDE-starter\VS2010\interpolate\Debug\vc100.idb
E:\学习\USC\BOOKS\MYBOOKS\520 COMPUTER ANIMATION AND SIMULATION_HOMEWORK\HW2\XIAOTINGBI_HW2\IDE-STARTER\VS2010\INTERPOLATE\DEBUG\VC100.PDB
E:\学习\USC\BOOKS\MYBOOKS\520 COMPUTER ANIMATION AND SIMULATION_HOMEWORK\HW2\XIAOTINGBI_HW2\IDE-STARTER\VS2010\INTERPOLATE\DEBUG\VECTOR.OBJ
