生成启动时间为 2015/4/2 12:48:23。
     1>项目“E:\学习\USC\Books\MyBooks\520 Computer Animation and Simulation_Homework\HW2\XiaotingBi_HW2\fltk-1.3.2\ide\VisualC2010\CubeView.vcxproj”在节点 5 上(build 个目标)。
     1>InitializeBuildStatus:
         正在创建“.\CubeView_debug\CubeView.unsuccessfulbuild”，因为已指定“AlwaysCreate”。
       CustomBuild:
         Create .cxx and .h file with fluidd
         Compiling fluid files ...
       ClCompile:
         D:\Program Files (x86)\Microsoft Visual Studio 10.0\VC\bin\CL.exe /c /I. /I..\..\zlib /I..\..\png /I..\..\jpeg /I../.. /Zi /nologo /W1 /WX- /Od /Oy- /D _CRT_SECURE_NO_DEPRECATE /D WIN32 /D _DEBUG /D _WINDOWS /D WIN32_LEAN_AND_MEAN /D VC_EXTRA_LEAN /D WIN32_EXTRA_LEAN /D _VC80_UPGRADE=0x0710 /Gm- /EHsc /MDd /GS /fp:precise /Zc:wchar_t /Zc:forScope /Fo".\CubeView_debug\\" /Fd".\CubeView_debug\vc100.pdb" /Gd /TP /analyze- /errorReport:prompt ..\..\test\CubeMain.cxx ..\..\test\CubeView.cxx ..\..\test\CubeViewUI.cxx
         CubeMain.cxx
         CubeView.cxx
         CubeViewUI.cxx
         正在生成代码...
       Link:
         D:\Program Files (x86)\Microsoft Visual Studio 10.0\VC\bin\link.exe /ERRORREPORT:PROMPT /OUT:"../../test/CubeViewd.exe" /INCREMENTAL:NO /NOLOGO /LIBPATH:..\..\lib opengl32.lib comctl32.lib kernel32.lib user32.lib gdi32.lib winspool.lib comdlg32.lib advapi32.lib shell32.lib ole32.lib oleaut32.lib uuid.lib odbc32.lib odbccp32.lib /NODEFAULTLIB:libcd /MANIFEST /ManifestFile:".\CubeView_debug\CubeViewd.exe.intermediate.manifest" /MANIFESTUAC:"level='asInvoker' uiAccess='false'" /DEBUG /PDB:".\CubeView_debug\CubeViewd.pdb" /SUBSYSTEM:WINDOWS /TLBID:1 /DYNAMICBASE:NO /IMPLIB:"..\..\test\CubeViewd.lib" /MACHINE:X86 .\CubeView_debug\CubeMain.obj
         .\CubeView_debug\CubeView.obj
         .\CubeView_debug\CubeViewUI.obj
         "E:\学习\USC\Books\MyBooks\520 Computer Animation and Simulation_Homework\HW2\XiaotingBi_HW2\fltk-1.3.2\lib\fltkd.lib"
         "E:\学习\USC\Books\MyBooks\520 Computer Animation and Simulation_Homework\HW2\XiaotingBi_HW2\fltk-1.3.2\lib\fltkgld.lib"
         CubeView.vcxproj -> E:\学习\USC\Books\MyBooks\520 Computer Animation and Simulation_Homework\HW2\XiaotingBi_HW2\fltk-1.3.2\ide\VisualC2010\..\..\test\CubeViewd.exe
       Manifest:
         C:\Program Files (x86)\Microsoft SDKs\Windows\v7.0A\bin\mt.exe /nologo /verbose /outputresource:"../../test/CubeViewd.exe;#1" /manifest .\CubeView_debug\CubeViewd.exe.intermediate.manifest
       CopyFilesToOutputDirectory:
         正在将文件从“.\CubeView_debug\CubeViewd.pdb”复制到“..\..\test\CubeViewd.pdb”。
       FinalizeBuildStatus:
         正在删除文件“.\CubeView_debug\CubeView.unsuccessfulbuild”。
         正在对“.\CubeView_debug\CubeView.lastbuildstate”执行 Touch 任务。
     1>已完成生成项目“E:\学习\USC\Books\MyBooks\520 Computer Animation and Simulation_Homework\HW2\XiaotingBi_HW2\fltk-1.3.2\ide\VisualC2010\CubeView.vcxproj”(build 个目标)的操作。

生成成功。

已用时间 00:00:07.35
