..\..\test\preferencesd.pdb
E:\学习\USC\BOOKS\MYBOOKS\520 COMPUTER ANIMATION AND SIMULATION_HOMEWORK\HW2\CSCI520-ASSIGNMENT2-STARTERCODE\FLTK-1.3.2\IDE\VISUALC2010\PREFERENCES_DEBUG\PREFERENCES.OBJ
E:\学习\USC\BOOKS\MYBOOKS\520 COMPUTER ANIMATION AND SIMULATION_HOMEWORK\HW2\CSCI520-ASSIGNMENT2-STARTERCODE\FLTK-1.3.2\IDE\VISUALC2010\PREFERENCES_DEBUG\PREFERENCESD.EXE.INTERMEDIATE.MANIFEST
E:\学习\USC\BOOKS\MYBOOKS\520 COMPUTER ANIMATION AND SIMULATION_HOMEWORK\HW2\CSCI520-ASSIGNMENT2-STARTERCODE\FLTK-1.3.2\IDE\VISUALC2010\PREFERENCES_DEBUG\PREFERENCESD.PDB
E:\学习\USC\BOOKS\MYBOOKS\520 COMPUTER ANIMATION AND SIMULATION_HOMEWORK\HW2\CSCI520-ASSIGNMENT2-STARTERCODE\FLTK-1.3.2\IDE\VISUALC2010\PREFERENCES_DEBUG\VC100.PDB
E:\学习\USC\BOOKS\MYBOOKS\520 COMPUTER ANIMATION AND SIMULATION_HOMEWORK\HW2\CSCI520-ASSIGNMENT2-STARTERCODE\FLTK-1.3.2\TEST\PREFERENCES.CXX
E:\学习\USC\BOOKS\MYBOOKS\520 COMPUTER ANIMATION AND SIMULATION_HOMEWORK\HW2\CSCI520-ASSIGNMENT2-STARTERCODE\FLTK-1.3.2\TEST\PREFERENCESD.EXE
E:\学习\USC\Books\MyBooks\520 Computer Animation and Simulation_Homework\HW2\XiaotingBi_HW2\fltk-1.3.2\ide\VisualC2010\preferences_debug\cl.command.1.tlog
E:\学习\USC\Books\MyBooks\520 Computer Animation and Simulation_Homework\HW2\XiaotingBi_HW2\fltk-1.3.2\ide\VisualC2010\preferences_debug\CL.read.1.tlog
E:\学习\USC\Books\MyBooks\520 Computer Animation and Simulation_Homework\HW2\XiaotingBi_HW2\fltk-1.3.2\ide\VisualC2010\preferences_debug\CL.write.1.tlog
E:\学习\USC\Books\MyBooks\520 Computer Animation and Simulation_Homework\HW2\XiaotingBi_HW2\fltk-1.3.2\ide\VisualC2010\preferences_debug\custombuild.command.1.tlog
E:\学习\USC\Books\MyBooks\520 Computer Animation and Simulation_Homework\HW2\XiaotingBi_HW2\fltk-1.3.2\ide\VisualC2010\preferences_debug\custombuild.read.1.tlog
E:\学习\USC\Books\MyBooks\520 Computer Animation and Simulation_Homework\HW2\XiaotingBi_HW2\fltk-1.3.2\ide\VisualC2010\preferences_debug\custombuild.write.1.tlog
E:\学习\USC\Books\MyBooks\520 Computer Animation and Simulation_Homework\HW2\XiaotingBi_HW2\fltk-1.3.2\ide\VisualC2010\preferences_debug\link.command.1.tlog
E:\学习\USC\Books\MyBooks\520 Computer Animation and Simulation_Homework\HW2\XiaotingBi_HW2\fltk-1.3.2\ide\VisualC2010\preferences_debug\link.read.1.tlog
E:\学习\USC\Books\MyBooks\520 Computer Animation and Simulation_Homework\HW2\XiaotingBi_HW2\fltk-1.3.2\ide\VisualC2010\preferences_debug\link.write.1.tlog
E:\学习\USC\Books\MyBooks\520 Computer Animation and Simulation_Homework\HW2\XiaotingBi_HW2\fltk-1.3.2\ide\VisualC2010\preferences_debug\mt.command.1.tlog
E:\学习\USC\Books\MyBooks\520 Computer Animation and Simulation_Homework\HW2\XiaotingBi_HW2\fltk-1.3.2\ide\VisualC2010\preferences_debug\mt.read.1.tlog
E:\学习\USC\Books\MyBooks\520 Computer Animation and Simulation_Homework\HW2\XiaotingBi_HW2\fltk-1.3.2\ide\VisualC2010\preferences_debug\mt.write.1.tlog
E:\学习\USC\Books\MyBooks\520 Computer Animation and Simulation_Homework\HW2\XiaotingBi_HW2\fltk-1.3.2\ide\VisualC2010\preferences_debug\preferences.vcxprojResolveAssemblyReference.cache
E:\学习\USC\Books\MyBooks\520 Computer Animation and Simulation_Homework\HW2\XiaotingBi_HW2\fltk-1.3.2\ide\VisualC2010\preferences_debug\preferences.write.1.tlog
