生成启动时间为 2015/4/2 12:45:36。
     1>项目“E:\学习\USC\Books\MyBooks\520 Computer Animation and Simulation_Homework\HW2\XiaotingBi_HW2\fltk-1.3.2\ide\VisualC2010\fltkdll.vcxproj”在节点 4 上(build 个目标)。
     1>InitializeBuildStatus:
         正在创建“.\fltkdll_debug\fltkdll.unsuccessfulbuild”，因为已指定“AlwaysCreate”。
       ClCompile:
         D:\Program Files (x86)\Microsoft Visual Studio 10.0\VC\bin\CL.exe /c /I. /I../.. /I..\..\zlib /I..\..\png /I..\..\jpeg /Zi /nologo /W1 /WX- /Od /Oy- /D _CRT_SECURE_NO_DEPRECATE /D FL_DLL /D FL_LIBRARY /D WIN32 /D _DEBUG /D _WINDOWS /D WIN32_LEAN_AND_MEAN /D VC_EXTRA_LEAN /D WIN32_EXTRA_LEAN /D _VC80_UPGRADE=0x0710 /D _WINDLL /Gm- /EHsc /MDd /GS /fp:precise /Zc:wchar_t /Zc:forScope /Fo".\fltkdll_debug\\" /Fd".\fltkdll_debug\vc100.pdb" /Gd /TC /analyze- /errorReport:prompt ..\..\src\xutf8\case.c ..\..\src\fl_utf.c ..\..\src\xutf8\is_right2left.c ..\..\src\xutf8\is_spacing.c
         case.c
         fl_utf.c
         is_right2left.c
         is_spacing.c
         正在生成代码...
         D:\Program Files (x86)\Microsoft Visual Studio 10.0\VC\bin\CL.exe /c /I. /I../.. /I..\..\zlib /I..\..\png /I..\..\jpeg /Zi /nologo /W1 /WX- /Od /Oy- /D _CRT_SECURE_NO_DEPRECATE /D FL_DLL /D FL_LIBRARY /D WIN32 /D _DEBUG /D _WINDOWS /D WIN32_LEAN_AND_MEAN /D VC_EXTRA_LEAN /D WIN32_EXTRA_LEAN /Gm- /EHsc /MDd /GS /fp:precise /Zc:wchar_t /Zc:forScope /Fo".\fltkdll_debug\\" /Fd".\fltkdll_debug\vc100.pdb" /Gd /TP /analyze- /errorReport:prompt ..\..\src\filename_absolute.cxx ..\..\src\filename_expand.cxx ..\..\src\filename_ext.cxx ..\..\src\filename_isdir.cxx ..\..\src\filename_list.cxx ..\..\src\filename_match.cxx ..\..\src\filename_setext.cxx ..\..\src\Fl.cxx ..\..\src\Fl_abort.cxx ..\..\src\Fl_add_idle.cxx ..\..\src\Fl_Adjuster.cxx ..\..\src\fl_arc.cxx ..\..\src\fl_arci.cxx ..\..\src\Fl_arg.cxx ..\..\src\fl_ask.cxx ..\..\src\Fl_Bitmap.cxx ..\..\src\Fl_BMP_Image.cxx ..\..\src\Fl_Box.cxx ..\..\src\fl_boxtype.cxx ..\..\src\Fl_Browser.cxx ..\..\src\Fl_Browser_.cxx ..\..\src\Fl_Browser_load.cxx ..\..\src\Fl_Button.cxx ..\..\src\Fl_Chart.cxx ..\..\src\Fl_Check_Browser.cxx ..\..\src\Fl_Check_Button.cxx ..\..\src\Fl_Choice.cxx ..\..\src\Fl_Clock.cxx ..\..\src\fl_color.cxx ..\..\src\Fl_Color_Chooser.cxx ..\..\src\Fl_compose.cxx ..\..\src\Fl_Counter.cxx ..\..\src\fl_cursor.cxx ..\..\src\fl_curve.cxx ..\..\src\Fl_Dial.cxx ..\..\src\fl_diamond_box.cxx ..\..\src\Fl_display.cxx ..\..\src\fl_dnd.cxx ..\..\src\Fl_Double_Window.cxx ..\..\src\fl_draw.cxx ..\..\src\fl_draw_image.cxx ..\..\src\fl_draw_pixmap.cxx ..\..\src\fl_engraved_label.cxx ..\..\src\Fl_File_Browser.cxx ..\..\src\Fl_File_Chooser.cxx ..\..\src\Fl_File_Chooser2.cxx ..\..\src\fl_file_dir.cxx ..\..\src\Fl_File_Icon.cxx ..\..\src\Fl_File_Icon2.cxx ..\..\src\Fl_File_Input.cxx ..\..\src\fl_font.cxx ..\..\src\Fl_get_key.cxx ..\..\src\Fl_get_system_colors.cxx ..\..\src\Fl_GIF_Image.cxx ..\..\src\Fl_Gl_Choice.cxx ..\..\src\Fl_Gl_Overlay.cxx ..\..\src\Fl_Gl_Window.cxx ..\..\src\Fl_grab.cxx ..\..\src\Fl_Group.cxx ..\..\src\Fl_Help_Dialog.cxx ..\..\src\Fl_Help_View.cxx ..\..\src\Fl_Image.cxx ..\..\src\fl_images_core.cxx ..\..\src\Fl_Input.cxx ..\..\src\Fl_Input_.cxx ..\..\src\Fl_JPEG_Image.cxx ..\..\src\fl_labeltype.cxx ..\..\src\Fl_Light_Button.cxx ..\..\src\fl_line_style.cxx ..\..\src\Fl_lock.cxx ..\..\src\Fl_Menu.cxx ..\..\src\Fl_Menu_.cxx ..\..\src\Fl_Menu_add.cxx ..\..\src\Fl_Menu_Bar.cxx ..\..\src\Fl_Menu_Button.cxx ..\..\src\Fl_Menu_global.cxx ..\..\src\Fl_Menu_Window.cxx ..\..\src\Fl_Multi_Label.cxx ..\..\src\fl_oval_box.cxx ..\..\src\fl_overlay.cxx ..\..\src\fl_overlay_visual.cxx ..\..\src\Fl_Overlay_Window.cxx ..\..\src\Fl_own_colormap.cxx ..\..\src\Fl_Pack.cxx ..\..\src\Fl_Paged_Device.cxx ..\..\src\Fl_Pixmap.cxx ..\..\src\fl_plastic.cxx ..\..\src\Fl_PNG_Image.cxx ..\..\src\Fl_PNM_Image.cxx ..\..\src\Fl_Positioner.cxx ..\..\src\Fl_Preferences.cxx ..\..\src\Fl_Progress.cxx ..\..\src\fl_rect.cxx ..\..\src\Fl_Repeat_Button.cxx ..\..\src\Fl_Return_Button.cxx ..\..\src\Fl_Roller.cxx ..\..\src\fl_round_box.cxx ..\..\src\Fl_Round_Button.cxx ..\..\src\fl_rounded_box.cxx ..\..\src\Fl_Scroll.cxx ..\..\src\fl_scroll_area.cxx ..\..\src\Fl_Scrollbar.cxx ..\..\src\fl_set_font.cxx ..\..\src\fl_set_fonts.cxx ..\..\src\fl_shadow_box.cxx ..\..\src\Fl_Shared_Image.cxx ..\..\src\fl_shortcut.cxx ..\..\src\fl_show_colormap.cxx ..\..\src\Fl_Single_Window.cxx ..\..\src\Fl_Slider.cxx ..\..\src\fl_symbols.cxx ..\..\src\Fl_Table.cxx ..\..\src\Fl_Table_Row.cxx ..\..\src\Fl_Tabs.cxx ..\..\src\Fl_Text_Buffer.cxx ..\..\src\Fl_Text_Display.cxx ..\..\src\Fl_Text_Editor.cxx ..\..\src\Fl_Tile.cxx ..\..\src\Fl_Tiled_Image.cxx ..\..\src\Fl_Tooltip.cxx ..\..\src\Fl_Tree.cxx ..\..\src\Fl_Tree_Item.cxx ..\..\src\Fl_Tree_Item_Array.cxx ..\..\src\Fl_Tree_Prefs.cxx ..\..\src\Fl_Valuator.cxx ..\..\src\Fl_Value_Input.cxx ..\..\src\Fl_Value_Output.cxx ..\..\src\Fl_Value_Slider.cxx ..\..\src\fl_vertex.cxx ..\..\src\Fl_visual.cxx ..\..\src\Fl_Widget.cxx ..\..\src\Fl_Window.cxx ..\..\src\Fl_Window_fullscreen.cxx ..\..\src\Fl_Window_hotspot.cxx ..\..\src\Fl_Window_iconize.cxx ..\..\src\Fl_Wizard.cxx ..\..\src\Fl_x.cxx ..\..\src\Fl_XBM_Image.cxx ..\..\src\Fl_XPM_Image.cxx ..\..\src\forms_bitmap.cxx ..\..\src\forms_compatability.cxx ..\..\src\forms_free.cxx ..\..\src\forms_fselect.cxx ..\..\src\forms_pixmap.cxx ..\..\src\forms_timer.cxx ..\..\src\gl_draw.cxx ..\..\src\gl_start.cxx ..\..\src\glut_compatability.cxx ..\..\src\glut_font.cxx ..\..\src\screen_xywh.cxx
         filename_absolute.cxx
         filename_expand.cxx
         filename_ext.cxx
         filename_isdir.cxx
         filename_list.cxx
         filename_match.cxx
         filename_setext.cxx
         Fl.cxx
         Fl_abort.cxx
         Fl_add_idle.cxx
         Fl_Adjuster.cxx
         fl_arc.cxx
         fl_arci.cxx
         Fl_arg.cxx
         fl_ask.cxx
         Fl_Bitmap.cxx
         Fl_BMP_Image.cxx
         Fl_Box.cxx
         fl_boxtype.cxx
         Fl_Browser.cxx
         正在生成代码...
         正在编译...
         Fl_Browser_.cxx
         Fl_Browser_load.cxx
         Fl_Button.cxx
         Fl_Chart.cxx
         Fl_Check_Browser.cxx
         Fl_Check_Button.cxx
         Fl_Choice.cxx
         Fl_Clock.cxx
         fl_color.cxx
         Fl_Color_Chooser.cxx
         Fl_compose.cxx
         Fl_Counter.cxx
         fl_cursor.cxx
         fl_curve.cxx
         Fl_Dial.cxx
         fl_diamond_box.cxx
         Fl_display.cxx
         fl_dnd.cxx
         Fl_Double_Window.cxx
         fl_draw.cxx
         正在生成代码...
         正在编译...
         fl_draw_image.cxx
         fl_draw_pixmap.cxx
         fl_engraved_label.cxx
         Fl_File_Browser.cxx
         Fl_File_Chooser.cxx
         Fl_File_Chooser2.cxx
         fl_file_dir.cxx
         Fl_File_Icon.cxx
         Fl_File_Icon2.cxx
         Fl_File_Input.cxx
         fl_font.cxx
         Fl_get_key.cxx
         Fl_get_system_colors.cxx
         Fl_GIF_Image.cxx
         Fl_Gl_Choice.cxx
         Fl_Gl_Overlay.cxx
         Fl_Gl_Window.cxx
         Fl_grab.cxx
         Fl_Group.cxx
         Fl_Help_Dialog.cxx
         正在生成代码...
         正在编译...
         Fl_Help_View.cxx
         Fl_Image.cxx
         fl_images_core.cxx
         Fl_Input.cxx
         Fl_Input_.cxx
         Fl_JPEG_Image.cxx
         fl_labeltype.cxx
         Fl_Light_Button.cxx
         fl_line_style.cxx
         Fl_lock.cxx
         Fl_Menu.cxx
         Fl_Menu_.cxx
         Fl_Menu_add.cxx
         Fl_Menu_Bar.cxx
         Fl_Menu_Button.cxx
         Fl_Menu_global.cxx
         Fl_Menu_Window.cxx
         Fl_Multi_Label.cxx
         fl_oval_box.cxx
         fl_overlay.cxx
         正在生成代码...
         正在编译...
         fl_overlay_visual.cxx
         Fl_Overlay_Window.cxx
         Fl_own_colormap.cxx
         Fl_Pack.cxx
         Fl_Paged_Device.cxx
         Fl_Pixmap.cxx
         fl_plastic.cxx
         Fl_PNG_Image.cxx
         Fl_PNM_Image.cxx
         Fl_Positioner.cxx
         Fl_Preferences.cxx
         Fl_Progress.cxx
         fl_rect.cxx
         Fl_Repeat_Button.cxx
         Fl_Return_Button.cxx
         Fl_Roller.cxx
         fl_round_box.cxx
         Fl_Round_Button.cxx
         fl_rounded_box.cxx
         Fl_Scroll.cxx
         正在生成代码...
         正在编译...
         fl_scroll_area.cxx
         Fl_Scrollbar.cxx
         fl_set_font.cxx
         fl_set_fonts.cxx
         fl_shadow_box.cxx
         Fl_Shared_Image.cxx
         fl_shortcut.cxx
         fl_show_colormap.cxx
         Fl_Single_Window.cxx
         Fl_Slider.cxx
         fl_symbols.cxx
         Fl_Table.cxx
         Fl_Table_Row.cxx
         Fl_Tabs.cxx
         Fl_Text_Buffer.cxx
         Fl_Text_Display.cxx
         Fl_Text_Editor.cxx
         Fl_Tile.cxx
         Fl_Tiled_Image.cxx
         Fl_Tooltip.cxx
         正在生成代码...
         正在编译...
         Fl_Tree.cxx
         Fl_Tree_Item.cxx
         Fl_Tree_Item_Array.cxx
         Fl_Tree_Prefs.cxx
         Fl_Valuator.cxx
         Fl_Value_Input.cxx
         Fl_Value_Output.cxx
         Fl_Value_Slider.cxx
         fl_vertex.cxx
         Fl_visual.cxx
         Fl_Widget.cxx
         Fl_Window.cxx
         Fl_Window_fullscreen.cxx
         Fl_Window_hotspot.cxx
         Fl_Window_iconize.cxx
         Fl_Wizard.cxx
         Fl_x.cxx
         Fl_XBM_Image.cxx
         Fl_XPM_Image.cxx
         forms_bitmap.cxx
         正在生成代码...
         正在编译...
         forms_compatability.cxx
         forms_free.cxx
         forms_fselect.cxx
         forms_pixmap.cxx
         forms_timer.cxx
         gl_draw.cxx
         gl_start.cxx
         glut_compatability.cxx
         glut_font.cxx
         screen_xywh.cxx
         正在生成代码...
         D:\Program Files (x86)\Microsoft Visual Studio 10.0\VC\bin\CL.exe /c /I. /I../.. /I..\..\zlib /I..\..\png /I..\..\jpeg /Zi /nologo /W1 /WX- /Od /Oy- /D _CRT_SECURE_NO_DEPRECATE /D FL_DLL /D FL_LIBRARY /D WIN32 /D _DEBUG /D _WINDOWS /D WIN32_LEAN_AND_MEAN /D VC_EXTRA_LEAN /D WIN32_EXTRA_LEAN /D _VC80_UPGRADE=0x0710 /D _WINDLL /Gm- /EHsc /MDd /GS /fp:precise /Zc:wchar_t /Zc:forScope /Fo".\fltkdll_debug\Fl_Cairo1.obj" /Fd".\fltkdll_debug\vc100.pdb" /Gd /TP /analyze- /errorReport:prompt ..\..\cairo\Fl_Cairo.cxx
         Fl_Cairo.cxx
         D:\Program Files (x86)\Microsoft Visual Studio 10.0\VC\bin\CL.exe /c /I. /I../.. /I..\..\zlib /I..\..\png /I..\..\jpeg /Zi /nologo /W1 /WX- /Od /Oy- /D _CRT_SECURE_NO_DEPRECATE /D FL_DLL /D FL_LIBRARY /D WIN32 /D _DEBUG /D _WINDOWS /D WIN32_LEAN_AND_MEAN /D VC_EXTRA_LEAN /D WIN32_EXTRA_LEAN /D _VC80_UPGRADE=0x0710 /D _WINDLL /Gm- /EHsc /MDd /GS /fp:precise /Zc:wchar_t /Zc:forScope /Fo".\fltkdll_debug\\" /Fd".\fltkdll_debug\vc100.pdb" /Gd /TP /analyze- /errorReport:prompt ..\..\src\Fl_Device.cxx ..\..\src\Fl_Gl_Device_Plugin.cxx ..\..\src\fl_gtk.cxx ..\..\src\Fl_Native_File_Chooser.cxx ..\..\src\fl_open_uri.cxx ..\..\src\Fl_Printer.cxx ..\..\src\fl_read_image.cxx ..\..\src\fl_utf8.cxx ..\..\src\freeglut_geometry.cxx ..\..\src\freeglut_stroke_mono_roman.cxx ..\..\src\freeglut_stroke_roman.cxx ..\..\src\freeglut_teapot.cxx ..\..\src\ps_image.cxx
         Fl_Device.cxx
         Fl_Gl_Device_Plugin.cxx
         fl_gtk.cxx
         Fl_Native_File_Chooser.cxx
         fl_open_uri.cxx
         Fl_Printer.cxx
     1>E:\学习\USC\Books\MyBooks\520 Computer Animation and Simulation_Homework\HW2\XiaotingBi_HW2\fltk-1.3.2\FL/Fl_PostScript.H : warning C4819: 该文件包含不能在当前代码页(936)中表示的字符。请将该文件保存为 Unicode 格式以防止数据丢失
         fl_read_image.cxx
         fl_utf8.cxx
         freeglut_geometry.cxx
         freeglut_stroke_mono_roman.cxx
         freeglut_stroke_roman.cxx
         freeglut_teapot.cxx
         ps_image.cxx
     1>E:\学习\USC\Books\MyBooks\520 Computer Animation and Simulation_Homework\HW2\XiaotingBi_HW2\fltk-1.3.2\FL/Fl_PostScript.H : warning C4819: 该文件包含不能在当前代码页(936)中表示的字符。请将该文件保存为 Unicode 格式以防止数据丢失
         正在生成代码...
         D:\Program Files (x86)\Microsoft Visual Studio 10.0\VC\bin\CL.exe /c /I. /I../.. /I..\..\zlib /I..\..\png /I..\..\jpeg /Zi /nologo /W1 /WX- /Od /Oy- /D _CRT_SECURE_NO_DEPRECATE /D FL_DLL /D FL_LIBRARY /D WIN32 /D _DEBUG /D _WINDOWS /D WIN32_LEAN_AND_MEAN /D VC_EXTRA_LEAN /D WIN32_EXTRA_LEAN /Gm- /EHsc /MDd /GS /fp:precise /Zc:wchar_t /Zc:forScope /Fo".\fltkdll_debug\\" /Fd".\fltkdll_debug\vc100.pdb" /Gd /TC /analyze- /errorReport:prompt ..\..\src\flstring.c ..\..\src\numericsort.c ..\..\src\scandir.c ..\..\src\vsnprintf.c
         flstring.c
         numericsort.c
         scandir.c
         vsnprintf.c
         正在生成代码...
       Link:
         D:\Program Files (x86)\Microsoft Visual Studio 10.0\VC\bin\link.exe /ERRORREPORT:PROMPT /OUT:"../../test/fltkdlld.dll" /VERSION:"1.0" /INCREMENTAL:NO /NOLOGO opengl32.lib comctl32.lib kernel32.lib user32.lib gdi32.lib winspool.lib comdlg32.lib advapi32.lib shell32.lib ole32.lib oleaut32.lib uuid.lib odbc32.lib odbccp32.lib /MANIFEST /ManifestFile:".\fltkdll_debug\fltkdlld.dll.intermediate.manifest" /MANIFESTUAC:"level='asInvoker' uiAccess='false'" /DEBUG /PDB:"fltkdlld.pdb" /SUBSYSTEM:WINDOWS /TLBID:1 /DYNAMICBASE:NO /IMPLIB:"../../test/fltkdlld.lib" /MACHINE:X86 /DLL .\fltkdll_debug\case.obj
         .\fltkdll_debug\filename_absolute.obj
         .\fltkdll_debug\filename_expand.obj
         .\fltkdll_debug\filename_ext.obj
         .\fltkdll_debug\filename_isdir.obj
         .\fltkdll_debug\filename_list.obj
         .\fltkdll_debug\filename_match.obj
         .\fltkdll_debug\filename_setext.obj
         .\fltkdll_debug\Fl.obj
         .\fltkdll_debug\Fl_abort.obj
         .\fltkdll_debug\Fl_add_idle.obj
         .\fltkdll_debug\Fl_Adjuster.obj
         .\fltkdll_debug\fl_arc.obj
         .\fltkdll_debug\fl_arci.obj
         .\fltkdll_debug\Fl_arg.obj
         .\fltkdll_debug\fl_ask.obj
         .\fltkdll_debug\Fl_Bitmap.obj
         .\fltkdll_debug\Fl_BMP_Image.obj
         .\fltkdll_debug\Fl_Box.obj
         .\fltkdll_debug\fl_boxtype.obj
         .\fltkdll_debug\Fl_Browser.obj
         .\fltkdll_debug\Fl_Browser_.obj
         .\fltkdll_debug\Fl_Browser_load.obj
         .\fltkdll_debug\Fl_Button.obj
         .\fltkdll_debug\Fl_Chart.obj
         .\fltkdll_debug\Fl_Check_Browser.obj
         .\fltkdll_debug\Fl_Check_Button.obj
         .\fltkdll_debug\Fl_Choice.obj
         .\fltkdll_debug\Fl_Clock.obj
         .\fltkdll_debug\fl_color.obj
         .\fltkdll_debug\Fl_Color_Chooser.obj
         .\fltkdll_debug\Fl_compose.obj
         .\fltkdll_debug\Fl_Counter.obj
         .\fltkdll_debug\fl_cursor.obj
         .\fltkdll_debug\fl_curve.obj
         .\fltkdll_debug\Fl_Device.obj
         .\fltkdll_debug\Fl_Dial.obj
         .\fltkdll_debug\fl_diamond_box.obj
         .\fltkdll_debug\Fl_display.obj
         .\fltkdll_debug\fl_dnd.obj
         .\fltkdll_debug\Fl_Double_Window.obj
         .\fltkdll_debug\fl_draw.obj
         .\fltkdll_debug\fl_draw_image.obj
         .\fltkdll_debug\fl_draw_pixmap.obj
         .\fltkdll_debug\fl_engraved_label.obj
         .\fltkdll_debug\Fl_File_Browser.obj
         .\fltkdll_debug\Fl_File_Chooser.obj
         .\fltkdll_debug\Fl_File_Chooser2.obj
         .\fltkdll_debug\fl_file_dir.obj
         .\fltkdll_debug\Fl_File_Icon.obj
         .\fltkdll_debug\Fl_File_Icon2.obj
         .\fltkdll_debug\Fl_File_Input.obj
         .\fltkdll_debug\fl_font.obj
         .\fltkdll_debug\Fl_get_key.obj
         .\fltkdll_debug\Fl_get_system_colors.obj
         .\fltkdll_debug\Fl_GIF_Image.obj
         .\fltkdll_debug\Fl_Gl_Choice.obj
         .\fltkdll_debug\Fl_Gl_Device_Plugin.obj
         .\fltkdll_debug\Fl_Gl_Overlay.obj
         .\fltkdll_debug\Fl_Gl_Window.obj
         .\fltkdll_debug\Fl_grab.obj
         .\fltkdll_debug\Fl_Group.obj
         .\fltkdll_debug\fl_gtk.obj
         .\fltkdll_debug\Fl_Help_Dialog.obj
         .\fltkdll_debug\Fl_Help_View.obj
         .\fltkdll_debug\Fl_Image.obj
         .\fltkdll_debug\fl_images_core.obj
         .\fltkdll_debug\Fl_Input.obj
         .\fltkdll_debug\Fl_Input_.obj
         .\fltkdll_debug\Fl_JPEG_Image.obj
         .\fltkdll_debug\fl_labeltype.obj
         .\fltkdll_debug\Fl_Light_Button.obj
         .\fltkdll_debug\fl_line_style.obj
         .\fltkdll_debug\Fl_lock.obj
         .\fltkdll_debug\Fl_Menu.obj
         .\fltkdll_debug\Fl_Menu_.obj
         .\fltkdll_debug\Fl_Menu_add.obj
         .\fltkdll_debug\Fl_Menu_Bar.obj
         .\fltkdll_debug\Fl_Menu_Button.obj
         .\fltkdll_debug\Fl_Menu_global.obj
         .\fltkdll_debug\Fl_Menu_Window.obj
         .\fltkdll_debug\Fl_Multi_Label.obj
         .\fltkdll_debug\Fl_Native_File_Chooser.obj
         .\fltkdll_debug\fl_open_uri.obj
         .\fltkdll_debug\fl_oval_box.obj
         .\fltkdll_debug\fl_overlay.obj
         .\fltkdll_debug\fl_overlay_visual.obj
         .\fltkdll_debug\Fl_Overlay_Window.obj
         .\fltkdll_debug\Fl_own_colormap.obj
         .\fltkdll_debug\Fl_Pack.obj
         .\fltkdll_debug\Fl_Paged_Device.obj
         .\fltkdll_debug\Fl_Pixmap.obj
         .\fltkdll_debug\fl_plastic.obj
         .\fltkdll_debug\Fl_PNG_Image.obj
         .\fltkdll_debug\Fl_PNM_Image.obj
         .\fltkdll_debug\Fl_Positioner.obj
         .\fltkdll_debug\Fl_Preferences.obj
         .\fltkdll_debug\Fl_Printer.obj
         .\fltkdll_debug\Fl_Progress.obj
         .\fltkdll_debug\fl_read_image.obj
         .\fltkdll_debug\fl_rect.obj
         .\fltkdll_debug\Fl_Repeat_Button.obj
         .\fltkdll_debug\Fl_Return_Button.obj
         .\fltkdll_debug\Fl_Roller.obj
         .\fltkdll_debug\fl_round_box.obj
         .\fltkdll_debug\Fl_Round_Button.obj
         .\fltkdll_debug\fl_rounded_box.obj
         .\fltkdll_debug\Fl_Scroll.obj
         .\fltkdll_debug\fl_scroll_area.obj
         .\fltkdll_debug\Fl_Scrollbar.obj
         .\fltkdll_debug\fl_set_font.obj
         .\fltkdll_debug\fl_set_fonts.obj
         .\fltkdll_debug\fl_shadow_box.obj
         .\fltkdll_debug\Fl_Shared_Image.obj
         .\fltkdll_debug\fl_shortcut.obj
         .\fltkdll_debug\fl_show_colormap.obj
         .\fltkdll_debug\Fl_Single_Window.obj
         .\fltkdll_debug\Fl_Slider.obj
         .\fltkdll_debug\fl_symbols.obj
         .\fltkdll_debug\Fl_Table.obj
         .\fltkdll_debug\Fl_Table_Row.obj
         .\fltkdll_debug\Fl_Tabs.obj
         .\fltkdll_debug\Fl_Text_Buffer.obj
         .\fltkdll_debug\Fl_Text_Display.obj
         .\fltkdll_debug\Fl_Text_Editor.obj
         .\fltkdll_debug\Fl_Tile.obj
         .\fltkdll_debug\Fl_Tiled_Image.obj
         .\fltkdll_debug\Fl_Tooltip.obj
         .\fltkdll_debug\Fl_Tree.obj
         .\fltkdll_debug\Fl_Tree_Item.obj
         .\fltkdll_debug\Fl_Tree_Item_Array.obj
         .\fltkdll_debug\Fl_Tree_Prefs.obj
         .\fltkdll_debug\fl_utf.obj
         .\fltkdll_debug\fl_utf8.obj
         .\fltkdll_debug\Fl_Valuator.obj
         .\fltkdll_debug\Fl_Value_Input.obj
         .\fltkdll_debug\Fl_Value_Output.obj
         .\fltkdll_debug\Fl_Value_Slider.obj
         .\fltkdll_debug\fl_vertex.obj
         .\fltkdll_debug\Fl_visual.obj
         .\fltkdll_debug\Fl_Widget.obj
         .\fltkdll_debug\Fl_Window.obj
         .\fltkdll_debug\Fl_Window_fullscreen.obj
         .\fltkdll_debug\Fl_Window_hotspot.obj
         .\fltkdll_debug\Fl_Window_iconize.obj
         .\fltkdll_debug\Fl_Wizard.obj
         .\fltkdll_debug\Fl_x.obj
         .\fltkdll_debug\Fl_XBM_Image.obj
         .\fltkdll_debug\Fl_XPM_Image.obj
         .\fltkdll_debug\flstring.obj
         .\fltkdll_debug\forms_bitmap.obj
         .\fltkdll_debug\forms_compatability.obj
         .\fltkdll_debug\forms_free.obj
         .\fltkdll_debug\forms_fselect.obj
         .\fltkdll_debug\forms_pixmap.obj
         .\fltkdll_debug\forms_timer.obj
         .\fltkdll_debug\freeglut_geometry.obj
         .\fltkdll_debug\freeglut_stroke_mono_roman.obj
         .\fltkdll_debug\freeglut_stroke_roman.obj
         .\fltkdll_debug\freeglut_teapot.obj
         .\fltkdll_debug\gl_draw.obj
         .\fltkdll_debug\gl_start.obj
         .\fltkdll_debug\glut_compatability.obj
         .\fltkdll_debug\glut_font.obj
         .\fltkdll_debug\is_right2left.obj
         .\fltkdll_debug\is_spacing.obj
         .\fltkdll_debug\numericsort.obj
         .\fltkdll_debug\ps_image.obj
         .\fltkdll_debug\scandir.obj
         .\fltkdll_debug\screen_xywh.obj
         .\fltkdll_debug\vsnprintf.obj
         .\fltkdll_debug\Fl_Cairo1.obj
         "E:\学习\USC\Books\MyBooks\520 Computer Animation and Simulation_Homework\HW2\XiaotingBi_HW2\fltk-1.3.2\lib\fltkjpegd.lib"
         "E:\学习\USC\Books\MyBooks\520 Computer Animation and Simulation_Homework\HW2\XiaotingBi_HW2\fltk-1.3.2\lib\fltkpngd.lib"
         "E:\学习\USC\Books\MyBooks\520 Computer Animation and Simulation_Homework\HW2\XiaotingBi_HW2\fltk-1.3.2\lib\fltkzlibd.lib"
            正在创建库 ../../test/fltkdlld.lib 和对象 ../../test/fltkdlld.exp
         fltkdll.vcxproj -> E:\学习\USC\Books\MyBooks\520 Computer Animation and Simulation_Homework\HW2\XiaotingBi_HW2\fltk-1.3.2\ide\VisualC2010\..\..\test\fltkdlld.dll
       Manifest:
         C:\Program Files (x86)\Microsoft SDKs\Windows\v7.0A\bin\mt.exe /nologo /verbose /outputresource:"../../test/fltkdlld.dll;#2" /manifest .\fltkdll_debug\fltkdlld.dll.intermediate.manifest
       FinalizeBuildStatus:
         正在删除文件“.\fltkdll_debug\fltkdll.unsuccessfulbuild”。
         正在对“.\fltkdll_debug\fltkdll.lastbuildstate”执行 Touch 任务。
     1>已完成生成项目“E:\学习\USC\Books\MyBooks\520 Computer Animation and Simulation_Homework\HW2\XiaotingBi_HW2\fltk-1.3.2\ide\VisualC2010\fltkdll.vcxproj”(build 个目标)的操作。

生成成功。

已用时间 00:01:46.51
