E:\学习\USC\BOOKS\MYBOOKS\520 COMPUTER ANIMATION AND SIMULATION_HOMEWORK\HW2\CSCI520-ASSIGNMENT2-STARTERCODE\FLTK-1.3.2\IDE\VISUALC2010\FLTKJPEG_DEBUG\JARICOM.OBJ
E:\学习\USC\BOOKS\MYBOOKS\520 COMPUTER ANIMATION AND SIMULATION_HOMEWORK\HW2\CSCI520-ASSIGNMENT2-STARTERCODE\FLTK-1.3.2\IDE\VISUALC2010\FLTKJPEG_DEBUG\JCAPIMIN.OBJ
E:\学习\USC\BOOKS\MYBOOKS\520 COMPUTER ANIMATION AND SIMULATION_HOMEWORK\HW2\CSCI520-ASSIGNMENT2-STARTERCODE\FLTK-1.3.2\IDE\VISUALC2010\FLTKJPEG_DEBUG\JCAPISTD.OBJ
E:\学习\USC\BOOKS\MYBOOKS\520 COMPUTER ANIMATION AND SIMULATION_HOMEWORK\HW2\CSCI520-ASSIGNMENT2-STARTERCODE\FLTK-1.3.2\IDE\VISUALC2010\FLTKJPEG_DEBUG\JCARITH.OBJ
E:\学习\USC\BOOKS\MYBOOKS\520 COMPUTER ANIMATION AND SIMULATION_HOMEWORK\HW2\CSCI520-ASSIGNMENT2-STARTERCODE\FLTK-1.3.2\IDE\VISUALC2010\FLTKJPEG_DEBUG\JCCOEFCT.OBJ
E:\学习\USC\BOOKS\MYBOOKS\520 COMPUTER ANIMATION AND SIMULATION_HOMEWORK\HW2\CSCI520-ASSIGNMENT2-STARTERCODE\FLTK-1.3.2\IDE\VISUALC2010\FLTKJPEG_DEBUG\JCCOLOR.OBJ
E:\学习\USC\BOOKS\MYBOOKS\520 COMPUTER ANIMATION AND SIMULATION_HOMEWORK\HW2\CSCI520-ASSIGNMENT2-STARTERCODE\FLTK-1.3.2\IDE\VISUALC2010\FLTKJPEG_DEBUG\JCDCTMGR.OBJ
E:\学习\USC\BOOKS\MYBOOKS\520 COMPUTER ANIMATION AND SIMULATION_HOMEWORK\HW2\CSCI520-ASSIGNMENT2-STARTERCODE\FLTK-1.3.2\IDE\VISUALC2010\FLTKJPEG_DEBUG\JCHUFF.OBJ
E:\学习\USC\BOOKS\MYBOOKS\520 COMPUTER ANIMATION AND SIMULATION_HOMEWORK\HW2\CSCI520-ASSIGNMENT2-STARTERCODE\FLTK-1.3.2\IDE\VISUALC2010\FLTKJPEG_DEBUG\JCINIT.OBJ
E:\学习\USC\BOOKS\MYBOOKS\520 COMPUTER ANIMATION AND SIMULATION_HOMEWORK\HW2\CSCI520-ASSIGNMENT2-STARTERCODE\FLTK-1.3.2\IDE\VISUALC2010\FLTKJPEG_DEBUG\JCMAINCT.OBJ
E:\学习\USC\BOOKS\MYBOOKS\520 COMPUTER ANIMATION AND SIMULATION_HOMEWORK\HW2\CSCI520-ASSIGNMENT2-STARTERCODE\FLTK-1.3.2\IDE\VISUALC2010\FLTKJPEG_DEBUG\JCMARKER.OBJ
E:\学习\USC\BOOKS\MYBOOKS\520 COMPUTER ANIMATION AND SIMULATION_HOMEWORK\HW2\CSCI520-ASSIGNMENT2-STARTERCODE\FLTK-1.3.2\IDE\VISUALC2010\FLTKJPEG_DEBUG\JCMASTER.OBJ
E:\学习\USC\BOOKS\MYBOOKS\520 COMPUTER ANIMATION AND SIMULATION_HOMEWORK\HW2\CSCI520-ASSIGNMENT2-STARTERCODE\FLTK-1.3.2\IDE\VISUALC2010\FLTKJPEG_DEBUG\JCOMAPI.OBJ
E:\学习\USC\BOOKS\MYBOOKS\520 COMPUTER ANIMATION AND SIMULATION_HOMEWORK\HW2\CSCI520-ASSIGNMENT2-STARTERCODE\FLTK-1.3.2\IDE\VISUALC2010\FLTKJPEG_DEBUG\JCPARAM.OBJ
E:\学习\USC\BOOKS\MYBOOKS\520 COMPUTER ANIMATION AND SIMULATION_HOMEWORK\HW2\CSCI520-ASSIGNMENT2-STARTERCODE\FLTK-1.3.2\IDE\VISUALC2010\FLTKJPEG_DEBUG\JCPREPCT.OBJ
E:\学习\USC\BOOKS\MYBOOKS\520 COMPUTER ANIMATION AND SIMULATION_HOMEWORK\HW2\CSCI520-ASSIGNMENT2-STARTERCODE\FLTK-1.3.2\IDE\VISUALC2010\FLTKJPEG_DEBUG\JCSAMPLE.OBJ
E:\学习\USC\BOOKS\MYBOOKS\520 COMPUTER ANIMATION AND SIMULATION_HOMEWORK\HW2\CSCI520-ASSIGNMENT2-STARTERCODE\FLTK-1.3.2\IDE\VISUALC2010\FLTKJPEG_DEBUG\JCTRANS.OBJ
E:\学习\USC\BOOKS\MYBOOKS\520 COMPUTER ANIMATION AND SIMULATION_HOMEWORK\HW2\CSCI520-ASSIGNMENT2-STARTERCODE\FLTK-1.3.2\IDE\VISUALC2010\FLTKJPEG_DEBUG\JDAPIMIN.OBJ
E:\学习\USC\BOOKS\MYBOOKS\520 COMPUTER ANIMATION AND SIMULATION_HOMEWORK\HW2\CSCI520-ASSIGNMENT2-STARTERCODE\FLTK-1.3.2\IDE\VISUALC2010\FLTKJPEG_DEBUG\JDAPISTD.OBJ
E:\学习\USC\BOOKS\MYBOOKS\520 COMPUTER ANIMATION AND SIMULATION_HOMEWORK\HW2\CSCI520-ASSIGNMENT2-STARTERCODE\FLTK-1.3.2\IDE\VISUALC2010\FLTKJPEG_DEBUG\JDARITH.OBJ
E:\学习\USC\BOOKS\MYBOOKS\520 COMPUTER ANIMATION AND SIMULATION_HOMEWORK\HW2\CSCI520-ASSIGNMENT2-STARTERCODE\FLTK-1.3.2\IDE\VISUALC2010\FLTKJPEG_DEBUG\JDATADST.OBJ
E:\学习\USC\BOOKS\MYBOOKS\520 COMPUTER ANIMATION AND SIMULATION_HOMEWORK\HW2\CSCI520-ASSIGNMENT2-STARTERCODE\FLTK-1.3.2\IDE\VISUALC2010\FLTKJPEG_DEBUG\JDATASRC.OBJ
E:\学习\USC\BOOKS\MYBOOKS\520 COMPUTER ANIMATION AND SIMULATION_HOMEWORK\HW2\CSCI520-ASSIGNMENT2-STARTERCODE\FLTK-1.3.2\IDE\VISUALC2010\FLTKJPEG_DEBUG\JDCOEFCT.OBJ
E:\学习\USC\BOOKS\MYBOOKS\520 COMPUTER ANIMATION AND SIMULATION_HOMEWORK\HW2\CSCI520-ASSIGNMENT2-STARTERCODE\FLTK-1.3.2\IDE\VISUALC2010\FLTKJPEG_DEBUG\JDCOLOR.OBJ
E:\学习\USC\BOOKS\MYBOOKS\520 COMPUTER ANIMATION AND SIMULATION_HOMEWORK\HW2\CSCI520-ASSIGNMENT2-STARTERCODE\FLTK-1.3.2\IDE\VISUALC2010\FLTKJPEG_DEBUG\JDDCTMGR.OBJ
E:\学习\USC\BOOKS\MYBOOKS\520 COMPUTER ANIMATION AND SIMULATION_HOMEWORK\HW2\CSCI520-ASSIGNMENT2-STARTERCODE\FLTK-1.3.2\IDE\VISUALC2010\FLTKJPEG_DEBUG\JDHUFF.OBJ
E:\学习\USC\BOOKS\MYBOOKS\520 COMPUTER ANIMATION AND SIMULATION_HOMEWORK\HW2\CSCI520-ASSIGNMENT2-STARTERCODE\FLTK-1.3.2\IDE\VISUALC2010\FLTKJPEG_DEBUG\JDINPUT.OBJ
E:\学习\USC\BOOKS\MYBOOKS\520 COMPUTER ANIMATION AND SIMULATION_HOMEWORK\HW2\CSCI520-ASSIGNMENT2-STARTERCODE\FLTK-1.3.2\IDE\VISUALC2010\FLTKJPEG_DEBUG\JDMAINCT.OBJ
E:\学习\USC\BOOKS\MYBOOKS\520 COMPUTER ANIMATION AND SIMULATION_HOMEWORK\HW2\CSCI520-ASSIGNMENT2-STARTERCODE\FLTK-1.3.2\IDE\VISUALC2010\FLTKJPEG_DEBUG\JDMARKER.OBJ
E:\学习\USC\BOOKS\MYBOOKS\520 COMPUTER ANIMATION AND SIMULATION_HOMEWORK\HW2\CSCI520-ASSIGNMENT2-STARTERCODE\FLTK-1.3.2\IDE\VISUALC2010\FLTKJPEG_DEBUG\JDMASTER.OBJ
E:\学习\USC\BOOKS\MYBOOKS\520 COMPUTER ANIMATION AND SIMULATION_HOMEWORK\HW2\CSCI520-ASSIGNMENT2-STARTERCODE\FLTK-1.3.2\IDE\VISUALC2010\FLTKJPEG_DEBUG\JDMERGE.OBJ
E:\学习\USC\BOOKS\MYBOOKS\520 COMPUTER ANIMATION AND SIMULATION_HOMEWORK\HW2\CSCI520-ASSIGNMENT2-STARTERCODE\FLTK-1.3.2\IDE\VISUALC2010\FLTKJPEG_DEBUG\JDPOSTCT.OBJ
E:\学习\USC\BOOKS\MYBOOKS\520 COMPUTER ANIMATION AND SIMULATION_HOMEWORK\HW2\CSCI520-ASSIGNMENT2-STARTERCODE\FLTK-1.3.2\IDE\VISUALC2010\FLTKJPEG_DEBUG\JDSAMPLE.OBJ
E:\学习\USC\BOOKS\MYBOOKS\520 COMPUTER ANIMATION AND SIMULATION_HOMEWORK\HW2\CSCI520-ASSIGNMENT2-STARTERCODE\FLTK-1.3.2\IDE\VISUALC2010\FLTKJPEG_DEBUG\JDTRANS.OBJ
E:\学习\USC\BOOKS\MYBOOKS\520 COMPUTER ANIMATION AND SIMULATION_HOMEWORK\HW2\CSCI520-ASSIGNMENT2-STARTERCODE\FLTK-1.3.2\IDE\VISUALC2010\FLTKJPEG_DEBUG\JERROR.OBJ
E:\学习\USC\BOOKS\MYBOOKS\520 COMPUTER ANIMATION AND SIMULATION_HOMEWORK\HW2\CSCI520-ASSIGNMENT2-STARTERCODE\FLTK-1.3.2\IDE\VISUALC2010\FLTKJPEG_DEBUG\JFDCTFLT.OBJ
E:\学习\USC\BOOKS\MYBOOKS\520 COMPUTER ANIMATION AND SIMULATION_HOMEWORK\HW2\CSCI520-ASSIGNMENT2-STARTERCODE\FLTK-1.3.2\IDE\VISUALC2010\FLTKJPEG_DEBUG\JFDCTFST.OBJ
E:\学习\USC\BOOKS\MYBOOKS\520 COMPUTER ANIMATION AND SIMULATION_HOMEWORK\HW2\CSCI520-ASSIGNMENT2-STARTERCODE\FLTK-1.3.2\IDE\VISUALC2010\FLTKJPEG_DEBUG\JFDCTINT.OBJ
E:\学习\USC\BOOKS\MYBOOKS\520 COMPUTER ANIMATION AND SIMULATION_HOMEWORK\HW2\CSCI520-ASSIGNMENT2-STARTERCODE\FLTK-1.3.2\IDE\VISUALC2010\FLTKJPEG_DEBUG\JIDCTFLT.OBJ
E:\学习\USC\BOOKS\MYBOOKS\520 COMPUTER ANIMATION AND SIMULATION_HOMEWORK\HW2\CSCI520-ASSIGNMENT2-STARTERCODE\FLTK-1.3.2\IDE\VISUALC2010\FLTKJPEG_DEBUG\JIDCTFST.OBJ
E:\学习\USC\BOOKS\MYBOOKS\520 COMPUTER ANIMATION AND SIMULATION_HOMEWORK\HW2\CSCI520-ASSIGNMENT2-STARTERCODE\FLTK-1.3.2\IDE\VISUALC2010\FLTKJPEG_DEBUG\JIDCTINT.OBJ
E:\学习\USC\BOOKS\MYBOOKS\520 COMPUTER ANIMATION AND SIMULATION_HOMEWORK\HW2\CSCI520-ASSIGNMENT2-STARTERCODE\FLTK-1.3.2\IDE\VISUALC2010\FLTKJPEG_DEBUG\JMEMMGR.OBJ
E:\学习\USC\BOOKS\MYBOOKS\520 COMPUTER ANIMATION AND SIMULATION_HOMEWORK\HW2\CSCI520-ASSIGNMENT2-STARTERCODE\FLTK-1.3.2\IDE\VISUALC2010\FLTKJPEG_DEBUG\JMEMNOBS.OBJ
E:\学习\USC\BOOKS\MYBOOKS\520 COMPUTER ANIMATION AND SIMULATION_HOMEWORK\HW2\CSCI520-ASSIGNMENT2-STARTERCODE\FLTK-1.3.2\IDE\VISUALC2010\FLTKJPEG_DEBUG\JQUANT1.OBJ
E:\学习\USC\BOOKS\MYBOOKS\520 COMPUTER ANIMATION AND SIMULATION_HOMEWORK\HW2\CSCI520-ASSIGNMENT2-STARTERCODE\FLTK-1.3.2\IDE\VISUALC2010\FLTKJPEG_DEBUG\JQUANT2.OBJ
E:\学习\USC\BOOKS\MYBOOKS\520 COMPUTER ANIMATION AND SIMULATION_HOMEWORK\HW2\CSCI520-ASSIGNMENT2-STARTERCODE\FLTK-1.3.2\IDE\VISUALC2010\FLTKJPEG_DEBUG\JUTILS.OBJ
E:\学习\USC\BOOKS\MYBOOKS\520 COMPUTER ANIMATION AND SIMULATION_HOMEWORK\HW2\CSCI520-ASSIGNMENT2-STARTERCODE\FLTK-1.3.2\IDE\VISUALC2010\FLTKJPEG_DEBUG\VC100.PDB
E:\学习\USC\BOOKS\MYBOOKS\520 COMPUTER ANIMATION AND SIMULATION_HOMEWORK\HW2\CSCI520-ASSIGNMENT2-STARTERCODE\FLTK-1.3.2\LIB\FLTKJPEGD.LIB
E:\学习\USC\Books\MyBooks\520 Computer Animation and Simulation_Homework\HW2\XiaotingBi_HW2\fltk-1.3.2\ide\VisualC2010\..\..\lib\fltkjpegd.lib
E:\学习\USC\Books\MyBooks\520 Computer Animation and Simulation_Homework\HW2\XiaotingBi_HW2\fltk-1.3.2\ide\VisualC2010\fltkjpeg_debug\cl.command.1.tlog
E:\学习\USC\Books\MyBooks\520 Computer Animation and Simulation_Homework\HW2\XiaotingBi_HW2\fltk-1.3.2\ide\VisualC2010\fltkjpeg_debug\CL.read.1.tlog
E:\学习\USC\Books\MyBooks\520 Computer Animation and Simulation_Homework\HW2\XiaotingBi_HW2\fltk-1.3.2\ide\VisualC2010\fltkjpeg_debug\CL.write.1.tlog
E:\学习\USC\Books\MyBooks\520 Computer Animation and Simulation_Homework\HW2\XiaotingBi_HW2\fltk-1.3.2\ide\VisualC2010\fltkjpeg_debug\fltkjpeg.write.1.tlog
E:\学习\USC\Books\MyBooks\520 Computer Animation and Simulation_Homework\HW2\XiaotingBi_HW2\fltk-1.3.2\ide\VisualC2010\fltkjpeg_debug\jpeg.vcxprojResolveAssemblyReference.cache
E:\学习\USC\Books\MyBooks\520 Computer Animation and Simulation_Homework\HW2\XiaotingBi_HW2\fltk-1.3.2\ide\VisualC2010\fltkjpeg_debug\lib.command.1.tlog
E:\学习\USC\Books\MyBooks\520 Computer Animation and Simulation_Homework\HW2\XiaotingBi_HW2\fltk-1.3.2\ide\VisualC2010\fltkjpeg_debug\Lib-link.read.1.tlog
E:\学习\USC\Books\MyBooks\520 Computer Animation and Simulation_Homework\HW2\XiaotingBi_HW2\fltk-1.3.2\ide\VisualC2010\fltkjpeg_debug\Lib-link.write.1.tlog
