生成启动时间为 2015/4/2 12:43:29。
     1>项目“E:\学习\USC\Books\MyBooks\520 Computer Animation and Simulation_Homework\HW2\XiaotingBi_HW2\fltk-1.3.2\ide\VisualC2010\jpeg.vcxproj”在节点 3 上(build 个目标)。
     1>InitializeBuildStatus:
         正在创建“.\fltkjpeg_debug\fltkjpeg.unsuccessfulbuild”，因为已指定“AlwaysCreate”。
       ClCompile:
         D:\Program Files (x86)\Microsoft Visual Studio 10.0\VC\bin\CL.exe /c /I. /I..\..\zlib /I..\..\png /I..\..\jpeg /I../.. /Zi /nologo /W1 /WX- /Od /Oy- /D _CRT_SECURE_NO_DEPRECATE /D WIN32 /D _DEBUG /D _WINDOWS /D WIN32_LEAN_AND_MEAN /D VC_EXTRA_LEAN /D WIN32_EXTRA_LEAN /D _VC80_UPGRADE=0x0710 /Gm- /EHsc /MDd /GS /fp:precise /Zc:wchar_t /Zc:forScope /Fo".\fltkjpeg_debug\\" /Fd".\fltkjpeg_debug\vc100.pdb" /Gd /TC /analyze- /errorReport:prompt ..\..\jpeg\jcapimin.c ..\..\jpeg\jcapistd.c ..\..\jpeg\jccoefct.c ..\..\jpeg\jccolor.c ..\..\jpeg\jcdctmgr.c ..\..\jpeg\jchuff.c ..\..\jpeg\jcinit.c ..\..\jpeg\jcmainct.c ..\..\jpeg\jcmarker.c ..\..\jpeg\jcmaster.c ..\..\jpeg\jcomapi.c ..\..\jpeg\jcparam.c ..\..\jpeg\jaricom.c ..\..\jpeg\jcarith.c ..\..\jpeg\jdarith.c ..\..\jpeg\jcprepct.c ..\..\jpeg\jcsample.c ..\..\jpeg\jctrans.c ..\..\jpeg\jdapimin.c ..\..\jpeg\jdapistd.c ..\..\jpeg\jdatadst.c ..\..\jpeg\jdatasrc.c ..\..\jpeg\jdcoefct.c ..\..\jpeg\jdcolor.c ..\..\jpeg\jddctmgr.c ..\..\jpeg\jdhuff.c ..\..\jpeg\jdinput.c ..\..\jpeg\jdmainct.c ..\..\jpeg\jdmarker.c ..\..\jpeg\jdmaster.c ..\..\jpeg\jdmerge.c ..\..\jpeg\jdpostct.c ..\..\jpeg\jdsample.c ..\..\jpeg\jdtrans.c ..\..\jpeg\jerror.c ..\..\jpeg\jfdctflt.c ..\..\jpeg\jfdctfst.c ..\..\jpeg\jfdctint.c ..\..\jpeg\jidctflt.c ..\..\jpeg\jidctfst.c ..\..\jpeg\jidctint.c ..\..\jpeg\jmemmgr.c ..\..\jpeg\jmemnobs.c ..\..\jpeg\jquant1.c ..\..\jpeg\jquant2.c ..\..\jpeg\jutils.c
         jcapimin.c
         jcapistd.c
         jccoefct.c
         jccolor.c
         jcdctmgr.c
         jchuff.c
         jcinit.c
         jcmainct.c
         jcmarker.c
         jcmaster.c
         jcomapi.c
         jcparam.c
         jaricom.c
         jcarith.c
         jdarith.c
         jcprepct.c
         jcsample.c
         jctrans.c
         jdapimin.c
         jdapistd.c
         正在生成代码...
         正在编译...
         jdatadst.c
         jdatasrc.c
         jdcoefct.c
         jdcolor.c
         jddctmgr.c
         jdhuff.c
         jdinput.c
         jdmainct.c
         jdmarker.c
         jdmaster.c
         jdmerge.c
         jdpostct.c
         jdsample.c
         jdtrans.c
         jerror.c
         jfdctflt.c
         jfdctfst.c
         jfdctint.c
         jidctflt.c
         jidctfst.c
         正在生成代码...
         正在编译...
         jidctint.c
         jmemmgr.c
         jmemnobs.c
         jquant1.c
         jquant2.c
         jutils.c
         正在生成代码...
       Lib:
         D:\Program Files (x86)\Microsoft Visual Studio 10.0\VC\bin\Lib.exe /OUT:"..\..\lib\fltkjpegd.lib" /NOLOGO .\fltkjpeg_debug\jcapimin.obj
         .\fltkjpeg_debug\jcapistd.obj
         .\fltkjpeg_debug\jccoefct.obj
         .\fltkjpeg_debug\jccolor.obj
         .\fltkjpeg_debug\jcdctmgr.obj
         .\fltkjpeg_debug\jchuff.obj
         .\fltkjpeg_debug\jcinit.obj
         .\fltkjpeg_debug\jcmainct.obj
         .\fltkjpeg_debug\jcmarker.obj
         .\fltkjpeg_debug\jcmaster.obj
         .\fltkjpeg_debug\jcomapi.obj
         .\fltkjpeg_debug\jcparam.obj
         .\fltkjpeg_debug\jaricom.obj
         .\fltkjpeg_debug\jcarith.obj
         .\fltkjpeg_debug\jdarith.obj
         .\fltkjpeg_debug\jcprepct.obj
         .\fltkjpeg_debug\jcsample.obj
         .\fltkjpeg_debug\jctrans.obj
         .\fltkjpeg_debug\jdapimin.obj
         .\fltkjpeg_debug\jdapistd.obj
         .\fltkjpeg_debug\jdatadst.obj
         .\fltkjpeg_debug\jdatasrc.obj
         .\fltkjpeg_debug\jdcoefct.obj
         .\fltkjpeg_debug\jdcolor.obj
         .\fltkjpeg_debug\jddctmgr.obj
         .\fltkjpeg_debug\jdhuff.obj
         .\fltkjpeg_debug\jdinput.obj
         .\fltkjpeg_debug\jdmainct.obj
         .\fltkjpeg_debug\jdmarker.obj
         .\fltkjpeg_debug\jdmaster.obj
         .\fltkjpeg_debug\jdmerge.obj
         .\fltkjpeg_debug\jdpostct.obj
         .\fltkjpeg_debug\jdsample.obj
         .\fltkjpeg_debug\jdtrans.obj
         .\fltkjpeg_debug\jerror.obj
         .\fltkjpeg_debug\jfdctflt.obj
         .\fltkjpeg_debug\jfdctfst.obj
         .\fltkjpeg_debug\jfdctint.obj
         .\fltkjpeg_debug\jidctflt.obj
         .\fltkjpeg_debug\jidctfst.obj
         .\fltkjpeg_debug\jidctint.obj
         .\fltkjpeg_debug\jmemmgr.obj
         .\fltkjpeg_debug\jmemnobs.obj
         .\fltkjpeg_debug\jquant1.obj
         .\fltkjpeg_debug\jquant2.obj
         .\fltkjpeg_debug\jutils.obj
         jpeg.vcxproj -> E:\学习\USC\Books\MyBooks\520 Computer Animation and Simulation_Homework\HW2\XiaotingBi_HW2\fltk-1.3.2\ide\VisualC2010\..\..\lib\fltkjpegd.lib
       FinalizeBuildStatus:
         正在删除文件“.\fltkjpeg_debug\fltkjpeg.unsuccessfulbuild”。
         正在对“.\fltkjpeg_debug\fltkjpeg.lastbuildstate”执行 Touch 任务。
     1>已完成生成项目“E:\学习\USC\Books\MyBooks\520 Computer Animation and Simulation_Homework\HW2\XiaotingBi_HW2\fltk-1.3.2\ide\VisualC2010\jpeg.vcxproj”(build 个目标)的操作。

生成成功。

已用时间 00:00:20.46
