..\..\lib\fltkd.bsc
E:\学习\USC\BOOKS\MYBOOKS\520 COMPUTER ANIMATION AND SIMULATION_HOMEWORK\HW2\CSCI520-ASSIGNMENT2-STARTERCODE\FLTK-1.3.2\IDE\VISUALC2010\FLTK_DEBUG\CASE.OBJ
E:\学习\USC\BOOKS\MYBOOKS\520 COMPUTER ANIMATION AND SIMULATION_HOMEWORK\HW2\CSCI520-ASSIGNMENT2-STARTERCODE\FLTK-1.3.2\IDE\VISUALC2010\FLTK_DEBUG\CASE.SBR
E:\学习\USC\BOOKS\MYBOOKS\520 COMPUTER ANIMATION AND SIMULATION_HOMEWORK\HW2\CSCI520-ASSIGNMENT2-STARTERCODE\FLTK-1.3.2\IDE\VISUALC2010\FLTK_DEBUG\FILENAME_ABSOLUTE.OBJ
E:\学习\USC\BOOKS\MYBOOKS\520 COMPUTER ANIMATION AND SIMULATION_HOMEWORK\HW2\CSCI520-ASSIGNMENT2-STARTERCODE\FLTK-1.3.2\IDE\VISUALC2010\FLTK_DEBUG\FILENAME_ABSOLUTE.SBR
E:\学习\USC\BOOKS\MYBOOKS\520 COMPUTER ANIMATION AND SIMULATION_HOMEWORK\HW2\CSCI520-ASSIGNMENT2-STARTERCODE\FLTK-1.3.2\IDE\VISUALC2010\FLTK_DEBUG\FILENAME_EXPAND.OBJ
E:\学习\USC\BOOKS\MYBOOKS\520 COMPUTER ANIMATION AND SIMULATION_HOMEWORK\HW2\CSCI520-ASSIGNMENT2-STARTERCODE\FLTK-1.3.2\IDE\VISUALC2010\FLTK_DEBUG\FILENAME_EXPAND.SBR
E:\学习\USC\BOOKS\MYBOOKS\520 COMPUTER ANIMATION AND SIMULATION_HOMEWORK\HW2\CSCI520-ASSIGNMENT2-STARTERCODE\FLTK-1.3.2\IDE\VISUALC2010\FLTK_DEBUG\FILENAME_EXT.OBJ
E:\学习\USC\BOOKS\MYBOOKS\520 COMPUTER ANIMATION AND SIMULATION_HOMEWORK\HW2\CSCI520-ASSIGNMENT2-STARTERCODE\FLTK-1.3.2\IDE\VISUALC2010\FLTK_DEBUG\FILENAME_EXT.SBR
E:\学习\USC\BOOKS\MYBOOKS\520 COMPUTER ANIMATION AND SIMULATION_HOMEWORK\HW2\CSCI520-ASSIGNMENT2-STARTERCODE\FLTK-1.3.2\IDE\VISUALC2010\FLTK_DEBUG\FILENAME_ISDIR.OBJ
E:\学习\USC\BOOKS\MYBOOKS\520 COMPUTER ANIMATION AND SIMULATION_HOMEWORK\HW2\CSCI520-ASSIGNMENT2-STARTERCODE\FLTK-1.3.2\IDE\VISUALC2010\FLTK_DEBUG\FILENAME_ISDIR.SBR
E:\学习\USC\BOOKS\MYBOOKS\520 COMPUTER ANIMATION AND SIMULATION_HOMEWORK\HW2\CSCI520-ASSIGNMENT2-STARTERCODE\FLTK-1.3.2\IDE\VISUALC2010\FLTK_DEBUG\FILENAME_LIST.OBJ
E:\学习\USC\BOOKS\MYBOOKS\520 COMPUTER ANIMATION AND SIMULATION_HOMEWORK\HW2\CSCI520-ASSIGNMENT2-STARTERCODE\FLTK-1.3.2\IDE\VISUALC2010\FLTK_DEBUG\FILENAME_LIST.SBR
E:\学习\USC\BOOKS\MYBOOKS\520 COMPUTER ANIMATION AND SIMULATION_HOMEWORK\HW2\CSCI520-ASSIGNMENT2-STARTERCODE\FLTK-1.3.2\IDE\VISUALC2010\FLTK_DEBUG\FILENAME_MATCH.OBJ
E:\学习\USC\BOOKS\MYBOOKS\520 COMPUTER ANIMATION AND SIMULATION_HOMEWORK\HW2\CSCI520-ASSIGNMENT2-STARTERCODE\FLTK-1.3.2\IDE\VISUALC2010\FLTK_DEBUG\FILENAME_MATCH.SBR
E:\学习\USC\BOOKS\MYBOOKS\520 COMPUTER ANIMATION AND SIMULATION_HOMEWORK\HW2\CSCI520-ASSIGNMENT2-STARTERCODE\FLTK-1.3.2\IDE\VISUALC2010\FLTK_DEBUG\FILENAME_SETEXT.OBJ
E:\学习\USC\BOOKS\MYBOOKS\520 COMPUTER ANIMATION AND SIMULATION_HOMEWORK\HW2\CSCI520-ASSIGNMENT2-STARTERCODE\FLTK-1.3.2\IDE\VISUALC2010\FLTK_DEBUG\FILENAME_SETEXT.SBR
E:\学习\USC\BOOKS\MYBOOKS\520 COMPUTER ANIMATION AND SIMULATION_HOMEWORK\HW2\CSCI520-ASSIGNMENT2-STARTERCODE\FLTK-1.3.2\IDE\VISUALC2010\FLTK_DEBUG\FL.OBJ
E:\学习\USC\BOOKS\MYBOOKS\520 COMPUTER ANIMATION AND SIMULATION_HOMEWORK\HW2\CSCI520-ASSIGNMENT2-STARTERCODE\FLTK-1.3.2\IDE\VISUALC2010\FLTK_DEBUG\FL.SBR
E:\学习\USC\BOOKS\MYBOOKS\520 COMPUTER ANIMATION AND SIMULATION_HOMEWORK\HW2\CSCI520-ASSIGNMENT2-STARTERCODE\FLTK-1.3.2\IDE\VISUALC2010\FLTK_DEBUG\FL_ABORT.OBJ
E:\学习\USC\BOOKS\MYBOOKS\520 COMPUTER ANIMATION AND SIMULATION_HOMEWORK\HW2\CSCI520-ASSIGNMENT2-STARTERCODE\FLTK-1.3.2\IDE\VISUALC2010\FLTK_DEBUG\FL_ABORT.SBR
E:\学习\USC\BOOKS\MYBOOKS\520 COMPUTER ANIMATION AND SIMULATION_HOMEWORK\HW2\CSCI520-ASSIGNMENT2-STARTERCODE\FLTK-1.3.2\IDE\VISUALC2010\FLTK_DEBUG\FL_ADD_IDLE.OBJ
E:\学习\USC\BOOKS\MYBOOKS\520 COMPUTER ANIMATION AND SIMULATION_HOMEWORK\HW2\CSCI520-ASSIGNMENT2-STARTERCODE\FLTK-1.3.2\IDE\VISUALC2010\FLTK_DEBUG\FL_ADD_IDLE.SBR
E:\学习\USC\BOOKS\MYBOOKS\520 COMPUTER ANIMATION AND SIMULATION_HOMEWORK\HW2\CSCI520-ASSIGNMENT2-STARTERCODE\FLTK-1.3.2\IDE\VISUALC2010\FLTK_DEBUG\FL_ADJUSTER.OBJ
E:\学习\USC\BOOKS\MYBOOKS\520 COMPUTER ANIMATION AND SIMULATION_HOMEWORK\HW2\CSCI520-ASSIGNMENT2-STARTERCODE\FLTK-1.3.2\IDE\VISUALC2010\FLTK_DEBUG\FL_ADJUSTER.SBR
E:\学习\USC\BOOKS\MYBOOKS\520 COMPUTER ANIMATION AND SIMULATION_HOMEWORK\HW2\CSCI520-ASSIGNMENT2-STARTERCODE\FLTK-1.3.2\IDE\VISUALC2010\FLTK_DEBUG\FL_ARC.OBJ
E:\学习\USC\BOOKS\MYBOOKS\520 COMPUTER ANIMATION AND SIMULATION_HOMEWORK\HW2\CSCI520-ASSIGNMENT2-STARTERCODE\FLTK-1.3.2\IDE\VISUALC2010\FLTK_DEBUG\FL_ARC.SBR
E:\学习\USC\BOOKS\MYBOOKS\520 COMPUTER ANIMATION AND SIMULATION_HOMEWORK\HW2\CSCI520-ASSIGNMENT2-STARTERCODE\FLTK-1.3.2\IDE\VISUALC2010\FLTK_DEBUG\FL_ARCI.OBJ
E:\学习\USC\BOOKS\MYBOOKS\520 COMPUTER ANIMATION AND SIMULATION_HOMEWORK\HW2\CSCI520-ASSIGNMENT2-STARTERCODE\FLTK-1.3.2\IDE\VISUALC2010\FLTK_DEBUG\FL_ARCI.SBR
E:\学习\USC\BOOKS\MYBOOKS\520 COMPUTER ANIMATION AND SIMULATION_HOMEWORK\HW2\CSCI520-ASSIGNMENT2-STARTERCODE\FLTK-1.3.2\IDE\VISUALC2010\FLTK_DEBUG\FL_ARG.OBJ
E:\学习\USC\BOOKS\MYBOOKS\520 COMPUTER ANIMATION AND SIMULATION_HOMEWORK\HW2\CSCI520-ASSIGNMENT2-STARTERCODE\FLTK-1.3.2\IDE\VISUALC2010\FLTK_DEBUG\FL_ARG.SBR
E:\学习\USC\BOOKS\MYBOOKS\520 COMPUTER ANIMATION AND SIMULATION_HOMEWORK\HW2\CSCI520-ASSIGNMENT2-STARTERCODE\FLTK-1.3.2\IDE\VISUALC2010\FLTK_DEBUG\FL_ASK.OBJ
E:\学习\USC\BOOKS\MYBOOKS\520 COMPUTER ANIMATION AND SIMULATION_HOMEWORK\HW2\CSCI520-ASSIGNMENT2-STARTERCODE\FLTK-1.3.2\IDE\VISUALC2010\FLTK_DEBUG\FL_ASK.SBR
E:\学习\USC\BOOKS\MYBOOKS\520 COMPUTER ANIMATION AND SIMULATION_HOMEWORK\HW2\CSCI520-ASSIGNMENT2-STARTERCODE\FLTK-1.3.2\IDE\VISUALC2010\FLTK_DEBUG\FL_BITMAP.OBJ
E:\学习\USC\BOOKS\MYBOOKS\520 COMPUTER ANIMATION AND SIMULATION_HOMEWORK\HW2\CSCI520-ASSIGNMENT2-STARTERCODE\FLTK-1.3.2\IDE\VISUALC2010\FLTK_DEBUG\FL_BITMAP.SBR
E:\学习\USC\BOOKS\MYBOOKS\520 COMPUTER ANIMATION AND SIMULATION_HOMEWORK\HW2\CSCI520-ASSIGNMENT2-STARTERCODE\FLTK-1.3.2\IDE\VISUALC2010\FLTK_DEBUG\FL_BOX.OBJ
E:\学习\USC\BOOKS\MYBOOKS\520 COMPUTER ANIMATION AND SIMULATION_HOMEWORK\HW2\CSCI520-ASSIGNMENT2-STARTERCODE\FLTK-1.3.2\IDE\VISUALC2010\FLTK_DEBUG\FL_BOX.SBR
E:\学习\USC\BOOKS\MYBOOKS\520 COMPUTER ANIMATION AND SIMULATION_HOMEWORK\HW2\CSCI520-ASSIGNMENT2-STARTERCODE\FLTK-1.3.2\IDE\VISUALC2010\FLTK_DEBUG\FL_BOXTYPE.OBJ
E:\学习\USC\BOOKS\MYBOOKS\520 COMPUTER ANIMATION AND SIMULATION_HOMEWORK\HW2\CSCI520-ASSIGNMENT2-STARTERCODE\FLTK-1.3.2\IDE\VISUALC2010\FLTK_DEBUG\FL_BOXTYPE.SBR
E:\学习\USC\BOOKS\MYBOOKS\520 COMPUTER ANIMATION AND SIMULATION_HOMEWORK\HW2\CSCI520-ASSIGNMENT2-STARTERCODE\FLTK-1.3.2\IDE\VISUALC2010\FLTK_DEBUG\FL_BROWSER.OBJ
E:\学习\USC\BOOKS\MYBOOKS\520 COMPUTER ANIMATION AND SIMULATION_HOMEWORK\HW2\CSCI520-ASSIGNMENT2-STARTERCODE\FLTK-1.3.2\IDE\VISUALC2010\FLTK_DEBUG\FL_BROWSER.SBR
E:\学习\USC\BOOKS\MYBOOKS\520 COMPUTER ANIMATION AND SIMULATION_HOMEWORK\HW2\CSCI520-ASSIGNMENT2-STARTERCODE\FLTK-1.3.2\IDE\VISUALC2010\FLTK_DEBUG\FL_BROWSER_.OBJ
E:\学习\USC\BOOKS\MYBOOKS\520 COMPUTER ANIMATION AND SIMULATION_HOMEWORK\HW2\CSCI520-ASSIGNMENT2-STARTERCODE\FLTK-1.3.2\IDE\VISUALC2010\FLTK_DEBUG\FL_BROWSER_.SBR
E:\学习\USC\BOOKS\MYBOOKS\520 COMPUTER ANIMATION AND SIMULATION_HOMEWORK\HW2\CSCI520-ASSIGNMENT2-STARTERCODE\FLTK-1.3.2\IDE\VISUALC2010\FLTK_DEBUG\FL_BROWSER_LOAD.OBJ
E:\学习\USC\BOOKS\MYBOOKS\520 COMPUTER ANIMATION AND SIMULATION_HOMEWORK\HW2\CSCI520-ASSIGNMENT2-STARTERCODE\FLTK-1.3.2\IDE\VISUALC2010\FLTK_DEBUG\FL_BROWSER_LOAD.SBR
E:\学习\USC\BOOKS\MYBOOKS\520 COMPUTER ANIMATION AND SIMULATION_HOMEWORK\HW2\CSCI520-ASSIGNMENT2-STARTERCODE\FLTK-1.3.2\IDE\VISUALC2010\FLTK_DEBUG\FL_BUTTON.OBJ
E:\学习\USC\BOOKS\MYBOOKS\520 COMPUTER ANIMATION AND SIMULATION_HOMEWORK\HW2\CSCI520-ASSIGNMENT2-STARTERCODE\FLTK-1.3.2\IDE\VISUALC2010\FLTK_DEBUG\FL_BUTTON.SBR
E:\学习\USC\BOOKS\MYBOOKS\520 COMPUTER ANIMATION AND SIMULATION_HOMEWORK\HW2\CSCI520-ASSIGNMENT2-STARTERCODE\FLTK-1.3.2\IDE\VISUALC2010\FLTK_DEBUG\FL_CAIRO.OBJ
E:\学习\USC\BOOKS\MYBOOKS\520 COMPUTER ANIMATION AND SIMULATION_HOMEWORK\HW2\CSCI520-ASSIGNMENT2-STARTERCODE\FLTK-1.3.2\IDE\VISUALC2010\FLTK_DEBUG\FL_CAIRO.SBR
E:\学习\USC\BOOKS\MYBOOKS\520 COMPUTER ANIMATION AND SIMULATION_HOMEWORK\HW2\CSCI520-ASSIGNMENT2-STARTERCODE\FLTK-1.3.2\IDE\VISUALC2010\FLTK_DEBUG\FL_CALL_MAIN.OBJ
E:\学习\USC\BOOKS\MYBOOKS\520 COMPUTER ANIMATION AND SIMULATION_HOMEWORK\HW2\CSCI520-ASSIGNMENT2-STARTERCODE\FLTK-1.3.2\IDE\VISUALC2010\FLTK_DEBUG\FL_CALL_MAIN.SBR
E:\学习\USC\BOOKS\MYBOOKS\520 COMPUTER ANIMATION AND SIMULATION_HOMEWORK\HW2\CSCI520-ASSIGNMENT2-STARTERCODE\FLTK-1.3.2\IDE\VISUALC2010\FLTK_DEBUG\FL_CHART.OBJ
E:\学习\USC\BOOKS\MYBOOKS\520 COMPUTER ANIMATION AND SIMULATION_HOMEWORK\HW2\CSCI520-ASSIGNMENT2-STARTERCODE\FLTK-1.3.2\IDE\VISUALC2010\FLTK_DEBUG\FL_CHART.SBR
E:\学习\USC\BOOKS\MYBOOKS\520 COMPUTER ANIMATION AND SIMULATION_HOMEWORK\HW2\CSCI520-ASSIGNMENT2-STARTERCODE\FLTK-1.3.2\IDE\VISUALC2010\FLTK_DEBUG\FL_CHECK_BROWSER.OBJ
E:\学习\USC\BOOKS\MYBOOKS\520 COMPUTER ANIMATION AND SIMULATION_HOMEWORK\HW2\CSCI520-ASSIGNMENT2-STARTERCODE\FLTK-1.3.2\IDE\VISUALC2010\FLTK_DEBUG\FL_CHECK_BROWSER.SBR
E:\学习\USC\BOOKS\MYBOOKS\520 COMPUTER ANIMATION AND SIMULATION_HOMEWORK\HW2\CSCI520-ASSIGNMENT2-STARTERCODE\FLTK-1.3.2\IDE\VISUALC2010\FLTK_DEBUG\FL_CHECK_BUTTON.OBJ
E:\学习\USC\BOOKS\MYBOOKS\520 COMPUTER ANIMATION AND SIMULATION_HOMEWORK\HW2\CSCI520-ASSIGNMENT2-STARTERCODE\FLTK-1.3.2\IDE\VISUALC2010\FLTK_DEBUG\FL_CHECK_BUTTON.SBR
E:\学习\USC\BOOKS\MYBOOKS\520 COMPUTER ANIMATION AND SIMULATION_HOMEWORK\HW2\CSCI520-ASSIGNMENT2-STARTERCODE\FLTK-1.3.2\IDE\VISUALC2010\FLTK_DEBUG\FL_CHOICE.OBJ
E:\学习\USC\BOOKS\MYBOOKS\520 COMPUTER ANIMATION AND SIMULATION_HOMEWORK\HW2\CSCI520-ASSIGNMENT2-STARTERCODE\FLTK-1.3.2\IDE\VISUALC2010\FLTK_DEBUG\FL_CHOICE.SBR
E:\学习\USC\BOOKS\MYBOOKS\520 COMPUTER ANIMATION AND SIMULATION_HOMEWORK\HW2\CSCI520-ASSIGNMENT2-STARTERCODE\FLTK-1.3.2\IDE\VISUALC2010\FLTK_DEBUG\FL_CLOCK.OBJ
E:\学习\USC\BOOKS\MYBOOKS\520 COMPUTER ANIMATION AND SIMULATION_HOMEWORK\HW2\CSCI520-ASSIGNMENT2-STARTERCODE\FLTK-1.3.2\IDE\VISUALC2010\FLTK_DEBUG\FL_CLOCK.SBR
E:\学习\USC\BOOKS\MYBOOKS\520 COMPUTER ANIMATION AND SIMULATION_HOMEWORK\HW2\CSCI520-ASSIGNMENT2-STARTERCODE\FLTK-1.3.2\IDE\VISUALC2010\FLTK_DEBUG\FL_COLOR.OBJ
E:\学习\USC\BOOKS\MYBOOKS\520 COMPUTER ANIMATION AND SIMULATION_HOMEWORK\HW2\CSCI520-ASSIGNMENT2-STARTERCODE\FLTK-1.3.2\IDE\VISUALC2010\FLTK_DEBUG\FL_COLOR.SBR
E:\学习\USC\BOOKS\MYBOOKS\520 COMPUTER ANIMATION AND SIMULATION_HOMEWORK\HW2\CSCI520-ASSIGNMENT2-STARTERCODE\FLTK-1.3.2\IDE\VISUALC2010\FLTK_DEBUG\FL_COLOR_CHOOSER.OBJ
E:\学习\USC\BOOKS\MYBOOKS\520 COMPUTER ANIMATION AND SIMULATION_HOMEWORK\HW2\CSCI520-ASSIGNMENT2-STARTERCODE\FLTK-1.3.2\IDE\VISUALC2010\FLTK_DEBUG\FL_COLOR_CHOOSER.SBR
E:\学习\USC\BOOKS\MYBOOKS\520 COMPUTER ANIMATION AND SIMULATION_HOMEWORK\HW2\CSCI520-ASSIGNMENT2-STARTERCODE\FLTK-1.3.2\IDE\VISUALC2010\FLTK_DEBUG\FL_COMPOSE.OBJ
E:\学习\USC\BOOKS\MYBOOKS\520 COMPUTER ANIMATION AND SIMULATION_HOMEWORK\HW2\CSCI520-ASSIGNMENT2-STARTERCODE\FLTK-1.3.2\IDE\VISUALC2010\FLTK_DEBUG\FL_COMPOSE.SBR
E:\学习\USC\BOOKS\MYBOOKS\520 COMPUTER ANIMATION AND SIMULATION_HOMEWORK\HW2\CSCI520-ASSIGNMENT2-STARTERCODE\FLTK-1.3.2\IDE\VISUALC2010\FLTK_DEBUG\FL_COUNTER.OBJ
E:\学习\USC\BOOKS\MYBOOKS\520 COMPUTER ANIMATION AND SIMULATION_HOMEWORK\HW2\CSCI520-ASSIGNMENT2-STARTERCODE\FLTK-1.3.2\IDE\VISUALC2010\FLTK_DEBUG\FL_COUNTER.SBR
E:\学习\USC\BOOKS\MYBOOKS\520 COMPUTER ANIMATION AND SIMULATION_HOMEWORK\HW2\CSCI520-ASSIGNMENT2-STARTERCODE\FLTK-1.3.2\IDE\VISUALC2010\FLTK_DEBUG\FL_CURSOR.OBJ
E:\学习\USC\BOOKS\MYBOOKS\520 COMPUTER ANIMATION AND SIMULATION_HOMEWORK\HW2\CSCI520-ASSIGNMENT2-STARTERCODE\FLTK-1.3.2\IDE\VISUALC2010\FLTK_DEBUG\FL_CURSOR.SBR
E:\学习\USC\BOOKS\MYBOOKS\520 COMPUTER ANIMATION AND SIMULATION_HOMEWORK\HW2\CSCI520-ASSIGNMENT2-STARTERCODE\FLTK-1.3.2\IDE\VISUALC2010\FLTK_DEBUG\FL_CURVE.OBJ
E:\学习\USC\BOOKS\MYBOOKS\520 COMPUTER ANIMATION AND SIMULATION_HOMEWORK\HW2\CSCI520-ASSIGNMENT2-STARTERCODE\FLTK-1.3.2\IDE\VISUALC2010\FLTK_DEBUG\FL_CURVE.SBR
E:\学习\USC\BOOKS\MYBOOKS\520 COMPUTER ANIMATION AND SIMULATION_HOMEWORK\HW2\CSCI520-ASSIGNMENT2-STARTERCODE\FLTK-1.3.2\IDE\VISUALC2010\FLTK_DEBUG\FL_DEVICE.OBJ
E:\学习\USC\BOOKS\MYBOOKS\520 COMPUTER ANIMATION AND SIMULATION_HOMEWORK\HW2\CSCI520-ASSIGNMENT2-STARTERCODE\FLTK-1.3.2\IDE\VISUALC2010\FLTK_DEBUG\FL_DEVICE.SBR
E:\学习\USC\BOOKS\MYBOOKS\520 COMPUTER ANIMATION AND SIMULATION_HOMEWORK\HW2\CSCI520-ASSIGNMENT2-STARTERCODE\FLTK-1.3.2\IDE\VISUALC2010\FLTK_DEBUG\FL_DIAL.OBJ
E:\学习\USC\BOOKS\MYBOOKS\520 COMPUTER ANIMATION AND SIMULATION_HOMEWORK\HW2\CSCI520-ASSIGNMENT2-STARTERCODE\FLTK-1.3.2\IDE\VISUALC2010\FLTK_DEBUG\FL_DIAL.SBR
E:\学习\USC\BOOKS\MYBOOKS\520 COMPUTER ANIMATION AND SIMULATION_HOMEWORK\HW2\CSCI520-ASSIGNMENT2-STARTERCODE\FLTK-1.3.2\IDE\VISUALC2010\FLTK_DEBUG\FL_DIAMOND_BOX.OBJ
E:\学习\USC\BOOKS\MYBOOKS\520 COMPUTER ANIMATION AND SIMULATION_HOMEWORK\HW2\CSCI520-ASSIGNMENT2-STARTERCODE\FLTK-1.3.2\IDE\VISUALC2010\FLTK_DEBUG\FL_DIAMOND_BOX.SBR
E:\学习\USC\BOOKS\MYBOOKS\520 COMPUTER ANIMATION AND SIMULATION_HOMEWORK\HW2\CSCI520-ASSIGNMENT2-STARTERCODE\FLTK-1.3.2\IDE\VISUALC2010\FLTK_DEBUG\FL_DISPLAY.OBJ
E:\学习\USC\BOOKS\MYBOOKS\520 COMPUTER ANIMATION AND SIMULATION_HOMEWORK\HW2\CSCI520-ASSIGNMENT2-STARTERCODE\FLTK-1.3.2\IDE\VISUALC2010\FLTK_DEBUG\FL_DISPLAY.SBR
E:\学习\USC\BOOKS\MYBOOKS\520 COMPUTER ANIMATION AND SIMULATION_HOMEWORK\HW2\CSCI520-ASSIGNMENT2-STARTERCODE\FLTK-1.3.2\IDE\VISUALC2010\FLTK_DEBUG\FL_DND.OBJ
E:\学习\USC\BOOKS\MYBOOKS\520 COMPUTER ANIMATION AND SIMULATION_HOMEWORK\HW2\CSCI520-ASSIGNMENT2-STARTERCODE\FLTK-1.3.2\IDE\VISUALC2010\FLTK_DEBUG\FL_DND.SBR
E:\学习\USC\BOOKS\MYBOOKS\520 COMPUTER ANIMATION AND SIMULATION_HOMEWORK\HW2\CSCI520-ASSIGNMENT2-STARTERCODE\FLTK-1.3.2\IDE\VISUALC2010\FLTK_DEBUG\FL_DOUBLE_WINDOW.OBJ
E:\学习\USC\BOOKS\MYBOOKS\520 COMPUTER ANIMATION AND SIMULATION_HOMEWORK\HW2\CSCI520-ASSIGNMENT2-STARTERCODE\FLTK-1.3.2\IDE\VISUALC2010\FLTK_DEBUG\FL_DOUBLE_WINDOW.SBR
E:\学习\USC\BOOKS\MYBOOKS\520 COMPUTER ANIMATION AND SIMULATION_HOMEWORK\HW2\CSCI520-ASSIGNMENT2-STARTERCODE\FLTK-1.3.2\IDE\VISUALC2010\FLTK_DEBUG\FL_DRAW.OBJ
E:\学习\USC\BOOKS\MYBOOKS\520 COMPUTER ANIMATION AND SIMULATION_HOMEWORK\HW2\CSCI520-ASSIGNMENT2-STARTERCODE\FLTK-1.3.2\IDE\VISUALC2010\FLTK_DEBUG\FL_DRAW.SBR
E:\学习\USC\BOOKS\MYBOOKS\520 COMPUTER ANIMATION AND SIMULATION_HOMEWORK\HW2\CSCI520-ASSIGNMENT2-STARTERCODE\FLTK-1.3.2\IDE\VISUALC2010\FLTK_DEBUG\FL_DRAW_IMAGE.OBJ
E:\学习\USC\BOOKS\MYBOOKS\520 COMPUTER ANIMATION AND SIMULATION_HOMEWORK\HW2\CSCI520-ASSIGNMENT2-STARTERCODE\FLTK-1.3.2\IDE\VISUALC2010\FLTK_DEBUG\FL_DRAW_IMAGE.SBR
E:\学习\USC\BOOKS\MYBOOKS\520 COMPUTER ANIMATION AND SIMULATION_HOMEWORK\HW2\CSCI520-ASSIGNMENT2-STARTERCODE\FLTK-1.3.2\IDE\VISUALC2010\FLTK_DEBUG\FL_DRAW_PIXMAP.OBJ
E:\学习\USC\BOOKS\MYBOOKS\520 COMPUTER ANIMATION AND SIMULATION_HOMEWORK\HW2\CSCI520-ASSIGNMENT2-STARTERCODE\FLTK-1.3.2\IDE\VISUALC2010\FLTK_DEBUG\FL_DRAW_PIXMAP.SBR
E:\学习\USC\BOOKS\MYBOOKS\520 COMPUTER ANIMATION AND SIMULATION_HOMEWORK\HW2\CSCI520-ASSIGNMENT2-STARTERCODE\FLTK-1.3.2\IDE\VISUALC2010\FLTK_DEBUG\FL_ENGRAVED_LABEL.OBJ
E:\学习\USC\BOOKS\MYBOOKS\520 COMPUTER ANIMATION AND SIMULATION_HOMEWORK\HW2\CSCI520-ASSIGNMENT2-STARTERCODE\FLTK-1.3.2\IDE\VISUALC2010\FLTK_DEBUG\FL_ENGRAVED_LABEL.SBR
E:\学习\USC\BOOKS\MYBOOKS\520 COMPUTER ANIMATION AND SIMULATION_HOMEWORK\HW2\CSCI520-ASSIGNMENT2-STARTERCODE\FLTK-1.3.2\IDE\VISUALC2010\FLTK_DEBUG\FL_FILE_BROWSER.OBJ
E:\学习\USC\BOOKS\MYBOOKS\520 COMPUTER ANIMATION AND SIMULATION_HOMEWORK\HW2\CSCI520-ASSIGNMENT2-STARTERCODE\FLTK-1.3.2\IDE\VISUALC2010\FLTK_DEBUG\FL_FILE_BROWSER.SBR
E:\学习\USC\BOOKS\MYBOOKS\520 COMPUTER ANIMATION AND SIMULATION_HOMEWORK\HW2\CSCI520-ASSIGNMENT2-STARTERCODE\FLTK-1.3.2\IDE\VISUALC2010\FLTK_DEBUG\FL_FILE_CHOOSER.OBJ
E:\学习\USC\BOOKS\MYBOOKS\520 COMPUTER ANIMATION AND SIMULATION_HOMEWORK\HW2\CSCI520-ASSIGNMENT2-STARTERCODE\FLTK-1.3.2\IDE\VISUALC2010\FLTK_DEBUG\FL_FILE_CHOOSER.SBR
E:\学习\USC\BOOKS\MYBOOKS\520 COMPUTER ANIMATION AND SIMULATION_HOMEWORK\HW2\CSCI520-ASSIGNMENT2-STARTERCODE\FLTK-1.3.2\IDE\VISUALC2010\FLTK_DEBUG\FL_FILE_CHOOSER2.OBJ
E:\学习\USC\BOOKS\MYBOOKS\520 COMPUTER ANIMATION AND SIMULATION_HOMEWORK\HW2\CSCI520-ASSIGNMENT2-STARTERCODE\FLTK-1.3.2\IDE\VISUALC2010\FLTK_DEBUG\FL_FILE_CHOOSER2.SBR
E:\学习\USC\BOOKS\MYBOOKS\520 COMPUTER ANIMATION AND SIMULATION_HOMEWORK\HW2\CSCI520-ASSIGNMENT2-STARTERCODE\FLTK-1.3.2\IDE\VISUALC2010\FLTK_DEBUG\FL_FILE_DIR.OBJ
E:\学习\USC\BOOKS\MYBOOKS\520 COMPUTER ANIMATION AND SIMULATION_HOMEWORK\HW2\CSCI520-ASSIGNMENT2-STARTERCODE\FLTK-1.3.2\IDE\VISUALC2010\FLTK_DEBUG\FL_FILE_DIR.SBR
E:\学习\USC\BOOKS\MYBOOKS\520 COMPUTER ANIMATION AND SIMULATION_HOMEWORK\HW2\CSCI520-ASSIGNMENT2-STARTERCODE\FLTK-1.3.2\IDE\VISUALC2010\FLTK_DEBUG\FL_FILE_ICON.OBJ
E:\学习\USC\BOOKS\MYBOOKS\520 COMPUTER ANIMATION AND SIMULATION_HOMEWORK\HW2\CSCI520-ASSIGNMENT2-STARTERCODE\FLTK-1.3.2\IDE\VISUALC2010\FLTK_DEBUG\FL_FILE_ICON.SBR
E:\学习\USC\BOOKS\MYBOOKS\520 COMPUTER ANIMATION AND SIMULATION_HOMEWORK\HW2\CSCI520-ASSIGNMENT2-STARTERCODE\FLTK-1.3.2\IDE\VISUALC2010\FLTK_DEBUG\FL_FILE_INPUT.OBJ
E:\学习\USC\BOOKS\MYBOOKS\520 COMPUTER ANIMATION AND SIMULATION_HOMEWORK\HW2\CSCI520-ASSIGNMENT2-STARTERCODE\FLTK-1.3.2\IDE\VISUALC2010\FLTK_DEBUG\FL_FILE_INPUT.SBR
E:\学习\USC\BOOKS\MYBOOKS\520 COMPUTER ANIMATION AND SIMULATION_HOMEWORK\HW2\CSCI520-ASSIGNMENT2-STARTERCODE\FLTK-1.3.2\IDE\VISUALC2010\FLTK_DEBUG\FL_FONT.OBJ
E:\学习\USC\BOOKS\MYBOOKS\520 COMPUTER ANIMATION AND SIMULATION_HOMEWORK\HW2\CSCI520-ASSIGNMENT2-STARTERCODE\FLTK-1.3.2\IDE\VISUALC2010\FLTK_DEBUG\FL_FONT.SBR
E:\学习\USC\BOOKS\MYBOOKS\520 COMPUTER ANIMATION AND SIMULATION_HOMEWORK\HW2\CSCI520-ASSIGNMENT2-STARTERCODE\FLTK-1.3.2\IDE\VISUALC2010\FLTK_DEBUG\FL_GET_KEY.OBJ
E:\学习\USC\BOOKS\MYBOOKS\520 COMPUTER ANIMATION AND SIMULATION_HOMEWORK\HW2\CSCI520-ASSIGNMENT2-STARTERCODE\FLTK-1.3.2\IDE\VISUALC2010\FLTK_DEBUG\FL_GET_KEY.SBR
E:\学习\USC\BOOKS\MYBOOKS\520 COMPUTER ANIMATION AND SIMULATION_HOMEWORK\HW2\CSCI520-ASSIGNMENT2-STARTERCODE\FLTK-1.3.2\IDE\VISUALC2010\FLTK_DEBUG\FL_GET_SYSTEM_COLORS.OBJ
E:\学习\USC\BOOKS\MYBOOKS\520 COMPUTER ANIMATION AND SIMULATION_HOMEWORK\HW2\CSCI520-ASSIGNMENT2-STARTERCODE\FLTK-1.3.2\IDE\VISUALC2010\FLTK_DEBUG\FL_GET_SYSTEM_COLORS.SBR
E:\学习\USC\BOOKS\MYBOOKS\520 COMPUTER ANIMATION AND SIMULATION_HOMEWORK\HW2\CSCI520-ASSIGNMENT2-STARTERCODE\FLTK-1.3.2\IDE\VISUALC2010\FLTK_DEBUG\FL_GRAB.OBJ
E:\学习\USC\BOOKS\MYBOOKS\520 COMPUTER ANIMATION AND SIMULATION_HOMEWORK\HW2\CSCI520-ASSIGNMENT2-STARTERCODE\FLTK-1.3.2\IDE\VISUALC2010\FLTK_DEBUG\FL_GRAB.SBR
E:\学习\USC\BOOKS\MYBOOKS\520 COMPUTER ANIMATION AND SIMULATION_HOMEWORK\HW2\CSCI520-ASSIGNMENT2-STARTERCODE\FLTK-1.3.2\IDE\VISUALC2010\FLTK_DEBUG\FL_GROUP.OBJ
E:\学习\USC\BOOKS\MYBOOKS\520 COMPUTER ANIMATION AND SIMULATION_HOMEWORK\HW2\CSCI520-ASSIGNMENT2-STARTERCODE\FLTK-1.3.2\IDE\VISUALC2010\FLTK_DEBUG\FL_GROUP.SBR
E:\学习\USC\BOOKS\MYBOOKS\520 COMPUTER ANIMATION AND SIMULATION_HOMEWORK\HW2\CSCI520-ASSIGNMENT2-STARTERCODE\FLTK-1.3.2\IDE\VISUALC2010\FLTK_DEBUG\FL_GTK.OBJ
E:\学习\USC\BOOKS\MYBOOKS\520 COMPUTER ANIMATION AND SIMULATION_HOMEWORK\HW2\CSCI520-ASSIGNMENT2-STARTERCODE\FLTK-1.3.2\IDE\VISUALC2010\FLTK_DEBUG\FL_GTK.SBR
E:\学习\USC\BOOKS\MYBOOKS\520 COMPUTER ANIMATION AND SIMULATION_HOMEWORK\HW2\CSCI520-ASSIGNMENT2-STARTERCODE\FLTK-1.3.2\IDE\VISUALC2010\FLTK_DEBUG\FL_HELP_VIEW.OBJ
E:\学习\USC\BOOKS\MYBOOKS\520 COMPUTER ANIMATION AND SIMULATION_HOMEWORK\HW2\CSCI520-ASSIGNMENT2-STARTERCODE\FLTK-1.3.2\IDE\VISUALC2010\FLTK_DEBUG\FL_HELP_VIEW.SBR
E:\学习\USC\BOOKS\MYBOOKS\520 COMPUTER ANIMATION AND SIMULATION_HOMEWORK\HW2\CSCI520-ASSIGNMENT2-STARTERCODE\FLTK-1.3.2\IDE\VISUALC2010\FLTK_DEBUG\FL_IMAGE.OBJ
E:\学习\USC\BOOKS\MYBOOKS\520 COMPUTER ANIMATION AND SIMULATION_HOMEWORK\HW2\CSCI520-ASSIGNMENT2-STARTERCODE\FLTK-1.3.2\IDE\VISUALC2010\FLTK_DEBUG\FL_IMAGE.SBR
E:\学习\USC\BOOKS\MYBOOKS\520 COMPUTER ANIMATION AND SIMULATION_HOMEWORK\HW2\CSCI520-ASSIGNMENT2-STARTERCODE\FLTK-1.3.2\IDE\VISUALC2010\FLTK_DEBUG\FL_INPUT.OBJ
E:\学习\USC\BOOKS\MYBOOKS\520 COMPUTER ANIMATION AND SIMULATION_HOMEWORK\HW2\CSCI520-ASSIGNMENT2-STARTERCODE\FLTK-1.3.2\IDE\VISUALC2010\FLTK_DEBUG\FL_INPUT.SBR
E:\学习\USC\BOOKS\MYBOOKS\520 COMPUTER ANIMATION AND SIMULATION_HOMEWORK\HW2\CSCI520-ASSIGNMENT2-STARTERCODE\FLTK-1.3.2\IDE\VISUALC2010\FLTK_DEBUG\FL_INPUT_.OBJ
E:\学习\USC\BOOKS\MYBOOKS\520 COMPUTER ANIMATION AND SIMULATION_HOMEWORK\HW2\CSCI520-ASSIGNMENT2-STARTERCODE\FLTK-1.3.2\IDE\VISUALC2010\FLTK_DEBUG\FL_INPUT_.SBR
E:\学习\USC\BOOKS\MYBOOKS\520 COMPUTER ANIMATION AND SIMULATION_HOMEWORK\HW2\CSCI520-ASSIGNMENT2-STARTERCODE\FLTK-1.3.2\IDE\VISUALC2010\FLTK_DEBUG\FL_LABELTYPE.OBJ
E:\学习\USC\BOOKS\MYBOOKS\520 COMPUTER ANIMATION AND SIMULATION_HOMEWORK\HW2\CSCI520-ASSIGNMENT2-STARTERCODE\FLTK-1.3.2\IDE\VISUALC2010\FLTK_DEBUG\FL_LABELTYPE.SBR
E:\学习\USC\BOOKS\MYBOOKS\520 COMPUTER ANIMATION AND SIMULATION_HOMEWORK\HW2\CSCI520-ASSIGNMENT2-STARTERCODE\FLTK-1.3.2\IDE\VISUALC2010\FLTK_DEBUG\FL_LIGHT_BUTTON.OBJ
E:\学习\USC\BOOKS\MYBOOKS\520 COMPUTER ANIMATION AND SIMULATION_HOMEWORK\HW2\CSCI520-ASSIGNMENT2-STARTERCODE\FLTK-1.3.2\IDE\VISUALC2010\FLTK_DEBUG\FL_LIGHT_BUTTON.SBR
E:\学习\USC\BOOKS\MYBOOKS\520 COMPUTER ANIMATION AND SIMULATION_HOMEWORK\HW2\CSCI520-ASSIGNMENT2-STARTERCODE\FLTK-1.3.2\IDE\VISUALC2010\FLTK_DEBUG\FL_LINE_STYLE.OBJ
E:\学习\USC\BOOKS\MYBOOKS\520 COMPUTER ANIMATION AND SIMULATION_HOMEWORK\HW2\CSCI520-ASSIGNMENT2-STARTERCODE\FLTK-1.3.2\IDE\VISUALC2010\FLTK_DEBUG\FL_LINE_STYLE.SBR
E:\学习\USC\BOOKS\MYBOOKS\520 COMPUTER ANIMATION AND SIMULATION_HOMEWORK\HW2\CSCI520-ASSIGNMENT2-STARTERCODE\FLTK-1.3.2\IDE\VISUALC2010\FLTK_DEBUG\FL_LOCK.OBJ
E:\学习\USC\BOOKS\MYBOOKS\520 COMPUTER ANIMATION AND SIMULATION_HOMEWORK\HW2\CSCI520-ASSIGNMENT2-STARTERCODE\FLTK-1.3.2\IDE\VISUALC2010\FLTK_DEBUG\FL_LOCK.SBR
E:\学习\USC\BOOKS\MYBOOKS\520 COMPUTER ANIMATION AND SIMULATION_HOMEWORK\HW2\CSCI520-ASSIGNMENT2-STARTERCODE\FLTK-1.3.2\IDE\VISUALC2010\FLTK_DEBUG\FL_MENU.OBJ
E:\学习\USC\BOOKS\MYBOOKS\520 COMPUTER ANIMATION AND SIMULATION_HOMEWORK\HW2\CSCI520-ASSIGNMENT2-STARTERCODE\FLTK-1.3.2\IDE\VISUALC2010\FLTK_DEBUG\FL_MENU.SBR
E:\学习\USC\BOOKS\MYBOOKS\520 COMPUTER ANIMATION AND SIMULATION_HOMEWORK\HW2\CSCI520-ASSIGNMENT2-STARTERCODE\FLTK-1.3.2\IDE\VISUALC2010\FLTK_DEBUG\FL_MENU_.OBJ
E:\学习\USC\BOOKS\MYBOOKS\520 COMPUTER ANIMATION AND SIMULATION_HOMEWORK\HW2\CSCI520-ASSIGNMENT2-STARTERCODE\FLTK-1.3.2\IDE\VISUALC2010\FLTK_DEBUG\FL_MENU_.SBR
E:\学习\USC\BOOKS\MYBOOKS\520 COMPUTER ANIMATION AND SIMULATION_HOMEWORK\HW2\CSCI520-ASSIGNMENT2-STARTERCODE\FLTK-1.3.2\IDE\VISUALC2010\FLTK_DEBUG\FL_MENU_ADD.OBJ
E:\学习\USC\BOOKS\MYBOOKS\520 COMPUTER ANIMATION AND SIMULATION_HOMEWORK\HW2\CSCI520-ASSIGNMENT2-STARTERCODE\FLTK-1.3.2\IDE\VISUALC2010\FLTK_DEBUG\FL_MENU_ADD.SBR
E:\学习\USC\BOOKS\MYBOOKS\520 COMPUTER ANIMATION AND SIMULATION_HOMEWORK\HW2\CSCI520-ASSIGNMENT2-STARTERCODE\FLTK-1.3.2\IDE\VISUALC2010\FLTK_DEBUG\FL_MENU_BAR.OBJ
E:\学习\USC\BOOKS\MYBOOKS\520 COMPUTER ANIMATION AND SIMULATION_HOMEWORK\HW2\CSCI520-ASSIGNMENT2-STARTERCODE\FLTK-1.3.2\IDE\VISUALC2010\FLTK_DEBUG\FL_MENU_BAR.SBR
E:\学习\USC\BOOKS\MYBOOKS\520 COMPUTER ANIMATION AND SIMULATION_HOMEWORK\HW2\CSCI520-ASSIGNMENT2-STARTERCODE\FLTK-1.3.2\IDE\VISUALC2010\FLTK_DEBUG\FL_MENU_BUTTON.OBJ
E:\学习\USC\BOOKS\MYBOOKS\520 COMPUTER ANIMATION AND SIMULATION_HOMEWORK\HW2\CSCI520-ASSIGNMENT2-STARTERCODE\FLTK-1.3.2\IDE\VISUALC2010\FLTK_DEBUG\FL_MENU_BUTTON.SBR
E:\学习\USC\BOOKS\MYBOOKS\520 COMPUTER ANIMATION AND SIMULATION_HOMEWORK\HW2\CSCI520-ASSIGNMENT2-STARTERCODE\FLTK-1.3.2\IDE\VISUALC2010\FLTK_DEBUG\FL_MENU_GLOBAL.OBJ
E:\学习\USC\BOOKS\MYBOOKS\520 COMPUTER ANIMATION AND SIMULATION_HOMEWORK\HW2\CSCI520-ASSIGNMENT2-STARTERCODE\FLTK-1.3.2\IDE\VISUALC2010\FLTK_DEBUG\FL_MENU_GLOBAL.SBR
E:\学习\USC\BOOKS\MYBOOKS\520 COMPUTER ANIMATION AND SIMULATION_HOMEWORK\HW2\CSCI520-ASSIGNMENT2-STARTERCODE\FLTK-1.3.2\IDE\VISUALC2010\FLTK_DEBUG\FL_MENU_WINDOW.OBJ
E:\学习\USC\BOOKS\MYBOOKS\520 COMPUTER ANIMATION AND SIMULATION_HOMEWORK\HW2\CSCI520-ASSIGNMENT2-STARTERCODE\FLTK-1.3.2\IDE\VISUALC2010\FLTK_DEBUG\FL_MENU_WINDOW.SBR
E:\学习\USC\BOOKS\MYBOOKS\520 COMPUTER ANIMATION AND SIMULATION_HOMEWORK\HW2\CSCI520-ASSIGNMENT2-STARTERCODE\FLTK-1.3.2\IDE\VISUALC2010\FLTK_DEBUG\FL_MULTI_LABEL.OBJ
E:\学习\USC\BOOKS\MYBOOKS\520 COMPUTER ANIMATION AND SIMULATION_HOMEWORK\HW2\CSCI520-ASSIGNMENT2-STARTERCODE\FLTK-1.3.2\IDE\VISUALC2010\FLTK_DEBUG\FL_MULTI_LABEL.SBR
E:\学习\USC\BOOKS\MYBOOKS\520 COMPUTER ANIMATION AND SIMULATION_HOMEWORK\HW2\CSCI520-ASSIGNMENT2-STARTERCODE\FLTK-1.3.2\IDE\VISUALC2010\FLTK_DEBUG\FL_NATIVE_FILE_CHOOSER.OBJ
E:\学习\USC\BOOKS\MYBOOKS\520 COMPUTER ANIMATION AND SIMULATION_HOMEWORK\HW2\CSCI520-ASSIGNMENT2-STARTERCODE\FLTK-1.3.2\IDE\VISUALC2010\FLTK_DEBUG\FL_NATIVE_FILE_CHOOSER.SBR
E:\学习\USC\BOOKS\MYBOOKS\520 COMPUTER ANIMATION AND SIMULATION_HOMEWORK\HW2\CSCI520-ASSIGNMENT2-STARTERCODE\FLTK-1.3.2\IDE\VISUALC2010\FLTK_DEBUG\FL_OPEN_URI.OBJ
E:\学习\USC\BOOKS\MYBOOKS\520 COMPUTER ANIMATION AND SIMULATION_HOMEWORK\HW2\CSCI520-ASSIGNMENT2-STARTERCODE\FLTK-1.3.2\IDE\VISUALC2010\FLTK_DEBUG\FL_OPEN_URI.SBR
E:\学习\USC\BOOKS\MYBOOKS\520 COMPUTER ANIMATION AND SIMULATION_HOMEWORK\HW2\CSCI520-ASSIGNMENT2-STARTERCODE\FLTK-1.3.2\IDE\VISUALC2010\FLTK_DEBUG\FL_OVAL_BOX.OBJ
E:\学习\USC\BOOKS\MYBOOKS\520 COMPUTER ANIMATION AND SIMULATION_HOMEWORK\HW2\CSCI520-ASSIGNMENT2-STARTERCODE\FLTK-1.3.2\IDE\VISUALC2010\FLTK_DEBUG\FL_OVAL_BOX.SBR
E:\学习\USC\BOOKS\MYBOOKS\520 COMPUTER ANIMATION AND SIMULATION_HOMEWORK\HW2\CSCI520-ASSIGNMENT2-STARTERCODE\FLTK-1.3.2\IDE\VISUALC2010\FLTK_DEBUG\FL_OVERLAY.OBJ
E:\学习\USC\BOOKS\MYBOOKS\520 COMPUTER ANIMATION AND SIMULATION_HOMEWORK\HW2\CSCI520-ASSIGNMENT2-STARTERCODE\FLTK-1.3.2\IDE\VISUALC2010\FLTK_DEBUG\FL_OVERLAY.SBR
E:\学习\USC\BOOKS\MYBOOKS\520 COMPUTER ANIMATION AND SIMULATION_HOMEWORK\HW2\CSCI520-ASSIGNMENT2-STARTERCODE\FLTK-1.3.2\IDE\VISUALC2010\FLTK_DEBUG\FL_OVERLAY_VISUAL.OBJ
E:\学习\USC\BOOKS\MYBOOKS\520 COMPUTER ANIMATION AND SIMULATION_HOMEWORK\HW2\CSCI520-ASSIGNMENT2-STARTERCODE\FLTK-1.3.2\IDE\VISUALC2010\FLTK_DEBUG\FL_OVERLAY_VISUAL.SBR
E:\学习\USC\BOOKS\MYBOOKS\520 COMPUTER ANIMATION AND SIMULATION_HOMEWORK\HW2\CSCI520-ASSIGNMENT2-STARTERCODE\FLTK-1.3.2\IDE\VISUALC2010\FLTK_DEBUG\FL_OVERLAY_WINDOW.OBJ
E:\学习\USC\BOOKS\MYBOOKS\520 COMPUTER ANIMATION AND SIMULATION_HOMEWORK\HW2\CSCI520-ASSIGNMENT2-STARTERCODE\FLTK-1.3.2\IDE\VISUALC2010\FLTK_DEBUG\FL_OVERLAY_WINDOW.SBR
E:\学习\USC\BOOKS\MYBOOKS\520 COMPUTER ANIMATION AND SIMULATION_HOMEWORK\HW2\CSCI520-ASSIGNMENT2-STARTERCODE\FLTK-1.3.2\IDE\VISUALC2010\FLTK_DEBUG\FL_OWN_COLORMAP.OBJ
E:\学习\USC\BOOKS\MYBOOKS\520 COMPUTER ANIMATION AND SIMULATION_HOMEWORK\HW2\CSCI520-ASSIGNMENT2-STARTERCODE\FLTK-1.3.2\IDE\VISUALC2010\FLTK_DEBUG\FL_OWN_COLORMAP.SBR
E:\学习\USC\BOOKS\MYBOOKS\520 COMPUTER ANIMATION AND SIMULATION_HOMEWORK\HW2\CSCI520-ASSIGNMENT2-STARTERCODE\FLTK-1.3.2\IDE\VISUALC2010\FLTK_DEBUG\FL_PACK.OBJ
E:\学习\USC\BOOKS\MYBOOKS\520 COMPUTER ANIMATION AND SIMULATION_HOMEWORK\HW2\CSCI520-ASSIGNMENT2-STARTERCODE\FLTK-1.3.2\IDE\VISUALC2010\FLTK_DEBUG\FL_PACK.SBR
E:\学习\USC\BOOKS\MYBOOKS\520 COMPUTER ANIMATION AND SIMULATION_HOMEWORK\HW2\CSCI520-ASSIGNMENT2-STARTERCODE\FLTK-1.3.2\IDE\VISUALC2010\FLTK_DEBUG\FL_PAGED_DEVICE.OBJ
E:\学习\USC\BOOKS\MYBOOKS\520 COMPUTER ANIMATION AND SIMULATION_HOMEWORK\HW2\CSCI520-ASSIGNMENT2-STARTERCODE\FLTK-1.3.2\IDE\VISUALC2010\FLTK_DEBUG\FL_PAGED_DEVICE.SBR
E:\学习\USC\BOOKS\MYBOOKS\520 COMPUTER ANIMATION AND SIMULATION_HOMEWORK\HW2\CSCI520-ASSIGNMENT2-STARTERCODE\FLTK-1.3.2\IDE\VISUALC2010\FLTK_DEBUG\FL_PIXMAP.OBJ
E:\学习\USC\BOOKS\MYBOOKS\520 COMPUTER ANIMATION AND SIMULATION_HOMEWORK\HW2\CSCI520-ASSIGNMENT2-STARTERCODE\FLTK-1.3.2\IDE\VISUALC2010\FLTK_DEBUG\FL_PIXMAP.SBR
E:\学习\USC\BOOKS\MYBOOKS\520 COMPUTER ANIMATION AND SIMULATION_HOMEWORK\HW2\CSCI520-ASSIGNMENT2-STARTERCODE\FLTK-1.3.2\IDE\VISUALC2010\FLTK_DEBUG\FL_PLASTIC.OBJ
E:\学习\USC\BOOKS\MYBOOKS\520 COMPUTER ANIMATION AND SIMULATION_HOMEWORK\HW2\CSCI520-ASSIGNMENT2-STARTERCODE\FLTK-1.3.2\IDE\VISUALC2010\FLTK_DEBUG\FL_PLASTIC.SBR
E:\学习\USC\BOOKS\MYBOOKS\520 COMPUTER ANIMATION AND SIMULATION_HOMEWORK\HW2\CSCI520-ASSIGNMENT2-STARTERCODE\FLTK-1.3.2\IDE\VISUALC2010\FLTK_DEBUG\FL_POSITIONER.OBJ
E:\学习\USC\BOOKS\MYBOOKS\520 COMPUTER ANIMATION AND SIMULATION_HOMEWORK\HW2\CSCI520-ASSIGNMENT2-STARTERCODE\FLTK-1.3.2\IDE\VISUALC2010\FLTK_DEBUG\FL_POSITIONER.SBR
E:\学习\USC\BOOKS\MYBOOKS\520 COMPUTER ANIMATION AND SIMULATION_HOMEWORK\HW2\CSCI520-ASSIGNMENT2-STARTERCODE\FLTK-1.3.2\IDE\VISUALC2010\FLTK_DEBUG\FL_PREFERENCES.OBJ
E:\学习\USC\BOOKS\MYBOOKS\520 COMPUTER ANIMATION AND SIMULATION_HOMEWORK\HW2\CSCI520-ASSIGNMENT2-STARTERCODE\FLTK-1.3.2\IDE\VISUALC2010\FLTK_DEBUG\FL_PREFERENCES.SBR
E:\学习\USC\BOOKS\MYBOOKS\520 COMPUTER ANIMATION AND SIMULATION_HOMEWORK\HW2\CSCI520-ASSIGNMENT2-STARTERCODE\FLTK-1.3.2\IDE\VISUALC2010\FLTK_DEBUG\FL_PRINTER.OBJ
E:\学习\USC\BOOKS\MYBOOKS\520 COMPUTER ANIMATION AND SIMULATION_HOMEWORK\HW2\CSCI520-ASSIGNMENT2-STARTERCODE\FLTK-1.3.2\IDE\VISUALC2010\FLTK_DEBUG\FL_PRINTER.SBR
E:\学习\USC\BOOKS\MYBOOKS\520 COMPUTER ANIMATION AND SIMULATION_HOMEWORK\HW2\CSCI520-ASSIGNMENT2-STARTERCODE\FLTK-1.3.2\IDE\VISUALC2010\FLTK_DEBUG\FL_PROGRESS.OBJ
E:\学习\USC\BOOKS\MYBOOKS\520 COMPUTER ANIMATION AND SIMULATION_HOMEWORK\HW2\CSCI520-ASSIGNMENT2-STARTERCODE\FLTK-1.3.2\IDE\VISUALC2010\FLTK_DEBUG\FL_PROGRESS.SBR
E:\学习\USC\BOOKS\MYBOOKS\520 COMPUTER ANIMATION AND SIMULATION_HOMEWORK\HW2\CSCI520-ASSIGNMENT2-STARTERCODE\FLTK-1.3.2\IDE\VISUALC2010\FLTK_DEBUG\FL_READ_IMAGE.OBJ
E:\学习\USC\BOOKS\MYBOOKS\520 COMPUTER ANIMATION AND SIMULATION_HOMEWORK\HW2\CSCI520-ASSIGNMENT2-STARTERCODE\FLTK-1.3.2\IDE\VISUALC2010\FLTK_DEBUG\FL_READ_IMAGE.SBR
E:\学习\USC\BOOKS\MYBOOKS\520 COMPUTER ANIMATION AND SIMULATION_HOMEWORK\HW2\CSCI520-ASSIGNMENT2-STARTERCODE\FLTK-1.3.2\IDE\VISUALC2010\FLTK_DEBUG\FL_RECT.OBJ
E:\学习\USC\BOOKS\MYBOOKS\520 COMPUTER ANIMATION AND SIMULATION_HOMEWORK\HW2\CSCI520-ASSIGNMENT2-STARTERCODE\FLTK-1.3.2\IDE\VISUALC2010\FLTK_DEBUG\FL_RECT.SBR
E:\学习\USC\BOOKS\MYBOOKS\520 COMPUTER ANIMATION AND SIMULATION_HOMEWORK\HW2\CSCI520-ASSIGNMENT2-STARTERCODE\FLTK-1.3.2\IDE\VISUALC2010\FLTK_DEBUG\FL_REPEAT_BUTTON.OBJ
E:\学习\USC\BOOKS\MYBOOKS\520 COMPUTER ANIMATION AND SIMULATION_HOMEWORK\HW2\CSCI520-ASSIGNMENT2-STARTERCODE\FLTK-1.3.2\IDE\VISUALC2010\FLTK_DEBUG\FL_REPEAT_BUTTON.SBR
E:\学习\USC\BOOKS\MYBOOKS\520 COMPUTER ANIMATION AND SIMULATION_HOMEWORK\HW2\CSCI520-ASSIGNMENT2-STARTERCODE\FLTK-1.3.2\IDE\VISUALC2010\FLTK_DEBUG\FL_RETURN_BUTTON.OBJ
E:\学习\USC\BOOKS\MYBOOKS\520 COMPUTER ANIMATION AND SIMULATION_HOMEWORK\HW2\CSCI520-ASSIGNMENT2-STARTERCODE\FLTK-1.3.2\IDE\VISUALC2010\FLTK_DEBUG\FL_RETURN_BUTTON.SBR
E:\学习\USC\BOOKS\MYBOOKS\520 COMPUTER ANIMATION AND SIMULATION_HOMEWORK\HW2\CSCI520-ASSIGNMENT2-STARTERCODE\FLTK-1.3.2\IDE\VISUALC2010\FLTK_DEBUG\FL_ROLLER.OBJ
E:\学习\USC\BOOKS\MYBOOKS\520 COMPUTER ANIMATION AND SIMULATION_HOMEWORK\HW2\CSCI520-ASSIGNMENT2-STARTERCODE\FLTK-1.3.2\IDE\VISUALC2010\FLTK_DEBUG\FL_ROLLER.SBR
E:\学习\USC\BOOKS\MYBOOKS\520 COMPUTER ANIMATION AND SIMULATION_HOMEWORK\HW2\CSCI520-ASSIGNMENT2-STARTERCODE\FLTK-1.3.2\IDE\VISUALC2010\FLTK_DEBUG\FL_ROUND_BOX.OBJ
E:\学习\USC\BOOKS\MYBOOKS\520 COMPUTER ANIMATION AND SIMULATION_HOMEWORK\HW2\CSCI520-ASSIGNMENT2-STARTERCODE\FLTK-1.3.2\IDE\VISUALC2010\FLTK_DEBUG\FL_ROUND_BOX.SBR
E:\学习\USC\BOOKS\MYBOOKS\520 COMPUTER ANIMATION AND SIMULATION_HOMEWORK\HW2\CSCI520-ASSIGNMENT2-STARTERCODE\FLTK-1.3.2\IDE\VISUALC2010\FLTK_DEBUG\FL_ROUND_BUTTON.OBJ
E:\学习\USC\BOOKS\MYBOOKS\520 COMPUTER ANIMATION AND SIMULATION_HOMEWORK\HW2\CSCI520-ASSIGNMENT2-STARTERCODE\FLTK-1.3.2\IDE\VISUALC2010\FLTK_DEBUG\FL_ROUND_BUTTON.SBR
E:\学习\USC\BOOKS\MYBOOKS\520 COMPUTER ANIMATION AND SIMULATION_HOMEWORK\HW2\CSCI520-ASSIGNMENT2-STARTERCODE\FLTK-1.3.2\IDE\VISUALC2010\FLTK_DEBUG\FL_ROUNDED_BOX.OBJ
E:\学习\USC\BOOKS\MYBOOKS\520 COMPUTER ANIMATION AND SIMULATION_HOMEWORK\HW2\CSCI520-ASSIGNMENT2-STARTERCODE\FLTK-1.3.2\IDE\VISUALC2010\FLTK_DEBUG\FL_ROUNDED_BOX.SBR
E:\学习\USC\BOOKS\MYBOOKS\520 COMPUTER ANIMATION AND SIMULATION_HOMEWORK\HW2\CSCI520-ASSIGNMENT2-STARTERCODE\FLTK-1.3.2\IDE\VISUALC2010\FLTK_DEBUG\FL_SCROLL.OBJ
E:\学习\USC\BOOKS\MYBOOKS\520 COMPUTER ANIMATION AND SIMULATION_HOMEWORK\HW2\CSCI520-ASSIGNMENT2-STARTERCODE\FLTK-1.3.2\IDE\VISUALC2010\FLTK_DEBUG\FL_SCROLL.SBR
E:\学习\USC\BOOKS\MYBOOKS\520 COMPUTER ANIMATION AND SIMULATION_HOMEWORK\HW2\CSCI520-ASSIGNMENT2-STARTERCODE\FLTK-1.3.2\IDE\VISUALC2010\FLTK_DEBUG\FL_SCROLL_AREA.OBJ
E:\学习\USC\BOOKS\MYBOOKS\520 COMPUTER ANIMATION AND SIMULATION_HOMEWORK\HW2\CSCI520-ASSIGNMENT2-STARTERCODE\FLTK-1.3.2\IDE\VISUALC2010\FLTK_DEBUG\FL_SCROLL_AREA.SBR
E:\学习\USC\BOOKS\MYBOOKS\520 COMPUTER ANIMATION AND SIMULATION_HOMEWORK\HW2\CSCI520-ASSIGNMENT2-STARTERCODE\FLTK-1.3.2\IDE\VISUALC2010\FLTK_DEBUG\FL_SCROLLBAR.OBJ
E:\学习\USC\BOOKS\MYBOOKS\520 COMPUTER ANIMATION AND SIMULATION_HOMEWORK\HW2\CSCI520-ASSIGNMENT2-STARTERCODE\FLTK-1.3.2\IDE\VISUALC2010\FLTK_DEBUG\FL_SCROLLBAR.SBR
E:\学习\USC\BOOKS\MYBOOKS\520 COMPUTER ANIMATION AND SIMULATION_HOMEWORK\HW2\CSCI520-ASSIGNMENT2-STARTERCODE\FLTK-1.3.2\IDE\VISUALC2010\FLTK_DEBUG\FL_SET_FONT.OBJ
E:\学习\USC\BOOKS\MYBOOKS\520 COMPUTER ANIMATION AND SIMULATION_HOMEWORK\HW2\CSCI520-ASSIGNMENT2-STARTERCODE\FLTK-1.3.2\IDE\VISUALC2010\FLTK_DEBUG\FL_SET_FONT.SBR
E:\学习\USC\BOOKS\MYBOOKS\520 COMPUTER ANIMATION AND SIMULATION_HOMEWORK\HW2\CSCI520-ASSIGNMENT2-STARTERCODE\FLTK-1.3.2\IDE\VISUALC2010\FLTK_DEBUG\FL_SET_FONTS.OBJ
E:\学习\USC\BOOKS\MYBOOKS\520 COMPUTER ANIMATION AND SIMULATION_HOMEWORK\HW2\CSCI520-ASSIGNMENT2-STARTERCODE\FLTK-1.3.2\IDE\VISUALC2010\FLTK_DEBUG\FL_SET_FONTS.SBR
E:\学习\USC\BOOKS\MYBOOKS\520 COMPUTER ANIMATION AND SIMULATION_HOMEWORK\HW2\CSCI520-ASSIGNMENT2-STARTERCODE\FLTK-1.3.2\IDE\VISUALC2010\FLTK_DEBUG\FL_SHADOW_BOX.OBJ
E:\学习\USC\BOOKS\MYBOOKS\520 COMPUTER ANIMATION AND SIMULATION_HOMEWORK\HW2\CSCI520-ASSIGNMENT2-STARTERCODE\FLTK-1.3.2\IDE\VISUALC2010\FLTK_DEBUG\FL_SHADOW_BOX.SBR
E:\学习\USC\BOOKS\MYBOOKS\520 COMPUTER ANIMATION AND SIMULATION_HOMEWORK\HW2\CSCI520-ASSIGNMENT2-STARTERCODE\FLTK-1.3.2\IDE\VISUALC2010\FLTK_DEBUG\FL_SHARED_IMAGE.OBJ
E:\学习\USC\BOOKS\MYBOOKS\520 COMPUTER ANIMATION AND SIMULATION_HOMEWORK\HW2\CSCI520-ASSIGNMENT2-STARTERCODE\FLTK-1.3.2\IDE\VISUALC2010\FLTK_DEBUG\FL_SHARED_IMAGE.SBR
E:\学习\USC\BOOKS\MYBOOKS\520 COMPUTER ANIMATION AND SIMULATION_HOMEWORK\HW2\CSCI520-ASSIGNMENT2-STARTERCODE\FLTK-1.3.2\IDE\VISUALC2010\FLTK_DEBUG\FL_SHORTCUT.OBJ
E:\学习\USC\BOOKS\MYBOOKS\520 COMPUTER ANIMATION AND SIMULATION_HOMEWORK\HW2\CSCI520-ASSIGNMENT2-STARTERCODE\FLTK-1.3.2\IDE\VISUALC2010\FLTK_DEBUG\FL_SHORTCUT.SBR
E:\学习\USC\BOOKS\MYBOOKS\520 COMPUTER ANIMATION AND SIMULATION_HOMEWORK\HW2\CSCI520-ASSIGNMENT2-STARTERCODE\FLTK-1.3.2\IDE\VISUALC2010\FLTK_DEBUG\FL_SHOW_COLORMAP.OBJ
E:\学习\USC\BOOKS\MYBOOKS\520 COMPUTER ANIMATION AND SIMULATION_HOMEWORK\HW2\CSCI520-ASSIGNMENT2-STARTERCODE\FLTK-1.3.2\IDE\VISUALC2010\FLTK_DEBUG\FL_SHOW_COLORMAP.SBR
E:\学习\USC\BOOKS\MYBOOKS\520 COMPUTER ANIMATION AND SIMULATION_HOMEWORK\HW2\CSCI520-ASSIGNMENT2-STARTERCODE\FLTK-1.3.2\IDE\VISUALC2010\FLTK_DEBUG\FL_SINGLE_WINDOW.OBJ
E:\学习\USC\BOOKS\MYBOOKS\520 COMPUTER ANIMATION AND SIMULATION_HOMEWORK\HW2\CSCI520-ASSIGNMENT2-STARTERCODE\FLTK-1.3.2\IDE\VISUALC2010\FLTK_DEBUG\FL_SINGLE_WINDOW.SBR
E:\学习\USC\BOOKS\MYBOOKS\520 COMPUTER ANIMATION AND SIMULATION_HOMEWORK\HW2\CSCI520-ASSIGNMENT2-STARTERCODE\FLTK-1.3.2\IDE\VISUALC2010\FLTK_DEBUG\FL_SLIDER.OBJ
E:\学习\USC\BOOKS\MYBOOKS\520 COMPUTER ANIMATION AND SIMULATION_HOMEWORK\HW2\CSCI520-ASSIGNMENT2-STARTERCODE\FLTK-1.3.2\IDE\VISUALC2010\FLTK_DEBUG\FL_SLIDER.SBR
E:\学习\USC\BOOKS\MYBOOKS\520 COMPUTER ANIMATION AND SIMULATION_HOMEWORK\HW2\CSCI520-ASSIGNMENT2-STARTERCODE\FLTK-1.3.2\IDE\VISUALC2010\FLTK_DEBUG\FL_SYMBOLS.OBJ
E:\学习\USC\BOOKS\MYBOOKS\520 COMPUTER ANIMATION AND SIMULATION_HOMEWORK\HW2\CSCI520-ASSIGNMENT2-STARTERCODE\FLTK-1.3.2\IDE\VISUALC2010\FLTK_DEBUG\FL_SYMBOLS.SBR
E:\学习\USC\BOOKS\MYBOOKS\520 COMPUTER ANIMATION AND SIMULATION_HOMEWORK\HW2\CSCI520-ASSIGNMENT2-STARTERCODE\FLTK-1.3.2\IDE\VISUALC2010\FLTK_DEBUG\FL_TABLE.OBJ
E:\学习\USC\BOOKS\MYBOOKS\520 COMPUTER ANIMATION AND SIMULATION_HOMEWORK\HW2\CSCI520-ASSIGNMENT2-STARTERCODE\FLTK-1.3.2\IDE\VISUALC2010\FLTK_DEBUG\FL_TABLE.SBR
E:\学习\USC\BOOKS\MYBOOKS\520 COMPUTER ANIMATION AND SIMULATION_HOMEWORK\HW2\CSCI520-ASSIGNMENT2-STARTERCODE\FLTK-1.3.2\IDE\VISUALC2010\FLTK_DEBUG\FL_TABLE_ROW.OBJ
E:\学习\USC\BOOKS\MYBOOKS\520 COMPUTER ANIMATION AND SIMULATION_HOMEWORK\HW2\CSCI520-ASSIGNMENT2-STARTERCODE\FLTK-1.3.2\IDE\VISUALC2010\FLTK_DEBUG\FL_TABLE_ROW.SBR
E:\学习\USC\BOOKS\MYBOOKS\520 COMPUTER ANIMATION AND SIMULATION_HOMEWORK\HW2\CSCI520-ASSIGNMENT2-STARTERCODE\FLTK-1.3.2\IDE\VISUALC2010\FLTK_DEBUG\FL_TABS.OBJ
E:\学习\USC\BOOKS\MYBOOKS\520 COMPUTER ANIMATION AND SIMULATION_HOMEWORK\HW2\CSCI520-ASSIGNMENT2-STARTERCODE\FLTK-1.3.2\IDE\VISUALC2010\FLTK_DEBUG\FL_TABS.SBR
E:\学习\USC\BOOKS\MYBOOKS\520 COMPUTER ANIMATION AND SIMULATION_HOMEWORK\HW2\CSCI520-ASSIGNMENT2-STARTERCODE\FLTK-1.3.2\IDE\VISUALC2010\FLTK_DEBUG\FL_TEXT_BUFFER.OBJ
E:\学习\USC\BOOKS\MYBOOKS\520 COMPUTER ANIMATION AND SIMULATION_HOMEWORK\HW2\CSCI520-ASSIGNMENT2-STARTERCODE\FLTK-1.3.2\IDE\VISUALC2010\FLTK_DEBUG\FL_TEXT_BUFFER.SBR
E:\学习\USC\BOOKS\MYBOOKS\520 COMPUTER ANIMATION AND SIMULATION_HOMEWORK\HW2\CSCI520-ASSIGNMENT2-STARTERCODE\FLTK-1.3.2\IDE\VISUALC2010\FLTK_DEBUG\FL_TEXT_DISPLAY.OBJ
E:\学习\USC\BOOKS\MYBOOKS\520 COMPUTER ANIMATION AND SIMULATION_HOMEWORK\HW2\CSCI520-ASSIGNMENT2-STARTERCODE\FLTK-1.3.2\IDE\VISUALC2010\FLTK_DEBUG\FL_TEXT_DISPLAY.SBR
E:\学习\USC\BOOKS\MYBOOKS\520 COMPUTER ANIMATION AND SIMULATION_HOMEWORK\HW2\CSCI520-ASSIGNMENT2-STARTERCODE\FLTK-1.3.2\IDE\VISUALC2010\FLTK_DEBUG\FL_TEXT_EDITOR.OBJ
E:\学习\USC\BOOKS\MYBOOKS\520 COMPUTER ANIMATION AND SIMULATION_HOMEWORK\HW2\CSCI520-ASSIGNMENT2-STARTERCODE\FLTK-1.3.2\IDE\VISUALC2010\FLTK_DEBUG\FL_TEXT_EDITOR.SBR
E:\学习\USC\BOOKS\MYBOOKS\520 COMPUTER ANIMATION AND SIMULATION_HOMEWORK\HW2\CSCI520-ASSIGNMENT2-STARTERCODE\FLTK-1.3.2\IDE\VISUALC2010\FLTK_DEBUG\FL_TILE.OBJ
E:\学习\USC\BOOKS\MYBOOKS\520 COMPUTER ANIMATION AND SIMULATION_HOMEWORK\HW2\CSCI520-ASSIGNMENT2-STARTERCODE\FLTK-1.3.2\IDE\VISUALC2010\FLTK_DEBUG\FL_TILE.SBR
E:\学习\USC\BOOKS\MYBOOKS\520 COMPUTER ANIMATION AND SIMULATION_HOMEWORK\HW2\CSCI520-ASSIGNMENT2-STARTERCODE\FLTK-1.3.2\IDE\VISUALC2010\FLTK_DEBUG\FL_TILED_IMAGE.OBJ
E:\学习\USC\BOOKS\MYBOOKS\520 COMPUTER ANIMATION AND SIMULATION_HOMEWORK\HW2\CSCI520-ASSIGNMENT2-STARTERCODE\FLTK-1.3.2\IDE\VISUALC2010\FLTK_DEBUG\FL_TILED_IMAGE.SBR
E:\学习\USC\BOOKS\MYBOOKS\520 COMPUTER ANIMATION AND SIMULATION_HOMEWORK\HW2\CSCI520-ASSIGNMENT2-STARTERCODE\FLTK-1.3.2\IDE\VISUALC2010\FLTK_DEBUG\FL_TOOLTIP.OBJ
E:\学习\USC\BOOKS\MYBOOKS\520 COMPUTER ANIMATION AND SIMULATION_HOMEWORK\HW2\CSCI520-ASSIGNMENT2-STARTERCODE\FLTK-1.3.2\IDE\VISUALC2010\FLTK_DEBUG\FL_TOOLTIP.SBR
E:\学习\USC\BOOKS\MYBOOKS\520 COMPUTER ANIMATION AND SIMULATION_HOMEWORK\HW2\CSCI520-ASSIGNMENT2-STARTERCODE\FLTK-1.3.2\IDE\VISUALC2010\FLTK_DEBUG\FL_TREE.OBJ
E:\学习\USC\BOOKS\MYBOOKS\520 COMPUTER ANIMATION AND SIMULATION_HOMEWORK\HW2\CSCI520-ASSIGNMENT2-STARTERCODE\FLTK-1.3.2\IDE\VISUALC2010\FLTK_DEBUG\FL_TREE.SBR
E:\学习\USC\BOOKS\MYBOOKS\520 COMPUTER ANIMATION AND SIMULATION_HOMEWORK\HW2\CSCI520-ASSIGNMENT2-STARTERCODE\FLTK-1.3.2\IDE\VISUALC2010\FLTK_DEBUG\FL_TREE_ITEM.OBJ
E:\学习\USC\BOOKS\MYBOOKS\520 COMPUTER ANIMATION AND SIMULATION_HOMEWORK\HW2\CSCI520-ASSIGNMENT2-STARTERCODE\FLTK-1.3.2\IDE\VISUALC2010\FLTK_DEBUG\FL_TREE_ITEM.SBR
E:\学习\USC\BOOKS\MYBOOKS\520 COMPUTER ANIMATION AND SIMULATION_HOMEWORK\HW2\CSCI520-ASSIGNMENT2-STARTERCODE\FLTK-1.3.2\IDE\VISUALC2010\FLTK_DEBUG\FL_TREE_ITEM_ARRAY.OBJ
E:\学习\USC\BOOKS\MYBOOKS\520 COMPUTER ANIMATION AND SIMULATION_HOMEWORK\HW2\CSCI520-ASSIGNMENT2-STARTERCODE\FLTK-1.3.2\IDE\VISUALC2010\FLTK_DEBUG\FL_TREE_ITEM_ARRAY.SBR
E:\学习\USC\BOOKS\MYBOOKS\520 COMPUTER ANIMATION AND SIMULATION_HOMEWORK\HW2\CSCI520-ASSIGNMENT2-STARTERCODE\FLTK-1.3.2\IDE\VISUALC2010\FLTK_DEBUG\FL_TREE_PREFS.OBJ
E:\学习\USC\BOOKS\MYBOOKS\520 COMPUTER ANIMATION AND SIMULATION_HOMEWORK\HW2\CSCI520-ASSIGNMENT2-STARTERCODE\FLTK-1.3.2\IDE\VISUALC2010\FLTK_DEBUG\FL_TREE_PREFS.SBR
E:\学习\USC\BOOKS\MYBOOKS\520 COMPUTER ANIMATION AND SIMULATION_HOMEWORK\HW2\CSCI520-ASSIGNMENT2-STARTERCODE\FLTK-1.3.2\IDE\VISUALC2010\FLTK_DEBUG\FL_UTF.OBJ
E:\学习\USC\BOOKS\MYBOOKS\520 COMPUTER ANIMATION AND SIMULATION_HOMEWORK\HW2\CSCI520-ASSIGNMENT2-STARTERCODE\FLTK-1.3.2\IDE\VISUALC2010\FLTK_DEBUG\FL_UTF.SBR
E:\学习\USC\BOOKS\MYBOOKS\520 COMPUTER ANIMATION AND SIMULATION_HOMEWORK\HW2\CSCI520-ASSIGNMENT2-STARTERCODE\FLTK-1.3.2\IDE\VISUALC2010\FLTK_DEBUG\FL_UTF8.OBJ
E:\学习\USC\BOOKS\MYBOOKS\520 COMPUTER ANIMATION AND SIMULATION_HOMEWORK\HW2\CSCI520-ASSIGNMENT2-STARTERCODE\FLTK-1.3.2\IDE\VISUALC2010\FLTK_DEBUG\FL_UTF8.SBR
E:\学习\USC\BOOKS\MYBOOKS\520 COMPUTER ANIMATION AND SIMULATION_HOMEWORK\HW2\CSCI520-ASSIGNMENT2-STARTERCODE\FLTK-1.3.2\IDE\VISUALC2010\FLTK_DEBUG\FL_VALUATOR.OBJ
E:\学习\USC\BOOKS\MYBOOKS\520 COMPUTER ANIMATION AND SIMULATION_HOMEWORK\HW2\CSCI520-ASSIGNMENT2-STARTERCODE\FLTK-1.3.2\IDE\VISUALC2010\FLTK_DEBUG\FL_VALUATOR.SBR
E:\学习\USC\BOOKS\MYBOOKS\520 COMPUTER ANIMATION AND SIMULATION_HOMEWORK\HW2\CSCI520-ASSIGNMENT2-STARTERCODE\FLTK-1.3.2\IDE\VISUALC2010\FLTK_DEBUG\FL_VALUE_INPUT.OBJ
E:\学习\USC\BOOKS\MYBOOKS\520 COMPUTER ANIMATION AND SIMULATION_HOMEWORK\HW2\CSCI520-ASSIGNMENT2-STARTERCODE\FLTK-1.3.2\IDE\VISUALC2010\FLTK_DEBUG\FL_VALUE_INPUT.SBR
E:\学习\USC\BOOKS\MYBOOKS\520 COMPUTER ANIMATION AND SIMULATION_HOMEWORK\HW2\CSCI520-ASSIGNMENT2-STARTERCODE\FLTK-1.3.2\IDE\VISUALC2010\FLTK_DEBUG\FL_VALUE_OUTPUT.OBJ
E:\学习\USC\BOOKS\MYBOOKS\520 COMPUTER ANIMATION AND SIMULATION_HOMEWORK\HW2\CSCI520-ASSIGNMENT2-STARTERCODE\FLTK-1.3.2\IDE\VISUALC2010\FLTK_DEBUG\FL_VALUE_OUTPUT.SBR
E:\学习\USC\BOOKS\MYBOOKS\520 COMPUTER ANIMATION AND SIMULATION_HOMEWORK\HW2\CSCI520-ASSIGNMENT2-STARTERCODE\FLTK-1.3.2\IDE\VISUALC2010\FLTK_DEBUG\FL_VALUE_SLIDER.OBJ
E:\学习\USC\BOOKS\MYBOOKS\520 COMPUTER ANIMATION AND SIMULATION_HOMEWORK\HW2\CSCI520-ASSIGNMENT2-STARTERCODE\FLTK-1.3.2\IDE\VISUALC2010\FLTK_DEBUG\FL_VALUE_SLIDER.SBR
E:\学习\USC\BOOKS\MYBOOKS\520 COMPUTER ANIMATION AND SIMULATION_HOMEWORK\HW2\CSCI520-ASSIGNMENT2-STARTERCODE\FLTK-1.3.2\IDE\VISUALC2010\FLTK_DEBUG\FL_VERTEX.OBJ
E:\学习\USC\BOOKS\MYBOOKS\520 COMPUTER ANIMATION AND SIMULATION_HOMEWORK\HW2\CSCI520-ASSIGNMENT2-STARTERCODE\FLTK-1.3.2\IDE\VISUALC2010\FLTK_DEBUG\FL_VERTEX.SBR
E:\学习\USC\BOOKS\MYBOOKS\520 COMPUTER ANIMATION AND SIMULATION_HOMEWORK\HW2\CSCI520-ASSIGNMENT2-STARTERCODE\FLTK-1.3.2\IDE\VISUALC2010\FLTK_DEBUG\FL_VISUAL.OBJ
E:\学习\USC\BOOKS\MYBOOKS\520 COMPUTER ANIMATION AND SIMULATION_HOMEWORK\HW2\CSCI520-ASSIGNMENT2-STARTERCODE\FLTK-1.3.2\IDE\VISUALC2010\FLTK_DEBUG\FL_VISUAL.SBR
E:\学习\USC\BOOKS\MYBOOKS\520 COMPUTER ANIMATION AND SIMULATION_HOMEWORK\HW2\CSCI520-ASSIGNMENT2-STARTERCODE\FLTK-1.3.2\IDE\VISUALC2010\FLTK_DEBUG\FL_WIDGET.OBJ
E:\学习\USC\BOOKS\MYBOOKS\520 COMPUTER ANIMATION AND SIMULATION_HOMEWORK\HW2\CSCI520-ASSIGNMENT2-STARTERCODE\FLTK-1.3.2\IDE\VISUALC2010\FLTK_DEBUG\FL_WIDGET.SBR
E:\学习\USC\BOOKS\MYBOOKS\520 COMPUTER ANIMATION AND SIMULATION_HOMEWORK\HW2\CSCI520-ASSIGNMENT2-STARTERCODE\FLTK-1.3.2\IDE\VISUALC2010\FLTK_DEBUG\FL_WINDOW.OBJ
E:\学习\USC\BOOKS\MYBOOKS\520 COMPUTER ANIMATION AND SIMULATION_HOMEWORK\HW2\CSCI520-ASSIGNMENT2-STARTERCODE\FLTK-1.3.2\IDE\VISUALC2010\FLTK_DEBUG\FL_WINDOW.SBR
E:\学习\USC\BOOKS\MYBOOKS\520 COMPUTER ANIMATION AND SIMULATION_HOMEWORK\HW2\CSCI520-ASSIGNMENT2-STARTERCODE\FLTK-1.3.2\IDE\VISUALC2010\FLTK_DEBUG\FL_WINDOW_FULLSCREEN.OBJ
E:\学习\USC\BOOKS\MYBOOKS\520 COMPUTER ANIMATION AND SIMULATION_HOMEWORK\HW2\CSCI520-ASSIGNMENT2-STARTERCODE\FLTK-1.3.2\IDE\VISUALC2010\FLTK_DEBUG\FL_WINDOW_FULLSCREEN.SBR
E:\学习\USC\BOOKS\MYBOOKS\520 COMPUTER ANIMATION AND SIMULATION_HOMEWORK\HW2\CSCI520-ASSIGNMENT2-STARTERCODE\FLTK-1.3.2\IDE\VISUALC2010\FLTK_DEBUG\FL_WINDOW_HOTSPOT.OBJ
E:\学习\USC\BOOKS\MYBOOKS\520 COMPUTER ANIMATION AND SIMULATION_HOMEWORK\HW2\CSCI520-ASSIGNMENT2-STARTERCODE\FLTK-1.3.2\IDE\VISUALC2010\FLTK_DEBUG\FL_WINDOW_HOTSPOT.SBR
E:\学习\USC\BOOKS\MYBOOKS\520 COMPUTER ANIMATION AND SIMULATION_HOMEWORK\HW2\CSCI520-ASSIGNMENT2-STARTERCODE\FLTK-1.3.2\IDE\VISUALC2010\FLTK_DEBUG\FL_WINDOW_ICONIZE.OBJ
E:\学习\USC\BOOKS\MYBOOKS\520 COMPUTER ANIMATION AND SIMULATION_HOMEWORK\HW2\CSCI520-ASSIGNMENT2-STARTERCODE\FLTK-1.3.2\IDE\VISUALC2010\FLTK_DEBUG\FL_WINDOW_ICONIZE.SBR
E:\学习\USC\BOOKS\MYBOOKS\520 COMPUTER ANIMATION AND SIMULATION_HOMEWORK\HW2\CSCI520-ASSIGNMENT2-STARTERCODE\FLTK-1.3.2\IDE\VISUALC2010\FLTK_DEBUG\FL_WIZARD.OBJ
E:\学习\USC\BOOKS\MYBOOKS\520 COMPUTER ANIMATION AND SIMULATION_HOMEWORK\HW2\CSCI520-ASSIGNMENT2-STARTERCODE\FLTK-1.3.2\IDE\VISUALC2010\FLTK_DEBUG\FL_WIZARD.SBR
E:\学习\USC\BOOKS\MYBOOKS\520 COMPUTER ANIMATION AND SIMULATION_HOMEWORK\HW2\CSCI520-ASSIGNMENT2-STARTERCODE\FLTK-1.3.2\IDE\VISUALC2010\FLTK_DEBUG\FL_X.OBJ
E:\学习\USC\BOOKS\MYBOOKS\520 COMPUTER ANIMATION AND SIMULATION_HOMEWORK\HW2\CSCI520-ASSIGNMENT2-STARTERCODE\FLTK-1.3.2\IDE\VISUALC2010\FLTK_DEBUG\FL_X.SBR
E:\学习\USC\BOOKS\MYBOOKS\520 COMPUTER ANIMATION AND SIMULATION_HOMEWORK\HW2\CSCI520-ASSIGNMENT2-STARTERCODE\FLTK-1.3.2\IDE\VISUALC2010\FLTK_DEBUG\FL_XBM_IMAGE.OBJ
E:\学习\USC\BOOKS\MYBOOKS\520 COMPUTER ANIMATION AND SIMULATION_HOMEWORK\HW2\CSCI520-ASSIGNMENT2-STARTERCODE\FLTK-1.3.2\IDE\VISUALC2010\FLTK_DEBUG\FL_XBM_IMAGE.SBR
E:\学习\USC\BOOKS\MYBOOKS\520 COMPUTER ANIMATION AND SIMULATION_HOMEWORK\HW2\CSCI520-ASSIGNMENT2-STARTERCODE\FLTK-1.3.2\IDE\VISUALC2010\FLTK_DEBUG\FL_XPM_IMAGE.OBJ
E:\学习\USC\BOOKS\MYBOOKS\520 COMPUTER ANIMATION AND SIMULATION_HOMEWORK\HW2\CSCI520-ASSIGNMENT2-STARTERCODE\FLTK-1.3.2\IDE\VISUALC2010\FLTK_DEBUG\FL_XPM_IMAGE.SBR
E:\学习\USC\BOOKS\MYBOOKS\520 COMPUTER ANIMATION AND SIMULATION_HOMEWORK\HW2\CSCI520-ASSIGNMENT2-STARTERCODE\FLTK-1.3.2\IDE\VISUALC2010\FLTK_DEBUG\FLSTRING.OBJ
E:\学习\USC\BOOKS\MYBOOKS\520 COMPUTER ANIMATION AND SIMULATION_HOMEWORK\HW2\CSCI520-ASSIGNMENT2-STARTERCODE\FLTK-1.3.2\IDE\VISUALC2010\FLTK_DEBUG\FLSTRING.SBR
E:\学习\USC\BOOKS\MYBOOKS\520 COMPUTER ANIMATION AND SIMULATION_HOMEWORK\HW2\CSCI520-ASSIGNMENT2-STARTERCODE\FLTK-1.3.2\IDE\VISUALC2010\FLTK_DEBUG\IS_RIGHT2LEFT.OBJ
E:\学习\USC\BOOKS\MYBOOKS\520 COMPUTER ANIMATION AND SIMULATION_HOMEWORK\HW2\CSCI520-ASSIGNMENT2-STARTERCODE\FLTK-1.3.2\IDE\VISUALC2010\FLTK_DEBUG\IS_RIGHT2LEFT.SBR
E:\学习\USC\BOOKS\MYBOOKS\520 COMPUTER ANIMATION AND SIMULATION_HOMEWORK\HW2\CSCI520-ASSIGNMENT2-STARTERCODE\FLTK-1.3.2\IDE\VISUALC2010\FLTK_DEBUG\IS_SPACING.OBJ
E:\学习\USC\BOOKS\MYBOOKS\520 COMPUTER ANIMATION AND SIMULATION_HOMEWORK\HW2\CSCI520-ASSIGNMENT2-STARTERCODE\FLTK-1.3.2\IDE\VISUALC2010\FLTK_DEBUG\IS_SPACING.SBR
E:\学习\USC\BOOKS\MYBOOKS\520 COMPUTER ANIMATION AND SIMULATION_HOMEWORK\HW2\CSCI520-ASSIGNMENT2-STARTERCODE\FLTK-1.3.2\IDE\VISUALC2010\FLTK_DEBUG\NUMERICSORT.OBJ
E:\学习\USC\BOOKS\MYBOOKS\520 COMPUTER ANIMATION AND SIMULATION_HOMEWORK\HW2\CSCI520-ASSIGNMENT2-STARTERCODE\FLTK-1.3.2\IDE\VISUALC2010\FLTK_DEBUG\NUMERICSORT.SBR
E:\学习\USC\BOOKS\MYBOOKS\520 COMPUTER ANIMATION AND SIMULATION_HOMEWORK\HW2\CSCI520-ASSIGNMENT2-STARTERCODE\FLTK-1.3.2\IDE\VISUALC2010\FLTK_DEBUG\PS_IMAGE.OBJ
E:\学习\USC\BOOKS\MYBOOKS\520 COMPUTER ANIMATION AND SIMULATION_HOMEWORK\HW2\CSCI520-ASSIGNMENT2-STARTERCODE\FLTK-1.3.2\IDE\VISUALC2010\FLTK_DEBUG\PS_IMAGE.SBR
E:\学习\USC\BOOKS\MYBOOKS\520 COMPUTER ANIMATION AND SIMULATION_HOMEWORK\HW2\CSCI520-ASSIGNMENT2-STARTERCODE\FLTK-1.3.2\IDE\VISUALC2010\FLTK_DEBUG\SCANDIR.OBJ
E:\学习\USC\BOOKS\MYBOOKS\520 COMPUTER ANIMATION AND SIMULATION_HOMEWORK\HW2\CSCI520-ASSIGNMENT2-STARTERCODE\FLTK-1.3.2\IDE\VISUALC2010\FLTK_DEBUG\SCANDIR.SBR
E:\学习\USC\BOOKS\MYBOOKS\520 COMPUTER ANIMATION AND SIMULATION_HOMEWORK\HW2\CSCI520-ASSIGNMENT2-STARTERCODE\FLTK-1.3.2\IDE\VISUALC2010\FLTK_DEBUG\SCREEN_XYWH.OBJ
E:\学习\USC\BOOKS\MYBOOKS\520 COMPUTER ANIMATION AND SIMULATION_HOMEWORK\HW2\CSCI520-ASSIGNMENT2-STARTERCODE\FLTK-1.3.2\IDE\VISUALC2010\FLTK_DEBUG\SCREEN_XYWH.SBR
E:\学习\USC\BOOKS\MYBOOKS\520 COMPUTER ANIMATION AND SIMULATION_HOMEWORK\HW2\CSCI520-ASSIGNMENT2-STARTERCODE\FLTK-1.3.2\IDE\VISUALC2010\FLTK_DEBUG\VC100.PDB
E:\学习\USC\BOOKS\MYBOOKS\520 COMPUTER ANIMATION AND SIMULATION_HOMEWORK\HW2\CSCI520-ASSIGNMENT2-STARTERCODE\FLTK-1.3.2\IDE\VISUALC2010\FLTK_DEBUG\VSNPRINTF.OBJ
E:\学习\USC\BOOKS\MYBOOKS\520 COMPUTER ANIMATION AND SIMULATION_HOMEWORK\HW2\CSCI520-ASSIGNMENT2-STARTERCODE\FLTK-1.3.2\IDE\VISUALC2010\FLTK_DEBUG\VSNPRINTF.SBR
E:\学习\USC\BOOKS\MYBOOKS\520 COMPUTER ANIMATION AND SIMULATION_HOMEWORK\HW2\CSCI520-ASSIGNMENT2-STARTERCODE\FLTK-1.3.2\LIB\FLTKD.BSC
E:\学习\USC\BOOKS\MYBOOKS\520 COMPUTER ANIMATION AND SIMULATION_HOMEWORK\HW2\CSCI520-ASSIGNMENT2-STARTERCODE\FLTK-1.3.2\LIB\FLTKD.LIB
E:\学习\USC\Books\MyBooks\520 Computer Animation and Simulation_Homework\HW2\XiaotingBi_HW2\fltk-1.3.2\ide\VisualC2010\..\..\lib\fltkd.lib
E:\学习\USC\Books\MyBooks\520 Computer Animation and Simulation_Homework\HW2\XiaotingBi_HW2\fltk-1.3.2\ide\VisualC2010\fltk_debug\BscMake.command.1.tlog
E:\学习\USC\Books\MyBooks\520 Computer Animation and Simulation_Homework\HW2\XiaotingBi_HW2\fltk-1.3.2\ide\VisualC2010\fltk_debug\bscmake.read.1.tlog
E:\学习\USC\Books\MyBooks\520 Computer Animation and Simulation_Homework\HW2\XiaotingBi_HW2\fltk-1.3.2\ide\VisualC2010\fltk_debug\bscmake.write.1.tlog
E:\学习\USC\Books\MyBooks\520 Computer Animation and Simulation_Homework\HW2\XiaotingBi_HW2\fltk-1.3.2\ide\VisualC2010\fltk_debug\cl.command.1.tlog
E:\学习\USC\Books\MyBooks\520 Computer Animation and Simulation_Homework\HW2\XiaotingBi_HW2\fltk-1.3.2\ide\VisualC2010\fltk_debug\CL.read.1.tlog
E:\学习\USC\Books\MyBooks\520 Computer Animation and Simulation_Homework\HW2\XiaotingBi_HW2\fltk-1.3.2\ide\VisualC2010\fltk_debug\CL.write.1.tlog
E:\学习\USC\Books\MyBooks\520 Computer Animation and Simulation_Homework\HW2\XiaotingBi_HW2\fltk-1.3.2\ide\VisualC2010\fltk_debug\fltk.write.1.tlog
E:\学习\USC\Books\MyBooks\520 Computer Animation and Simulation_Homework\HW2\XiaotingBi_HW2\fltk-1.3.2\ide\VisualC2010\fltk_debug\lib.command.1.tlog
E:\学习\USC\Books\MyBooks\520 Computer Animation and Simulation_Homework\HW2\XiaotingBi_HW2\fltk-1.3.2\ide\VisualC2010\fltk_debug\Lib-link.read.1.tlog
E:\学习\USC\Books\MyBooks\520 Computer Animation and Simulation_Homework\HW2\XiaotingBi_HW2\fltk-1.3.2\ide\VisualC2010\fltk_debug\Lib-link.write.1.tlog
