生成启动时间为 2015/4/2 12:43:59。
     1>项目“E:\学习\USC\Books\MyBooks\520 Computer Animation and Simulation_Homework\HW2\XiaotingBi_HW2\fltk-1.3.2\ide\VisualC2010\fltk.lib.vcxproj”在节点 3 上(build 个目标)。
     1>InitializeBuildStatus:
         正在创建“.\fltk_debug\fltk.unsuccessfulbuild”，因为已指定“AlwaysCreate”。
       ClCompile:
         D:\Program Files (x86)\Microsoft Visual Studio 10.0\VC\bin\CL.exe /c /I. /I..\..\zlib /I..\..\png /I..\..\jpeg /I../.. /Zi /nologo /W1 /WX- /Od /Oy- /D _CRT_SECURE_NO_DEPRECATE /D FL_LIBRARY /D WIN32 /D _DEBUG /D _WINDOWS /D WIN32_LEAN_AND_MEAN /D VC_EXTRA_LEAN /D WIN32_EXTRA_LEAN /D _VC80_UPGRADE=0x0710 /Gm- /EHsc /MDd /GS /fp:precise /Zc:wchar_t /Zc:forScope /Fo".\fltk_debug\\" /Fd".\fltk_debug\vc100.pdb" /FR".\fltk_debug\\" /Gd /TC /analyze- /errorReport:prompt ..\..\src\xutf8\case.c ..\..\src\fl_call_main.c ..\..\src\fl_utf.c ..\..\src\flstring.c ..\..\src\xutf8\is_right2left.c ..\..\src\xutf8\is_spacing.c ..\..\src\numericsort.c ..\..\src\scandir.c ..\..\src\vsnprintf.c
         case.c
         fl_call_main.c
         fl_utf.c
         flstring.c
         is_right2left.c
         is_spacing.c
         numericsort.c
         scandir.c
         vsnprintf.c
         正在生成代码...
         D:\Program Files (x86)\Microsoft Visual Studio 10.0\VC\bin\CL.exe /c /I. /I..\..\zlib /I..\..\png /I..\..\jpeg /I../.. /Zi /nologo /W1 /WX- /Od /Oy- /D _CRT_SECURE_NO_DEPRECATE /D FL_LIBRARY /D WIN32 /D _DEBUG /D _WINDOWS /D WIN32_LEAN_AND_MEAN /D VC_EXTRA_LEAN /D WIN32_EXTRA_LEAN /D _VC80_UPGRADE=0x0710 /Gm- /EHsc /MDd /GS /fp:precise /Zc:wchar_t /Zc:forScope /Fo".\fltk_debug\\" /Fd".\fltk_debug\vc100.pdb" /FR".\fltk_debug\\" /Gd /TP /analyze- /errorReport:prompt ..\..\src\filename_absolute.cxx ..\..\src\filename_expand.cxx ..\..\src\filename_ext.cxx ..\..\src\filename_isdir.cxx ..\..\src\filename_list.cxx ..\..\src\filename_match.cxx ..\..\src\filename_setext.cxx ..\..\src\Fl.cxx ..\..\src\Fl_abort.cxx ..\..\src\Fl_add_idle.cxx ..\..\src\Fl_Adjuster.cxx ..\..\src\fl_arc.cxx ..\..\src\fl_arci.cxx ..\..\src\Fl_arg.cxx ..\..\src\fl_ask.cxx ..\..\src\Fl_Bitmap.cxx ..\..\src\Fl_Box.cxx ..\..\src\fl_boxtype.cxx ..\..\src\Fl_Browser.cxx ..\..\src\Fl_Browser_.cxx ..\..\src\Fl_Browser_load.cxx ..\..\src\Fl_Button.cxx ..\..\cairo\Fl_Cairo.cxx ..\..\src\Fl_Chart.cxx ..\..\src\Fl_Check_Browser.cxx ..\..\src\Fl_Check_Button.cxx ..\..\src\Fl_Choice.cxx ..\..\src\Fl_Clock.cxx ..\..\src\fl_color.cxx ..\..\src\Fl_Color_Chooser.cxx ..\..\src\Fl_compose.cxx ..\..\src\Fl_Counter.cxx ..\..\src\fl_cursor.cxx ..\..\src\fl_curve.cxx ..\..\src\Fl_Device.cxx ..\..\src\Fl_Dial.cxx ..\..\src\fl_diamond_box.cxx ..\..\src\Fl_display.cxx ..\..\src\fl_dnd.cxx ..\..\src\Fl_Double_Window.cxx ..\..\src\fl_draw.cxx ..\..\src\fl_draw_image.cxx ..\..\src\fl_draw_pixmap.cxx ..\..\src\fl_engraved_label.cxx ..\..\src\Fl_File_Browser.cxx ..\..\src\Fl_File_Chooser.cxx ..\..\src\Fl_File_Chooser2.cxx ..\..\src\fl_file_dir.cxx ..\..\src\Fl_File_Icon.cxx ..\..\src\Fl_File_Input.cxx ..\..\src\fl_font.cxx ..\..\src\Fl_get_key.cxx ..\..\src\Fl_get_system_colors.cxx ..\..\src\Fl_grab.cxx ..\..\src\Fl_Group.cxx ..\..\src\fl_gtk.cxx ..\..\src\Fl_Help_View.cxx ..\..\src\Fl_Image.cxx ..\..\src\Fl_Input.cxx ..\..\src\Fl_Input_.cxx ..\..\src\fl_labeltype.cxx ..\..\src\Fl_Light_Button.cxx ..\..\src\fl_line_style.cxx ..\..\src\Fl_lock.cxx ..\..\src\Fl_Menu.cxx ..\..\src\Fl_Menu_.cxx ..\..\src\Fl_Menu_add.cxx ..\..\src\Fl_Menu_Bar.cxx ..\..\src\Fl_Menu_Button.cxx ..\..\src\Fl_Menu_global.cxx ..\..\src\Fl_Menu_Window.cxx ..\..\src\Fl_Multi_Label.cxx ..\..\src\Fl_Native_File_Chooser.cxx ..\..\src\fl_open_uri.cxx ..\..\src\fl_oval_box.cxx ..\..\src\fl_overlay.cxx ..\..\src\fl_overlay_visual.cxx ..\..\src\Fl_Overlay_Window.cxx ..\..\src\Fl_own_colormap.cxx ..\..\src\Fl_Pack.cxx ..\..\src\Fl_Paged_Device.cxx ..\..\src\Fl_Pixmap.cxx ..\..\src\fl_plastic.cxx ..\..\src\Fl_Positioner.cxx ..\..\src\Fl_Preferences.cxx ..\..\src\Fl_Printer.cxx ..\..\src\Fl_Progress.cxx ..\..\src\fl_read_image.cxx ..\..\src\fl_rect.cxx ..\..\src\Fl_Repeat_Button.cxx ..\..\src\Fl_Return_Button.cxx ..\..\src\Fl_Roller.cxx ..\..\src\fl_round_box.cxx ..\..\src\Fl_Round_Button.cxx ..\..\src\fl_rounded_box.cxx ..\..\src\Fl_Scroll.cxx ..\..\src\fl_scroll_area.cxx ..\..\src\Fl_Scrollbar.cxx ..\..\src\fl_set_font.cxx ..\..\src\fl_set_fonts.cxx ..\..\src\fl_shadow_box.cxx ..\..\src\Fl_Shared_Image.cxx ..\..\src\fl_shortcut.cxx ..\..\src\fl_show_colormap.cxx ..\..\src\Fl_Single_Window.cxx ..\..\src\Fl_Slider.cxx ..\..\src\fl_symbols.cxx ..\..\src\Fl_Table.cxx ..\..\src\Fl_Table_Row.cxx ..\..\src\Fl_Tabs.cxx ..\..\src\Fl_Text_Buffer.cxx ..\..\src\Fl_Text_Display.cxx ..\..\src\Fl_Text_Editor.cxx ..\..\src\Fl_Tile.cxx ..\..\src\Fl_Tiled_Image.cxx ..\..\src\Fl_Tooltip.cxx ..\..\src\Fl_Tree.cxx ..\..\src\Fl_Tree_Item.cxx ..\..\src\Fl_Tree_Item_Array.cxx ..\..\src\Fl_Tree_Prefs.cxx ..\..\src\fl_utf8.cxx ..\..\src\Fl_Valuator.cxx ..\..\src\Fl_Value_Input.cxx ..\..\src\Fl_Value_Output.cxx ..\..\src\Fl_Value_Slider.cxx ..\..\src\fl_vertex.cxx ..\..\src\Fl_visual.cxx ..\..\src\Fl_Widget.cxx ..\..\src\Fl_Window.cxx ..\..\src\Fl_Window_fullscreen.cxx ..\..\src\Fl_Window_hotspot.cxx ..\..\src\Fl_Window_iconize.cxx ..\..\src\Fl_Wizard.cxx ..\..\src\Fl_x.cxx ..\..\src\Fl_XBM_Image.cxx ..\..\src\Fl_XPM_Image.cxx ..\..\src\ps_image.cxx ..\..\src\screen_xywh.cxx
         filename_absolute.cxx
         filename_expand.cxx
         filename_ext.cxx
         filename_isdir.cxx
         filename_list.cxx
         filename_match.cxx
         filename_setext.cxx
         Fl.cxx
         Fl_abort.cxx
         Fl_add_idle.cxx
         Fl_Adjuster.cxx
         fl_arc.cxx
         fl_arci.cxx
         Fl_arg.cxx
         fl_ask.cxx
         Fl_Bitmap.cxx
         Fl_Box.cxx
         fl_boxtype.cxx
         Fl_Browser.cxx
         Fl_Browser_.cxx
         正在生成代码...
         正在编译...
         Fl_Browser_load.cxx
         Fl_Button.cxx
         Fl_Cairo.cxx
         Fl_Chart.cxx
         Fl_Check_Browser.cxx
         Fl_Check_Button.cxx
         Fl_Choice.cxx
         Fl_Clock.cxx
         fl_color.cxx
         Fl_Color_Chooser.cxx
         Fl_compose.cxx
         Fl_Counter.cxx
         fl_cursor.cxx
         fl_curve.cxx
         Fl_Device.cxx
         Fl_Dial.cxx
         fl_diamond_box.cxx
         Fl_display.cxx
         fl_dnd.cxx
         Fl_Double_Window.cxx
         正在生成代码...
         正在编译...
         fl_draw.cxx
         fl_draw_image.cxx
         fl_draw_pixmap.cxx
         fl_engraved_label.cxx
         Fl_File_Browser.cxx
         Fl_File_Chooser.cxx
         Fl_File_Chooser2.cxx
         fl_file_dir.cxx
         Fl_File_Icon.cxx
         Fl_File_Input.cxx
         fl_font.cxx
         Fl_get_key.cxx
         Fl_get_system_colors.cxx
         Fl_grab.cxx
         Fl_Group.cxx
         fl_gtk.cxx
         Fl_Help_View.cxx
         Fl_Image.cxx
         Fl_Input.cxx
         Fl_Input_.cxx
         正在生成代码...
         正在编译...
         fl_labeltype.cxx
         Fl_Light_Button.cxx
         fl_line_style.cxx
         Fl_lock.cxx
         Fl_Menu.cxx
         Fl_Menu_.cxx
         Fl_Menu_add.cxx
         Fl_Menu_Bar.cxx
         Fl_Menu_Button.cxx
         Fl_Menu_global.cxx
         Fl_Menu_Window.cxx
         Fl_Multi_Label.cxx
         Fl_Native_File_Chooser.cxx
         fl_open_uri.cxx
         fl_oval_box.cxx
         fl_overlay.cxx
         fl_overlay_visual.cxx
         Fl_Overlay_Window.cxx
         Fl_own_colormap.cxx
         Fl_Pack.cxx
         正在生成代码...
         正在编译...
         Fl_Paged_Device.cxx
         Fl_Pixmap.cxx
         fl_plastic.cxx
         Fl_Positioner.cxx
         Fl_Preferences.cxx
         Fl_Printer.cxx
     1>E:\学习\USC\Books\MyBooks\520 Computer Animation and Simulation_Homework\HW2\XiaotingBi_HW2\fltk-1.3.2\FL/Fl_PostScript.H : warning C4819: 该文件包含不能在当前代码页(936)中表示的字符。请将该文件保存为 Unicode 格式以防止数据丢失
         Fl_Progress.cxx
         fl_read_image.cxx
         fl_rect.cxx
         Fl_Repeat_Button.cxx
         Fl_Return_Button.cxx
         Fl_Roller.cxx
         fl_round_box.cxx
         Fl_Round_Button.cxx
         fl_rounded_box.cxx
         Fl_Scroll.cxx
         fl_scroll_area.cxx
         Fl_Scrollbar.cxx
         fl_set_font.cxx
         fl_set_fonts.cxx
         正在生成代码...
         正在编译...
         fl_shadow_box.cxx
         Fl_Shared_Image.cxx
         fl_shortcut.cxx
         fl_show_colormap.cxx
         Fl_Single_Window.cxx
         Fl_Slider.cxx
         fl_symbols.cxx
         Fl_Table.cxx
         Fl_Table_Row.cxx
         Fl_Tabs.cxx
         Fl_Text_Buffer.cxx
         Fl_Text_Display.cxx
         Fl_Text_Editor.cxx
         Fl_Tile.cxx
         Fl_Tiled_Image.cxx
         Fl_Tooltip.cxx
         Fl_Tree.cxx
         Fl_Tree_Item.cxx
         Fl_Tree_Item_Array.cxx
         Fl_Tree_Prefs.cxx
         正在生成代码...
         正在编译...
         fl_utf8.cxx
         Fl_Valuator.cxx
         Fl_Value_Input.cxx
         Fl_Value_Output.cxx
         Fl_Value_Slider.cxx
         fl_vertex.cxx
         Fl_visual.cxx
         Fl_Widget.cxx
         Fl_Window.cxx
         Fl_Window_fullscreen.cxx
         Fl_Window_hotspot.cxx
         Fl_Window_iconize.cxx
         Fl_Wizard.cxx
         Fl_x.cxx
         Fl_XBM_Image.cxx
         Fl_XPM_Image.cxx
         ps_image.cxx
     1>E:\学习\USC\Books\MyBooks\520 Computer Animation and Simulation_Homework\HW2\XiaotingBi_HW2\fltk-1.3.2\FL/Fl_PostScript.H : warning C4819: 该文件包含不能在当前代码页(936)中表示的字符。请将该文件保存为 Unicode 格式以防止数据丢失
         screen_xywh.cxx
         正在生成代码...
       Lib:
         D:\Program Files (x86)\Microsoft Visual Studio 10.0\VC\bin\Lib.exe /OUT:"..\..\lib\fltkd.lib" /NOLOGO .\fltk_debug\case.obj
         .\fltk_debug\filename_absolute.obj
         .\fltk_debug\filename_expand.obj
         .\fltk_debug\filename_ext.obj
         .\fltk_debug\filename_isdir.obj
         .\fltk_debug\filename_list.obj
         .\fltk_debug\filename_match.obj
         .\fltk_debug\filename_setext.obj
         .\fltk_debug\Fl.obj
         .\fltk_debug\Fl_abort.obj
         .\fltk_debug\Fl_add_idle.obj
         .\fltk_debug\Fl_Adjuster.obj
         .\fltk_debug\fl_arc.obj
         .\fltk_debug\fl_arci.obj
         .\fltk_debug\Fl_arg.obj
         .\fltk_debug\fl_ask.obj
         .\fltk_debug\Fl_Bitmap.obj
         .\fltk_debug\Fl_Box.obj
         .\fltk_debug\fl_boxtype.obj
         .\fltk_debug\Fl_Browser.obj
         .\fltk_debug\Fl_Browser_.obj
         .\fltk_debug\Fl_Browser_load.obj
         .\fltk_debug\Fl_Button.obj
         .\fltk_debug\Fl_Cairo.obj
         .\fltk_debug\fl_call_main.obj
         .\fltk_debug\Fl_Chart.obj
         .\fltk_debug\Fl_Check_Browser.obj
         .\fltk_debug\Fl_Check_Button.obj
         .\fltk_debug\Fl_Choice.obj
         .\fltk_debug\Fl_Clock.obj
         .\fltk_debug\fl_color.obj
         .\fltk_debug\Fl_Color_Chooser.obj
         .\fltk_debug\Fl_compose.obj
         .\fltk_debug\Fl_Counter.obj
         .\fltk_debug\fl_cursor.obj
         .\fltk_debug\fl_curve.obj
         .\fltk_debug\Fl_Device.obj
         .\fltk_debug\Fl_Dial.obj
         .\fltk_debug\fl_diamond_box.obj
         .\fltk_debug\Fl_display.obj
         .\fltk_debug\fl_dnd.obj
         .\fltk_debug\Fl_Double_Window.obj
         .\fltk_debug\fl_draw.obj
         .\fltk_debug\fl_draw_image.obj
         .\fltk_debug\fl_draw_pixmap.obj
         .\fltk_debug\fl_engraved_label.obj
         .\fltk_debug\Fl_File_Browser.obj
         .\fltk_debug\Fl_File_Chooser.obj
         .\fltk_debug\Fl_File_Chooser2.obj
         .\fltk_debug\fl_file_dir.obj
         .\fltk_debug\Fl_File_Icon.obj
         .\fltk_debug\Fl_File_Input.obj
         .\fltk_debug\fl_font.obj
         .\fltk_debug\Fl_get_key.obj
         .\fltk_debug\Fl_get_system_colors.obj
         .\fltk_debug\Fl_grab.obj
         .\fltk_debug\Fl_Group.obj
         .\fltk_debug\fl_gtk.obj
         .\fltk_debug\Fl_Help_View.obj
         .\fltk_debug\Fl_Image.obj
         .\fltk_debug\Fl_Input.obj
         .\fltk_debug\Fl_Input_.obj
         .\fltk_debug\fl_labeltype.obj
         .\fltk_debug\Fl_Light_Button.obj
         .\fltk_debug\fl_line_style.obj
         .\fltk_debug\Fl_lock.obj
         .\fltk_debug\Fl_Menu.obj
         .\fltk_debug\Fl_Menu_.obj
         .\fltk_debug\Fl_Menu_add.obj
         .\fltk_debug\Fl_Menu_Bar.obj
         .\fltk_debug\Fl_Menu_Button.obj
         .\fltk_debug\Fl_Menu_global.obj
         .\fltk_debug\Fl_Menu_Window.obj
         .\fltk_debug\Fl_Multi_Label.obj
         .\fltk_debug\Fl_Native_File_Chooser.obj
         .\fltk_debug\fl_open_uri.obj
         .\fltk_debug\fl_oval_box.obj
         .\fltk_debug\fl_overlay.obj
         .\fltk_debug\fl_overlay_visual.obj
         .\fltk_debug\Fl_Overlay_Window.obj
         .\fltk_debug\Fl_own_colormap.obj
         .\fltk_debug\Fl_Pack.obj
         .\fltk_debug\Fl_Paged_Device.obj
         .\fltk_debug\Fl_Pixmap.obj
         .\fltk_debug\fl_plastic.obj
         .\fltk_debug\Fl_Positioner.obj
         .\fltk_debug\Fl_Preferences.obj
         .\fltk_debug\Fl_Printer.obj
         .\fltk_debug\Fl_Progress.obj
         .\fltk_debug\fl_read_image.obj
         .\fltk_debug\fl_rect.obj
         .\fltk_debug\Fl_Repeat_Button.obj
         .\fltk_debug\Fl_Return_Button.obj
         .\fltk_debug\Fl_Roller.obj
         .\fltk_debug\fl_round_box.obj
         .\fltk_debug\Fl_Round_Button.obj
         .\fltk_debug\fl_rounded_box.obj
         .\fltk_debug\Fl_Scroll.obj
         .\fltk_debug\fl_scroll_area.obj
         .\fltk_debug\Fl_Scrollbar.obj
         .\fltk_debug\fl_set_font.obj
         .\fltk_debug\fl_set_fonts.obj
         .\fltk_debug\fl_shadow_box.obj
         .\fltk_debug\Fl_Shared_Image.obj
         .\fltk_debug\fl_shortcut.obj
         .\fltk_debug\fl_show_colormap.obj
         .\fltk_debug\Fl_Single_Window.obj
         .\fltk_debug\Fl_Slider.obj
         .\fltk_debug\fl_symbols.obj
         .\fltk_debug\Fl_Table.obj
         .\fltk_debug\Fl_Table_Row.obj
         .\fltk_debug\Fl_Tabs.obj
         .\fltk_debug\Fl_Text_Buffer.obj
         .\fltk_debug\Fl_Text_Display.obj
         .\fltk_debug\Fl_Text_Editor.obj
         .\fltk_debug\Fl_Tile.obj
         .\fltk_debug\Fl_Tiled_Image.obj
         .\fltk_debug\Fl_Tooltip.obj
         .\fltk_debug\Fl_Tree.obj
         .\fltk_debug\Fl_Tree_Item.obj
         .\fltk_debug\Fl_Tree_Item_Array.obj
         .\fltk_debug\Fl_Tree_Prefs.obj
         .\fltk_debug\fl_utf.obj
         .\fltk_debug\fl_utf8.obj
         .\fltk_debug\Fl_Valuator.obj
         .\fltk_debug\Fl_Value_Input.obj
         .\fltk_debug\Fl_Value_Output.obj
         .\fltk_debug\Fl_Value_Slider.obj
         .\fltk_debug\fl_vertex.obj
         .\fltk_debug\Fl_visual.obj
         .\fltk_debug\Fl_Widget.obj
         .\fltk_debug\Fl_Window.obj
         .\fltk_debug\Fl_Window_fullscreen.obj
         .\fltk_debug\Fl_Window_hotspot.obj
         .\fltk_debug\Fl_Window_iconize.obj
         .\fltk_debug\Fl_Wizard.obj
         .\fltk_debug\Fl_x.obj
         .\fltk_debug\Fl_XBM_Image.obj
         .\fltk_debug\Fl_XPM_Image.obj
         .\fltk_debug\flstring.obj
         .\fltk_debug\is_right2left.obj
         .\fltk_debug\is_spacing.obj
         .\fltk_debug\numericsort.obj
         .\fltk_debug\ps_image.obj
         .\fltk_debug\scandir.obj
         .\fltk_debug\screen_xywh.obj
         .\fltk_debug\vsnprintf.obj
         fltk.lib.vcxproj -> E:\学习\USC\Books\MyBooks\520 Computer Animation and Simulation_Homework\HW2\XiaotingBi_HW2\fltk-1.3.2\ide\VisualC2010\..\..\lib\fltkd.lib
       BscMake:
         D:\Program Files (x86)\Microsoft Visual Studio 10.0\VC\bin\bscmake.exe /nologo /o"..\..\lib\fltkd.bsc" .\fltk_debug\case.sbr .\fltk_debug\filename_absolute.sbr .\fltk_debug\filename_expand.sbr .\fltk_debug\filename_ext.sbr .\fltk_debug\filename_isdir.sbr .\fltk_debug\filename_list.sbr .\fltk_debug\filename_match.sbr .\fltk_debug\filename_setext.sbr .\fltk_debug\Fl.sbr .\fltk_debug\Fl_abort.sbr .\fltk_debug\Fl_add_idle.sbr .\fltk_debug\Fl_Adjuster.sbr .\fltk_debug\fl_arc.sbr .\fltk_debug\fl_arci.sbr .\fltk_debug\Fl_arg.sbr .\fltk_debug\fl_ask.sbr .\fltk_debug\Fl_Bitmap.sbr .\fltk_debug\Fl_Box.sbr .\fltk_debug\fl_boxtype.sbr .\fltk_debug\Fl_Browser.sbr .\fltk_debug\Fl_Browser_.sbr .\fltk_debug\Fl_Browser_load.sbr .\fltk_debug\Fl_Button.sbr .\fltk_debug\Fl_Cairo.sbr .\fltk_debug\fl_call_main.sbr .\fltk_debug\Fl_Chart.sbr .\fltk_debug\Fl_Check_Browser.sbr .\fltk_debug\Fl_Check_Button.sbr .\fltk_debug\Fl_Choice.sbr .\fltk_debug\Fl_Clock.sbr .\fltk_debug\fl_color.sbr .\fltk_debug\Fl_Color_Chooser.sbr .\fltk_debug\Fl_compose.sbr .\fltk_debug\Fl_Counter.sbr .\fltk_debug\fl_cursor.sbr .\fltk_debug\fl_curve.sbr .\fltk_debug\Fl_Device.sbr .\fltk_debug\Fl_Dial.sbr .\fltk_debug\fl_diamond_box.sbr .\fltk_debug\Fl_display.sbr .\fltk_debug\fl_dnd.sbr .\fltk_debug\Fl_Double_Window.sbr .\fltk_debug\fl_draw.sbr .\fltk_debug\fl_draw_image.sbr .\fltk_debug\fl_draw_pixmap.sbr .\fltk_debug\fl_engraved_label.sbr .\fltk_debug\Fl_File_Browser.sbr .\fltk_debug\Fl_File_Chooser.sbr .\fltk_debug\Fl_File_Chooser2.sbr .\fltk_debug\fl_file_dir.sbr .\fltk_debug\Fl_File_Icon.sbr .\fltk_debug\Fl_File_Input.sbr .\fltk_debug\fl_font.sbr .\fltk_debug\Fl_get_key.sbr .\fltk_debug\Fl_get_system_colors.sbr .\fltk_debug\Fl_grab.sbr .\fltk_debug\Fl_Group.sbr .\fltk_debug\fl_gtk.sbr .\fltk_debug\Fl_Help_View.sbr .\fltk_debug\Fl_Image.sbr .\fltk_debug\Fl_Input.sbr .\fltk_debug\Fl_Input_.sbr .\fltk_debug\fl_labeltype.sbr .\fltk_debug\Fl_Light_Button.sbr .\fltk_debug\fl_line_style.sbr .\fltk_debug\Fl_lock.sbr .\fltk_debug\Fl_Menu.sbr .\fltk_debug\Fl_Menu_.sbr .\fltk_debug\Fl_Menu_add.sbr .\fltk_debug\Fl_Menu_Bar.sbr .\fltk_debug\Fl_Menu_Button.sbr .\fltk_debug\Fl_Menu_global.sbr .\fltk_debug\Fl_Menu_Window.sbr .\fltk_debug\Fl_Multi_Label.sbr .\fltk_debug\Fl_Native_File_Chooser.sbr .\fltk_debug\fl_open_uri.sbr .\fltk_debug\fl_oval_box.sbr .\fltk_debug\fl_overlay.sbr .\fltk_debug\fl_overlay_visual.sbr .\fltk_debug\Fl_Overlay_Window.sbr .\fltk_debug\Fl_own_colormap.sbr .\fltk_debug\Fl_Pack.sbr .\fltk_debug\Fl_Paged_Device.sbr .\fltk_debug\Fl_Pixmap.sbr .\fltk_debug\fl_plastic.sbr .\fltk_debug\Fl_Positioner.sbr .\fltk_debug\Fl_Preferences.sbr .\fltk_debug\Fl_Printer.sbr .\fltk_debug\Fl_Progress.sbr .\fltk_debug\fl_read_image.sbr .\fltk_debug\fl_rect.sbr .\fltk_debug\Fl_Repeat_Button.sbr .\fltk_debug\Fl_Return_Button.sbr .\fltk_debug\Fl_Roller.sbr .\fltk_debug\fl_round_box.sbr .\fltk_debug\Fl_Round_Button.sbr .\fltk_debug\fl_rounded_box.sbr .\fltk_debug\Fl_Scroll.sbr .\fltk_debug\fl_scroll_area.sbr .\fltk_debug\Fl_Scrollbar.sbr .\fltk_debug\fl_set_font.sbr .\fltk_debug\fl_set_fonts.sbr .\fltk_debug\fl_shadow_box.sbr .\fltk_debug\Fl_Shared_Image.sbr .\fltk_debug\fl_shortcut.sbr .\fltk_debug\fl_show_colormap.sbr .\fltk_debug\Fl_Single_Window.sbr .\fltk_debug\Fl_Slider.sbr .\fltk_debug\fl_symbols.sbr .\fltk_debug\Fl_Table.sbr .\fltk_debug\Fl_Table_Row.sbr .\fltk_debug\Fl_Tabs.sbr .\fltk_debug\Fl_Text_Buffer.sbr .\fltk_debug\Fl_Text_Display.sbr .\fltk_debug\Fl_Text_Editor.sbr .\fltk_debug\Fl_Tile.sbr .\fltk_debug\Fl_Tiled_Image.sbr .\fltk_debug\Fl_Tooltip.sbr .\fltk_debug\Fl_Tree.sbr .\fltk_debug\Fl_Tree_Item.sbr .\fltk_debug\Fl_Tree_Item_Array.sbr .\fltk_debug\Fl_Tree_Prefs.sbr .\fltk_debug\fl_utf.sbr .\fltk_debug\fl_utf8.sbr .\fltk_debug\Fl_Valuator.sbr .\fltk_debug\Fl_Value_Input.sbr .\fltk_debug\Fl_Value_Output.sbr .\fltk_debug\Fl_Value_Slider.sbr .\fltk_debug\fl_vertex.sbr .\fltk_debug\Fl_visual.sbr .\fltk_debug\Fl_Widget.sbr .\fltk_debug\Fl_Window.sbr .\fltk_debug\Fl_Window_fullscreen.sbr .\fltk_debug\Fl_Window_hotspot.sbr .\fltk_debug\Fl_Window_iconize.sbr .\fltk_debug\Fl_Wizard.sbr .\fltk_debug\Fl_x.sbr .\fltk_debug\Fl_XBM_Image.sbr .\fltk_debug\Fl_XPM_Image.sbr .\fltk_debug\flstring.sbr .\fltk_debug\is_right2left.sbr .\fltk_debug\is_spacing.sbr .\fltk_debug\numericsort.sbr .\fltk_debug\ps_image.sbr .\fltk_debug\scandir.sbr .\fltk_debug\screen_xywh.sbr .\fltk_debug\vsnprintf.sbr
       FinalizeBuildStatus:
         正在删除文件“.\fltk_debug\fltk.unsuccessfulbuild”。
         正在对“.\fltk_debug\fltk.lastbuildstate”执行 Touch 任务。
     1>已完成生成项目“E:\学习\USC\Books\MyBooks\520 Computer Animation and Simulation_Homework\HW2\XiaotingBi_HW2\fltk-1.3.2\ide\VisualC2010\fltk.lib.vcxproj”(build 个目标)的操作。

生成成功。

已用时间 00:01:24.63
