生成启动时间为 2015/4/2 12:45:24。
     1>项目“E:\学习\USC\Books\MyBooks\520 Computer Animation and Simulation_Homework\HW2\XiaotingBi_HW2\fltk-1.3.2\ide\VisualC2010\pixmap_browser.vcxproj”在节点 2 上(build 个目标)。
     1>InitializeBuildStatus:
         正在创建“.\pixmap_browser_debug\pixmap_browser.unsuccessfulbuild”，因为已指定“AlwaysCreate”。
       ClCompile:
         D:\Program Files (x86)\Microsoft Visual Studio 10.0\VC\bin\CL.exe /c /I. /I..\..\zlib /I..\..\png /I..\..\jpeg /I../.. /Zi /nologo /W1 /WX- /Od /Oy- /D _CRT_SECURE_NO_DEPRECATE /D WIN32 /D _DEBUG /D _WINDOWS /D WIN32_LEAN_AND_MEAN /D VC_EXTRA_LEAN /D WIN32_EXTRA_LEAN /D _VC80_UPGRADE=0x0710 /Gm- /EHsc /MDd /GS /fp:precise /Zc:wchar_t /Zc:forScope /Fo".\pixmap_browser_debug\\" /Fd".\pixmap_browser_debug\vc100.pdb" /Gd /TP /analyze- /errorReport:prompt ..\..\test\pixmap_browser.cxx
         pixmap_browser.cxx
       Link:
         D:\Program Files (x86)\Microsoft Visual Studio 10.0\VC\bin\link.exe /ERRORREPORT:PROMPT /OUT:"../../test/pixmap_browserd.exe" /INCREMENTAL:NO /NOLOGO /LIBPATH:..\..\lib comctl32.lib kernel32.lib user32.lib gdi32.lib winspool.lib comdlg32.lib advapi32.lib shell32.lib ole32.lib oleaut32.lib uuid.lib odbc32.lib odbccp32.lib /NODEFAULTLIB:libcmtd /MANIFEST /ManifestFile:".\pixmap_browser_debug\pixmap_browserd.exe.intermediate.manifest" /MANIFESTUAC:"level='asInvoker' uiAccess='false'" /DEBUG /PDB:".\pixmap_browser_debug\pixmap_browserd.pdb" /SUBSYSTEM:WINDOWS /TLBID:1 /DYNAMICBASE:NO /IMPLIB:"..\..\test\pixmap_browserd.lib" /MACHINE:X86 .\pixmap_browser_debug\pixmap_browser.obj
         "E:\学习\USC\Books\MyBooks\520 Computer Animation and Simulation_Homework\HW2\XiaotingBi_HW2\fltk-1.3.2\lib\fltkd.lib"
         "E:\学习\USC\Books\MyBooks\520 Computer Animation and Simulation_Homework\HW2\XiaotingBi_HW2\fltk-1.3.2\lib\fltkimagesd.lib"
         "E:\学习\USC\Books\MyBooks\520 Computer Animation and Simulation_Homework\HW2\XiaotingBi_HW2\fltk-1.3.2\lib\fltkjpegd.lib"
         "E:\学习\USC\Books\MyBooks\520 Computer Animation and Simulation_Homework\HW2\XiaotingBi_HW2\fltk-1.3.2\lib\fltkpngd.lib"
         "E:\学习\USC\Books\MyBooks\520 Computer Animation and Simulation_Homework\HW2\XiaotingBi_HW2\fltk-1.3.2\lib\fltkzlibd.lib"
         pixmap_browser.vcxproj -> E:\学习\USC\Books\MyBooks\520 Computer Animation and Simulation_Homework\HW2\XiaotingBi_HW2\fltk-1.3.2\ide\VisualC2010\..\..\test\pixmap_browserd.exe
       Manifest:
         C:\Program Files (x86)\Microsoft SDKs\Windows\v7.0A\bin\mt.exe /nologo /verbose /outputresource:"../../test/pixmap_browserd.exe;#1" /manifest .\pixmap_browser_debug\pixmap_browserd.exe.intermediate.manifest
       CopyFilesToOutputDirectory:
         正在将文件从“.\pixmap_browser_debug\pixmap_browserd.pdb”复制到“..\..\test\pixmap_browserd.pdb”。
       FinalizeBuildStatus:
         正在删除文件“.\pixmap_browser_debug\pixmap_browser.unsuccessfulbuild”。
         正在对“.\pixmap_browser_debug\pixmap_browser.lastbuildstate”执行 Touch 任务。
     1>已完成生成项目“E:\学习\USC\Books\MyBooks\520 Computer Animation and Simulation_Homework\HW2\XiaotingBi_HW2\fltk-1.3.2\ide\VisualC2010\pixmap_browser.vcxproj”(build 个目标)的操作。

生成成功。

已用时间 00:00:12.02
