生成启动时间为 2015/4/2 12:43:36。
     1>项目“E:\学习\USC\Books\MyBooks\520 Computer Animation and Simulation_Homework\HW2\XiaotingBi_HW2\fltk-1.3.2\ide\VisualC2010\fltkforms.vcxproj”在节点 5 上(build 个目标)。
     1>InitializeBuildStatus:
         正在创建“.\fltkforms_debug\fltkforms.unsuccessfulbuild”，因为已指定“AlwaysCreate”。
       ClCompile:
         D:\Program Files (x86)\Microsoft Visual Studio 10.0\VC\bin\CL.exe /c /I. /I..\..\zlib /I..\..\png /I..\..\jpeg /I../.. /Zi /nologo /W1 /WX- /Od /Oy- /D _CRT_SECURE_NO_DEPRECATE /D FL_LIBRARY /D WIN32 /D _DEBUG /D _WINDOWS /D WIN32_LEAN_AND_MEAN /D VC_EXTRA_LEAN /D WIN32_EXTRA_LEAN /D _VC80_UPGRADE=0x0710 /Gm- /EHsc /MDd /GS /fp:precise /Zc:wchar_t /Zc:forScope /Fo".\fltkforms_debug\\" /Fd".\fltkforms_debug\vc100.pdb" /FR".\fltkforms_debug\\" /Gd /TP /analyze- /errorReport:prompt ..\..\src\forms_bitmap.cxx ..\..\src\forms_compatability.cxx ..\..\src\forms_free.cxx ..\..\src\forms_fselect.cxx ..\..\src\forms_pixmap.cxx ..\..\src\forms_timer.cxx
         forms_bitmap.cxx
         forms_compatability.cxx
         forms_free.cxx
         forms_fselect.cxx
         forms_pixmap.cxx
         forms_timer.cxx
         正在生成代码...
       Lib:
         D:\Program Files (x86)\Microsoft Visual Studio 10.0\VC\bin\Lib.exe /OUT:"..\..\lib\fltkformsd.lib" /NOLOGO .\fltkforms_debug\forms_bitmap.obj
         .\fltkforms_debug\forms_compatability.obj
         .\fltkforms_debug\forms_free.obj
         .\fltkforms_debug\forms_fselect.obj
         .\fltkforms_debug\forms_pixmap.obj
         .\fltkforms_debug\forms_timer.obj
         fltkforms.vcxproj -> E:\学习\USC\Books\MyBooks\520 Computer Animation and Simulation_Homework\HW2\XiaotingBi_HW2\fltk-1.3.2\ide\VisualC2010\..\..\lib\fltkformsd.lib
       BscMake:
         D:\Program Files (x86)\Microsoft Visual Studio 10.0\VC\bin\bscmake.exe /nologo /o"..\..\lib\fltkformsd.bsc" .\fltkforms_debug\forms_bitmap.sbr .\fltkforms_debug\forms_compatability.sbr .\fltkforms_debug\forms_free.sbr .\fltkforms_debug\forms_fselect.sbr .\fltkforms_debug\forms_pixmap.sbr .\fltkforms_debug\forms_timer.sbr
       FinalizeBuildStatus:
         正在删除文件“.\fltkforms_debug\fltkforms.unsuccessfulbuild”。
         正在对“.\fltkforms_debug\fltkforms.lastbuildstate”执行 Touch 任务。
     1>已完成生成项目“E:\学习\USC\Books\MyBooks\520 Computer Animation and Simulation_Homework\HW2\XiaotingBi_HW2\fltk-1.3.2\ide\VisualC2010\fltkforms.vcxproj”(build 个目标)的操作。

生成成功。

已用时间 00:00:22.42
