生成启动时间为 2015/4/2 12:43:50。
     1>项目“E:\学习\USC\Books\MyBooks\520 Computer Animation and Simulation_Homework\HW2\XiaotingBi_HW2\fltk-1.3.2\ide\VisualC2010\libpng.vcxproj”在节点 5 上(build 个目标)。
     1>InitializeBuildStatus:
         正在创建“.\fltkpng_debug\fltkpng.unsuccessfulbuild”，因为已指定“AlwaysCreate”。
       ClCompile:
         D:\Program Files (x86)\Microsoft Visual Studio 10.0\VC\bin\CL.exe /c /I. /I..\..\zlib /I..\..\png /I..\..\jpeg /I../.. /Zi /nologo /W1 /WX- /Od /Oy- /D _CRT_SECURE_NO_DEPRECATE /D WIN32 /D _DEBUG /D _WINDOWS /D WIN32_LEAN_AND_MEAN /D VC_EXTRA_LEAN /D WIN32_EXTRA_LEAN /D _VC80_UPGRADE=0x0710 /Gm- /EHsc /MDd /GS /fp:precise /Zc:wchar_t /Zc:forScope /Fo".\fltkpng_debug\\" /Fd".\fltkpng_debug\vc100.pdb" /Gd /TC /analyze- /errorReport:prompt ..\..\png\png.c ..\..\png\pngerror.c ..\..\png\pngget.c ..\..\png\pngmem.c ..\..\png\pngpread.c ..\..\png\pngread.c ..\..\png\pngrio.c ..\..\png\pngrtran.c ..\..\png\pngrutil.c ..\..\png\pngset.c ..\..\png\pngtrans.c ..\..\png\pngwio.c ..\..\png\pngwrite.c ..\..\png\pngwtran.c ..\..\png\pngwutil.c
         png.c
         pngerror.c
         pngget.c
         pngmem.c
         pngpread.c
         pngread.c
         pngrio.c
         pngrtran.c
         pngrutil.c
         pngset.c
         pngtrans.c
         pngwio.c
         pngwrite.c
         pngwtran.c
         pngwutil.c
         正在生成代码...
       Lib:
         D:\Program Files (x86)\Microsoft Visual Studio 10.0\VC\bin\Lib.exe /OUT:"..\..\lib\fltkpngd.lib" /NOLOGO .\fltkpng_debug\png.obj
         .\fltkpng_debug\pngerror.obj
         .\fltkpng_debug\pngget.obj
         .\fltkpng_debug\pngmem.obj
         .\fltkpng_debug\pngpread.obj
         .\fltkpng_debug\pngread.obj
         .\fltkpng_debug\pngrio.obj
         .\fltkpng_debug\pngrtran.obj
         .\fltkpng_debug\pngrutil.obj
         .\fltkpng_debug\pngset.obj
         .\fltkpng_debug\pngtrans.obj
         .\fltkpng_debug\pngwio.obj
         .\fltkpng_debug\pngwrite.obj
         .\fltkpng_debug\pngwtran.obj
         .\fltkpng_debug\pngwutil.obj
         libpng.vcxproj -> E:\学习\USC\Books\MyBooks\520 Computer Animation and Simulation_Homework\HW2\XiaotingBi_HW2\fltk-1.3.2\ide\VisualC2010\..\..\lib\fltkpngd.lib
       FinalizeBuildStatus:
         正在删除文件“.\fltkpng_debug\fltkpng.unsuccessfulbuild”。
         正在对“.\fltkpng_debug\fltkpng.lastbuildstate”执行 Touch 任务。
     1>已完成生成项目“E:\学习\USC\Books\MyBooks\520 Computer Animation and Simulation_Homework\HW2\XiaotingBi_HW2\fltk-1.3.2\ide\VisualC2010\libpng.vcxproj”(build 个目标)的操作。

生成成功。

已用时间 00:00:08.68
