E:\学习\USC\Books\MyBooks\520 Computer Animation and Simulation_Homework\HW2\csci520-assignment2-startercode\IDE-starter\VS2010\mocapPlayer\Release\cl.command.1.tlog
E:\学习\USC\Books\MyBooks\520 Computer Animation and Simulation_Homework\HW2\csci520-assignment2-startercode\IDE-starter\VS2010\mocapPlayer\Release\CL.read.1.tlog
E:\学习\USC\Books\MyBooks\520 Computer Animation and Simulation_Homework\HW2\csci520-assignment2-startercode\IDE-starter\VS2010\mocapPlayer\Release\CL.write.1.tlog
E:\学习\USC\BOOKS\MYBOOKS\520 COMPUTER ANIMATION AND SIMULATION_HOMEWORK\HW2\CSCI520-ASSIGNMENT2-STARTERCODE\IDE-STARTER\VS2010\MOCAPPLAYER\RELEASE\DISPLAYSKELETON.OBJ
E:\学习\USC\BOOKS\MYBOOKS\520 COMPUTER ANIMATION AND SIMULATION_HOMEWORK\HW2\CSCI520-ASSIGNMENT2-STARTERCODE\IDE-STARTER\VS2010\MOCAPPLAYER\RELEASE\INTERFACE.OBJ
E:\学习\USC\Books\MyBooks\520 Computer Animation and Simulation_Homework\HW2\csci520-assignment2-startercode\IDE-starter\VS2010\mocapPlayer\Release\link.command.1.tlog
E:\学习\USC\Books\MyBooks\520 Computer Animation and Simulation_Homework\HW2\csci520-assignment2-startercode\IDE-starter\VS2010\mocapPlayer\Release\link.read.1.tlog
E:\学习\USC\Books\MyBooks\520 Computer Animation and Simulation_Homework\HW2\csci520-assignment2-startercode\IDE-starter\VS2010\mocapPlayer\Release\link.write.1.tlog
E:\学习\USC\BOOKS\MYBOOKS\520 COMPUTER ANIMATION AND SIMULATION_HOMEWORK\HW2\CSCI520-ASSIGNMENT2-STARTERCODE\IDE-STARTER\VS2010\MOCAPPLAYER\RELEASE\MOCAPPLAYER.OBJ
E:\学习\USC\Books\MyBooks\520 Computer Animation and Simulation_Homework\HW2\csci520-assignment2-startercode\IDE-starter\VS2010\mocapPlayer\Release\mocapPlayer.vcxprojResolveAssemblyReference.cache
E:\学习\USC\Books\MyBooks\520 Computer Animation and Simulation_Homework\HW2\csci520-assignment2-startercode\IDE-starter\VS2010\mocapPlayer\Release\mocapPlayer.write.1.tlog
E:\学习\USC\BOOKS\MYBOOKS\520 COMPUTER ANIMATION AND SIMULATION_HOMEWORK\HW2\CSCI520-ASSIGNMENT2-STARTERCODE\IDE-STARTER\VS2010\MOCAPPLAYER\RELEASE\MOTION.OBJ
E:\学习\USC\BOOKS\MYBOOKS\520 COMPUTER ANIMATION AND SIMULATION_HOMEWORK\HW2\CSCI520-ASSIGNMENT2-STARTERCODE\IDE-STARTER\VS2010\MOCAPPLAYER\RELEASE\PERFORMANCECOUNTER.OBJ
E:\学习\USC\BOOKS\MYBOOKS\520 COMPUTER ANIMATION AND SIMULATION_HOMEWORK\HW2\CSCI520-ASSIGNMENT2-STARTERCODE\IDE-STARTER\VS2010\MOCAPPLAYER\RELEASE\PIC.OBJ
E:\学习\USC\BOOKS\MYBOOKS\520 COMPUTER ANIMATION AND SIMULATION_HOMEWORK\HW2\CSCI520-ASSIGNMENT2-STARTERCODE\IDE-STARTER\VS2010\MOCAPPLAYER\RELEASE\POSTURE.OBJ
E:\学习\USC\BOOKS\MYBOOKS\520 COMPUTER ANIMATION AND SIMULATION_HOMEWORK\HW2\CSCI520-ASSIGNMENT2-STARTERCODE\IDE-STARTER\VS2010\MOCAPPLAYER\RELEASE\PPM.OBJ
E:\学习\USC\BOOKS\MYBOOKS\520 COMPUTER ANIMATION AND SIMULATION_HOMEWORK\HW2\CSCI520-ASSIGNMENT2-STARTERCODE\IDE-STARTER\VS2010\MOCAPPLAYER\RELEASE\QUATERNION.OBJ
E:\学习\USC\BOOKS\MYBOOKS\520 COMPUTER ANIMATION AND SIMULATION_HOMEWORK\HW2\CSCI520-ASSIGNMENT2-STARTERCODE\IDE-STARTER\VS2010\MOCAPPLAYER\RELEASE\SKELETON.OBJ
E:\学习\USC\BOOKS\MYBOOKS\520 COMPUTER ANIMATION AND SIMULATION_HOMEWORK\HW2\CSCI520-ASSIGNMENT2-STARTERCODE\IDE-STARTER\VS2010\MOCAPPLAYER\RELEASE\TRANSFORM.OBJ
E:\学习\USC\BOOKS\MYBOOKS\520 COMPUTER ANIMATION AND SIMULATION_HOMEWORK\HW2\CSCI520-ASSIGNMENT2-STARTERCODE\IDE-STARTER\VS2010\MOCAPPLAYER\RELEASE\VC100.PDB
E:\学习\USC\BOOKS\MYBOOKS\520 COMPUTER ANIMATION AND SIMULATION_HOMEWORK\HW2\CSCI520-ASSIGNMENT2-STARTERCODE\IDE-STARTER\VS2010\MOCAPPLAYER\RELEASE\VECTOR.OBJ
